[0.255s] DEBUG:colcon:Command line arguments: ['/usr/bin/colcon', 'build']
[0.255s] DEBUG:colcon:Parsed command line arguments: Namespace(allow_overriding=[], ament_cmake_args=None, base_paths=['.'], build_base='build', catkin_cmake_args=None, catkin_skip_building_tests=False, cmake_args=None, cmake_clean_cache=False, cmake_clean_first=False, cmake_force_configure=False, cmake_target=None, cmake_target_skip_unavailable=False, continue_on_error=False, event_handlers=None, executor='parallel', ignore_user_meta=False, install_base='install', log_base=None, log_level=None, main=<bound method BuildVerb.main of <colcon_core.verb.build.BuildVerb object at 0x7f17ad3e1970>>, merge_install=False, metas=['./colcon.meta'], packages_above=None, packages_above_and_dependencies=None, packages_above_depth=None, packages_end=None, packages_ignore=None, packages_ignore_regex=None, packages_select=None, packages_select_build_failed=False, packages_select_by_dep=None, packages_select_regex=None, packages_select_test_failures=False, packages_skip=None, packages_skip_build_finished=False, packages_skip_by_dep=None, packages_skip_regex=None, packages_skip_test_passed=False, packages_skip_up_to=None, packages_start=None, packages_up_to=None, packages_up_to_regex=None, parallel_workers=4, paths=None, symlink_install=False, test_result_base=None, verb_extension=<colcon_core.verb.build.BuildVerb object at 0x7f17ad3e1970>, verb_name='build', verb_parser=<colcon_defaults.argument_parser.defaults.DefaultArgumentsDecorator object at 0x7f17ad3e1ee0>)
[0.282s] Level 1:colcon.colcon_core.package_discovery:discover_packages(colcon_meta) check parameters
[0.282s] Level 1:colcon.colcon_core.package_discovery:discover_packages(recursive) check parameters
[0.282s] Level 1:colcon.colcon_core.package_discovery:discover_packages(ignore) check parameters
[0.283s] Level 1:colcon.colcon_core.package_discovery:discover_packages(path) check parameters
[0.283s] Level 1:colcon.colcon_core.package_discovery:discover_packages(colcon_meta) discover
[0.283s] Level 1:colcon.colcon_core.package_discovery:discover_packages(recursive) discover
[0.283s] INFO:colcon.colcon_core.package_discovery:Crawling recursively for packages in '/home/rocotics/DAT160_semester_oppgave'
[0.283s] Level 1:colcon.colcon_core.package_identification:_identify(.) by extensions ['ignore', 'ignore_ament_install']
[0.283s] Level 1:colcon.colcon_core.package_identification:_identify(.) by extension 'ignore'
[0.283s] Level 1:colcon.colcon_core.package_identification:_identify(.) by extension 'ignore_ament_install'
[0.283s] Level 1:colcon.colcon_core.package_identification:_identify(.) by extensions ['colcon_pkg']
[0.283s] Level 1:colcon.colcon_core.package_identification:_identify(.) by extension 'colcon_pkg'
[0.283s] Level 1:colcon.colcon_core.package_identification:_identify(.) by extensions ['colcon_meta']
[0.283s] Level 1:colcon.colcon_core.package_identification:_identify(.) by extension 'colcon_meta'
[0.283s] Level 1:colcon.colcon_core.package_identification:_identify(.) by extensions ['ros']
[0.283s] Level 1:colcon.colcon_core.package_identification:_identify(.) by extension 'ros'
[0.291s] Level 1:colcon.colcon_core.package_identification:_identify(.) by extensions ['cmake', 'python']
[0.291s] Level 1:colcon.colcon_core.package_identification:_identify(.) by extension 'cmake'
[0.291s] Level 1:colcon.colcon_core.package_identification:_identify(.) by extension 'python'
[0.291s] Level 1:colcon.colcon_core.package_identification:_identify(.) by extensions ['python_setup_py']
[0.291s] Level 1:colcon.colcon_core.package_identification:_identify(.) by extension 'python_setup_py'
[0.291s] Level 1:colcon.colcon_core.package_identification:_identify(bug2_interface) by extensions ['ignore', 'ignore_ament_install']
[0.292s] Level 1:colcon.colcon_core.package_identification:_identify(bug2_interface) by extension 'ignore'
[0.292s] Level 1:colcon.colcon_core.package_identification:_identify(bug2_interface) by extension 'ignore_ament_install'
[0.292s] Level 1:colcon.colcon_core.package_identification:_identify(bug2_interface) by extensions ['colcon_pkg']
[0.292s] Level 1:colcon.colcon_core.package_identification:_identify(bug2_interface) by extension 'colcon_pkg'
[0.292s] Level 1:colcon.colcon_core.package_identification:_identify(bug2_interface) by extensions ['colcon_meta']
[0.292s] Level 1:colcon.colcon_core.package_identification:_identify(bug2_interface) by extension 'colcon_meta'
[0.292s] Level 1:colcon.colcon_core.package_identification:_identify(bug2_interface) by extensions ['ros']
[0.292s] Level 1:colcon.colcon_core.package_identification:_identify(bug2_interface) by extension 'ros'
[0.294s] DEBUG:colcon.colcon_core.package_identification:Package 'bug2_interface' with type 'ros.ament_cmake' and name 'bug2_interface'
[0.294s] Level 1:colcon.colcon_core.package_identification:_identify(build) by extensions ['ignore', 'ignore_ament_install']
[0.294s] Level 1:colcon.colcon_core.package_identification:_identify(build) by extension 'ignore'
[0.294s] Level 1:colcon.colcon_core.package_identification:_identify(build) ignored
[0.294s] Level 1:colcon.colcon_core.package_identification:_identify(install) by extensions ['ignore', 'ignore_ament_install']
[0.294s] Level 1:colcon.colcon_core.package_identification:_identify(install) by extension 'ignore'
[0.294s] Level 1:colcon.colcon_core.package_identification:_identify(install) ignored
[0.294s] Level 1:colcon.colcon_core.package_identification:_identify(log) by extensions ['ignore', 'ignore_ament_install']
[0.294s] Level 1:colcon.colcon_core.package_identification:_identify(log) by extension 'ignore'
[0.294s] Level 1:colcon.colcon_core.package_identification:_identify(log) ignored
[0.294s] Level 1:colcon.colcon_core.package_identification:_identify(multi_robot_challenge_23) by extensions ['ignore', 'ignore_ament_install']
[0.294s] Level 1:colcon.colcon_core.package_identification:_identify(multi_robot_challenge_23) by extension 'ignore'
[0.294s] Level 1:colcon.colcon_core.package_identification:_identify(multi_robot_challenge_23) by extension 'ignore_ament_install'
[0.294s] Level 1:colcon.colcon_core.package_identification:_identify(multi_robot_challenge_23) by extensions ['colcon_pkg']
[0.295s] Level 1:colcon.colcon_core.package_identification:_identify(multi_robot_challenge_23) by extension 'colcon_pkg'
[0.295s] Level 1:colcon.colcon_core.package_identification:_identify(multi_robot_challenge_23) by extensions ['colcon_meta']
[0.295s] Level 1:colcon.colcon_core.package_identification:_identify(multi_robot_challenge_23) by extension 'colcon_meta'
[0.295s] Level 1:colcon.colcon_core.package_identification:_identify(multi_robot_challenge_23) by extensions ['ros']
[0.295s] Level 1:colcon.colcon_core.package_identification:_identify(multi_robot_challenge_23) by extension 'ros'
[0.295s] Level 1:colcon.colcon_core.package_identification:_identify(multi_robot_challenge_23) by extensions ['cmake', 'python']
[0.295s] Level 1:colcon.colcon_core.package_identification:_identify(multi_robot_challenge_23) by extension 'cmake'
[0.295s] Level 1:colcon.colcon_core.package_identification:_identify(multi_robot_challenge_23) by extension 'python'
[0.295s] Level 1:colcon.colcon_core.package_identification:_identify(multi_robot_challenge_23) by extensions ['python_setup_py']
[0.295s] Level 1:colcon.colcon_core.package_identification:_identify(multi_robot_challenge_23) by extension 'python_setup_py'
[0.295s] Level 1:colcon.colcon_core.package_identification:_identify(multi_robot_challenge_23/src) by extensions ['ignore', 'ignore_ament_install']
[0.295s] Level 1:colcon.colcon_core.package_identification:_identify(multi_robot_challenge_23/src) by extension 'ignore'
[0.295s] Level 1:colcon.colcon_core.package_identification:_identify(multi_robot_challenge_23/src) by extension 'ignore_ament_install'
[0.295s] Level 1:colcon.colcon_core.package_identification:_identify(multi_robot_challenge_23/src) by extensions ['colcon_pkg']
[0.295s] Level 1:colcon.colcon_core.package_identification:_identify(multi_robot_challenge_23/src) by extension 'colcon_pkg'
[0.295s] Level 1:colcon.colcon_core.package_identification:_identify(multi_robot_challenge_23/src) by extensions ['colcon_meta']
[0.295s] Level 1:colcon.colcon_core.package_identification:_identify(multi_robot_challenge_23/src) by extension 'colcon_meta'
[0.295s] Level 1:colcon.colcon_core.package_identification:_identify(multi_robot_challenge_23/src) by extensions ['ros']
[0.295s] Level 1:colcon.colcon_core.package_identification:_identify(multi_robot_challenge_23/src) by extension 'ros'
[0.296s] DEBUG:colcon.colcon_core.package_identification:Package 'multi_robot_challenge_23/src' with type 'ros.ament_python' and name 'multi_robot_challenge_23'
[0.296s] Level 1:colcon.colcon_core.package_discovery:discover_packages(recursive) using defaults
[0.296s] Level 1:colcon.colcon_core.package_discovery:discover_packages(ignore) discover
[0.296s] Level 1:colcon.colcon_core.package_discovery:discover_packages(ignore) using defaults
[0.296s] Level 1:colcon.colcon_core.package_discovery:discover_packages(path) discover
[0.296s] Level 1:colcon.colcon_core.package_discovery:discover_packages(path) using defaults
[0.313s] Level 1:colcon.colcon_core.package_discovery:discover_packages(prefix_path) check parameters
[0.313s] Level 1:colcon.colcon_core.package_discovery:discover_packages(prefix_path) discover
[0.317s] DEBUG:colcon.colcon_installed_package_information.package_discovery:Found 2 installed packages in /home/rocotics/DAT160_semester_oppgave/install
[0.318s] DEBUG:colcon.colcon_installed_package_information.package_discovery:Found 17 installed packages in /home/rocotics/ros2_ws/install
[0.321s] DEBUG:colcon.colcon_installed_package_information.package_discovery:Found 392 installed packages in /opt/ros/foxy
[0.322s] Level 1:colcon.colcon_core.package_discovery:discover_packages(prefix_path) using defaults
[0.385s] Level 5:colcon.colcon_core.verb:set package 'bug2_interface' build argument 'cmake_args' from command line to 'None'
[0.385s] Level 5:colcon.colcon_core.verb:set package 'bug2_interface' build argument 'cmake_target' from command line to 'None'
[0.385s] Level 5:colcon.colcon_core.verb:set package 'bug2_interface' build argument 'cmake_target_skip_unavailable' from command line to 'False'
[0.385s] Level 5:colcon.colcon_core.verb:set package 'bug2_interface' build argument 'cmake_clean_cache' from command line to 'False'
[0.385s] Level 5:colcon.colcon_core.verb:set package 'bug2_interface' build argument 'cmake_clean_first' from command line to 'False'
[0.385s] Level 5:colcon.colcon_core.verb:set package 'bug2_interface' build argument 'cmake_force_configure' from command line to 'False'
[0.385s] Level 5:colcon.colcon_core.verb:set package 'bug2_interface' build argument 'ament_cmake_args' from command line to 'None'
[0.385s] Level 5:colcon.colcon_core.verb:set package 'bug2_interface' build argument 'catkin_cmake_args' from command line to 'None'
[0.385s] Level 5:colcon.colcon_core.verb:set package 'bug2_interface' build argument 'catkin_skip_building_tests' from command line to 'False'
[0.385s] DEBUG:colcon.colcon_core.verb:Building package 'bug2_interface' with the following arguments: {'ament_cmake_args': None, 'build_base': '/home/rocotics/DAT160_semester_oppgave/build/bug2_interface', 'catkin_cmake_args': None, 'catkin_skip_building_tests': False, 'cmake_args': None, 'cmake_clean_cache': False, 'cmake_clean_first': False, 'cmake_force_configure': False, 'cmake_target': None, 'cmake_target_skip_unavailable': False, 'install_base': '/home/rocotics/DAT160_semester_oppgave/install/bug2_interface', 'merge_install': False, 'path': '/home/rocotics/DAT160_semester_oppgave/bug2_interface', 'symlink_install': False, 'test_result_base': None}
[0.386s] Level 5:colcon.colcon_core.verb:set package 'multi_robot_challenge_23' build argument 'cmake_args' from command line to 'None'
[0.386s] Level 5:colcon.colcon_core.verb:set package 'multi_robot_challenge_23' build argument 'cmake_target' from command line to 'None'
[0.386s] Level 5:colcon.colcon_core.verb:set package 'multi_robot_challenge_23' build argument 'cmake_target_skip_unavailable' from command line to 'False'
[0.386s] Level 5:colcon.colcon_core.verb:set package 'multi_robot_challenge_23' build argument 'cmake_clean_cache' from command line to 'False'
[0.386s] Level 5:colcon.colcon_core.verb:set package 'multi_robot_challenge_23' build argument 'cmake_clean_first' from command line to 'False'
[0.386s] Level 5:colcon.colcon_core.verb:set package 'multi_robot_challenge_23' build argument 'cmake_force_configure' from command line to 'False'
[0.386s] Level 5:colcon.colcon_core.verb:set package 'multi_robot_challenge_23' build argument 'ament_cmake_args' from command line to 'None'
[0.386s] Level 5:colcon.colcon_core.verb:set package 'multi_robot_challenge_23' build argument 'catkin_cmake_args' from command line to 'None'
[0.386s] Level 5:colcon.colcon_core.verb:set package 'multi_robot_challenge_23' build argument 'catkin_skip_building_tests' from command line to 'False'
[0.386s] DEBUG:colcon.colcon_core.verb:Building package 'multi_robot_challenge_23' with the following arguments: {'ament_cmake_args': None, 'build_base': '/home/rocotics/DAT160_semester_oppgave/build/multi_robot_challenge_23', 'catkin_cmake_args': None, 'catkin_skip_building_tests': False, 'cmake_args': None, 'cmake_clean_cache': False, 'cmake_clean_first': False, 'cmake_force_configure': False, 'cmake_target': None, 'cmake_target_skip_unavailable': False, 'install_base': '/home/rocotics/DAT160_semester_oppgave/install/multi_robot_challenge_23', 'merge_install': False, 'path': '/home/rocotics/DAT160_semester_oppgave/multi_robot_challenge_23/src', 'symlink_install': False, 'test_result_base': None}
[0.387s] INFO:colcon.colcon_core.executor:Executing jobs using 'parallel' executor
[0.390s] DEBUG:colcon.colcon_parallel_executor.executor.parallel:run_until_complete
[0.390s] INFO:colcon.colcon_ros.task.ament_cmake.build:Building ROS package in '/home/rocotics/DAT160_semester_oppgave/bug2_interface' with build type 'ament_cmake'
[0.391s] INFO:colcon.colcon_cmake.task.cmake.build:Building CMake package in '/home/rocotics/DAT160_semester_oppgave/bug2_interface'
[0.395s] INFO:colcon.colcon_core.plugin_system:Skipping extension 'colcon_core.shell.bat': Not used on non-Windows systems
[0.395s] INFO:colcon.colcon_core.shell:Skip shell extension 'powershell' for command environment: Not usable outside of PowerShell
[0.395s] DEBUG:colcon.colcon_core.shell:Skip shell extension 'dsv' for command environment
[0.406s] INFO:colcon.colcon_ros.task.ament_python.build:Building ROS package in '/home/rocotics/DAT160_semester_oppgave/multi_robot_challenge_23/src' with build type 'ament_python'
[0.407s] Level 1:colcon.colcon_core.shell:create_environment_hook('multi_robot_challenge_23', 'ament_prefix_path')
[0.409s] INFO:colcon.colcon_core.shell:Creating environment hook '/home/rocotics/DAT160_semester_oppgave/install/multi_robot_challenge_23/share/multi_robot_challenge_23/hook/ament_prefix_path.ps1'
[0.411s] INFO:colcon.colcon_core.shell:Creating environment descriptor '/home/rocotics/DAT160_semester_oppgave/install/multi_robot_challenge_23/share/multi_robot_challenge_23/hook/ament_prefix_path.dsv'
[0.412s] INFO:colcon.colcon_core.shell:Creating environment hook '/home/rocotics/DAT160_semester_oppgave/install/multi_robot_challenge_23/share/multi_robot_challenge_23/hook/ament_prefix_path.sh'
[0.414s] INFO:colcon.colcon_core.shell:Skip shell extension 'powershell' for command environment: Not usable outside of PowerShell
[0.414s] DEBUG:colcon.colcon_core.shell:Skip shell extension 'dsv' for command environment
[0.430s] DEBUG:colcon.colcon_core.event_handler.log_command:Invoking command in '/home/rocotics/DAT160_semester_oppgave/build/bug2_interface': CMAKE_PREFIX_PATH=${CMAKE_PREFIX_PATH}:/home/rocotics/DAT160_semester_oppgave/install/multi_robot_challenge_23:/home/rocotics/ros2_ws/install/ros2_aruco:/home/rocotics/ros2_ws/install/robot_vision:/home/rocotics/ros2_ws/install/robot_ml:/home/rocotics/ros2_ws/install/my_robot_pkg:/home/rocotics/ros2_ws/install/my_package:/home/rocotics/ros2_ws/install/bug2_navigation:/home/rocotics/ros2_ws/install/braitenberg_vehicle:/opt/ros/foxy /usr/bin/cmake --build /home/rocotics/DAT160_semester_oppgave/build/bug2_interface -- -j4 -l4
[0.657s] INFO:colcon.colcon_core.task.python.build:Building Python package in '/home/rocotics/DAT160_semester_oppgave/multi_robot_challenge_23/src'
[0.660s] INFO:colcon.colcon_core.shell:Skip shell extension 'powershell' for command environment: Not usable outside of PowerShell
[0.660s] DEBUG:colcon.colcon_core.shell:Skip shell extension 'dsv' for command environment
[0.817s] DEBUG:colcon.colcon_core.event_handler.log_command:Invoked command in '/home/rocotics/DAT160_semester_oppgave/build/bug2_interface' returned '0': CMAKE_PREFIX_PATH=${CMAKE_PREFIX_PATH}:/home/rocotics/DAT160_semester_oppgave/install/multi_robot_challenge_23:/home/rocotics/ros2_ws/install/ros2_aruco:/home/rocotics/ros2_ws/install/robot_vision:/home/rocotics/ros2_ws/install/robot_ml:/home/rocotics/ros2_ws/install/my_robot_pkg:/home/rocotics/ros2_ws/install/my_package:/home/rocotics/ros2_ws/install/bug2_navigation:/home/rocotics/ros2_ws/install/braitenberg_vehicle:/opt/ros/foxy /usr/bin/cmake --build /home/rocotics/DAT160_semester_oppgave/build/bug2_interface -- -j4 -l4
[0.898s] DEBUG:colcon.colcon_core.event_handler.log_command:Invoking command in '/home/rocotics/DAT160_semester_oppgave/build/bug2_interface': CMAKE_PREFIX_PATH=${CMAKE_PREFIX_PATH}:/home/rocotics/DAT160_semester_oppgave/install/multi_robot_challenge_23:/home/rocotics/ros2_ws/install/ros2_aruco:/home/rocotics/ros2_ws/install/robot_vision:/home/rocotics/ros2_ws/install/robot_ml:/home/rocotics/ros2_ws/install/my_robot_pkg:/home/rocotics/ros2_ws/install/my_package:/home/rocotics/ros2_ws/install/bug2_navigation:/home/rocotics/ros2_ws/install/braitenberg_vehicle:/opt/ros/foxy /usr/bin/cmake --install /home/rocotics/DAT160_semester_oppgave/build/bug2_interface
[0.983s] Level 1:colcon.colcon_core.environment:create_environment_scripts_only(bug2_interface)
[0.984s] DEBUG:colcon.colcon_core.event_handler.log_command:Invoked command in '/home/rocotics/DAT160_semester_oppgave/build/bug2_interface' returned '0': CMAKE_PREFIX_PATH=${CMAKE_PREFIX_PATH}:/home/rocotics/DAT160_semester_oppgave/install/multi_robot_challenge_23:/home/rocotics/ros2_ws/install/ros2_aruco:/home/rocotics/ros2_ws/install/robot_vision:/home/rocotics/ros2_ws/install/robot_ml:/home/rocotics/ros2_ws/install/my_robot_pkg:/home/rocotics/ros2_ws/install/my_package:/home/rocotics/ros2_ws/install/bug2_navigation:/home/rocotics/ros2_ws/install/braitenberg_vehicle:/opt/ros/foxy /usr/bin/cmake --install /home/rocotics/DAT160_semester_oppgave/build/bug2_interface
[0.989s] Level 1:colcon.colcon_core.environment:checking '/home/rocotics/DAT160_semester_oppgave/install/bug2_interface' for CMake module files
[0.990s] Level 1:colcon.colcon_core.environment:checking '/home/rocotics/DAT160_semester_oppgave/install/bug2_interface' for CMake config files
[0.991s] Level 1:colcon.colcon_core.shell:create_environment_hook('bug2_interface', 'cmake_prefix_path')
[0.992s] INFO:colcon.colcon_core.shell:Creating environment hook '/home/rocotics/DAT160_semester_oppgave/install/bug2_interface/share/bug2_interface/hook/cmake_prefix_path.ps1'
[0.993s] INFO:colcon.colcon_core.shell:Creating environment descriptor '/home/rocotics/DAT160_semester_oppgave/install/bug2_interface/share/bug2_interface/hook/cmake_prefix_path.dsv'
[0.994s] INFO:colcon.colcon_core.shell:Creating environment hook '/home/rocotics/DAT160_semester_oppgave/install/bug2_interface/share/bug2_interface/hook/cmake_prefix_path.sh'
[0.994s] Level 1:colcon.colcon_core.environment:checking '/home/rocotics/DAT160_semester_oppgave/install/bug2_interface/lib'
[0.994s] Level 1:colcon.colcon_core.shell:create_environment_hook('bug2_interface', 'ld_library_path_lib')
[0.996s] INFO:colcon.colcon_core.shell:Creating environment hook '/home/rocotics/DAT160_semester_oppgave/install/bug2_interface/share/bug2_interface/hook/ld_library_path_lib.ps1'
[0.996s] INFO:colcon.colcon_core.shell:Creating environment descriptor '/home/rocotics/DAT160_semester_oppgave/install/bug2_interface/share/bug2_interface/hook/ld_library_path_lib.dsv'
[0.997s] INFO:colcon.colcon_core.shell:Creating environment hook '/home/rocotics/DAT160_semester_oppgave/install/bug2_interface/share/bug2_interface/hook/ld_library_path_lib.sh'
[0.997s] Level 1:colcon.colcon_core.environment:checking '/home/rocotics/DAT160_semester_oppgave/install/bug2_interface/bin'
[0.997s] Level 1:colcon.colcon_core.environment:checking '/home/rocotics/DAT160_semester_oppgave/install/bug2_interface/lib/pkgconfig/bug2_interface.pc'
[0.997s] Level 1:colcon.colcon_core.environment:checking '/home/rocotics/DAT160_semester_oppgave/install/bug2_interface/lib/python3.8/site-packages'
[0.997s] Level 1:colcon.colcon_core.shell:create_environment_hook('bug2_interface', 'pythonpath')
[0.999s] INFO:colcon.colcon_core.shell:Creating environment hook '/home/rocotics/DAT160_semester_oppgave/install/bug2_interface/share/bug2_interface/hook/pythonpath.ps1'
[0.999s] INFO:colcon.colcon_core.shell:Creating environment descriptor '/home/rocotics/DAT160_semester_oppgave/install/bug2_interface/share/bug2_interface/hook/pythonpath.dsv'
[0.999s] INFO:colcon.colcon_core.shell:Creating environment hook '/home/rocotics/DAT160_semester_oppgave/install/bug2_interface/share/bug2_interface/hook/pythonpath.sh'
[1.000s] Level 1:colcon.colcon_core.environment:checking '/home/rocotics/DAT160_semester_oppgave/install/bug2_interface/bin'
[1.001s] INFO:colcon.colcon_core.shell:Creating package script '/home/rocotics/DAT160_semester_oppgave/install/bug2_interface/share/bug2_interface/package.ps1'
[1.006s] INFO:colcon.colcon_core.shell:Creating package descriptor '/home/rocotics/DAT160_semester_oppgave/install/bug2_interface/share/bug2_interface/package.dsv'
[1.007s] INFO:colcon.colcon_core.shell:Creating package script '/home/rocotics/DAT160_semester_oppgave/install/bug2_interface/share/bug2_interface/package.sh'
[1.008s] INFO:colcon.colcon_core.shell:Creating package script '/home/rocotics/DAT160_semester_oppgave/install/bug2_interface/share/bug2_interface/package.bash'
[1.008s] INFO:colcon.colcon_core.shell:Creating package script '/home/rocotics/DAT160_semester_oppgave/install/bug2_interface/share/bug2_interface/package.zsh'
[1.009s] Level 1:colcon.colcon_core.environment:create_file_with_runtime_dependencies(/home/rocotics/DAT160_semester_oppgave/install/bug2_interface/share/colcon-core/packages/bug2_interface)
[1.039s] DEBUG:colcon.colcon_core.event_handler.log_command:Invoking command in '/home/rocotics/DAT160_semester_oppgave/build/multi_robot_challenge_23': PYTHONPATH=/home/rocotics/DAT160_semester_oppgave/build/multi_robot_challenge_23/prefix_override:/home/rocotics/DAT160_semester_oppgave/install/multi_robot_challenge_23/lib/python3.8/site-packages:${PYTHONPATH} /usr/bin/python3 setup.py develop --uninstall --editable --build-directory /home/rocotics/DAT160_semester_oppgave/build/multi_robot_challenge_23/build
[1.077s] Level 1:colcon.colcon_core.environment:create_environment_scripts_only(bug2_interface)
[1.079s] Level 1:colcon.colcon_core.environment:checking '/home/rocotics/DAT160_semester_oppgave/install/bug2_interface' for CMake module files
[1.080s] Level 1:colcon.colcon_core.environment:checking '/home/rocotics/DAT160_semester_oppgave/install/bug2_interface' for CMake config files
[1.081s] Level 1:colcon.colcon_core.shell:create_environment_hook('bug2_interface', 'cmake_prefix_path')
[1.082s] INFO:colcon.colcon_core.shell:Creating environment hook '/home/rocotics/DAT160_semester_oppgave/install/bug2_interface/share/bug2_interface/hook/cmake_prefix_path.ps1'
[1.083s] INFO:colcon.colcon_core.shell:Creating environment descriptor '/home/rocotics/DAT160_semester_oppgave/install/bug2_interface/share/bug2_interface/hook/cmake_prefix_path.dsv'
[1.083s] INFO:colcon.colcon_core.shell:Creating environment hook '/home/rocotics/DAT160_semester_oppgave/install/bug2_interface/share/bug2_interface/hook/cmake_prefix_path.sh'
[1.084s] Level 1:colcon.colcon_core.environment:checking '/home/rocotics/DAT160_semester_oppgave/install/bug2_interface/lib'
[1.084s] Level 1:colcon.colcon_core.shell:create_environment_hook('bug2_interface', 'ld_library_path_lib')
[1.085s] INFO:colcon.colcon_core.shell:Creating environment hook '/home/rocotics/DAT160_semester_oppgave/install/bug2_interface/share/bug2_interface/hook/ld_library_path_lib.ps1'
[1.085s] INFO:colcon.colcon_core.shell:Creating environment descriptor '/home/rocotics/DAT160_semester_oppgave/install/bug2_interface/share/bug2_interface/hook/ld_library_path_lib.dsv'
[1.086s] INFO:colcon.colcon_core.shell:Creating environment hook '/home/rocotics/DAT160_semester_oppgave/install/bug2_interface/share/bug2_interface/hook/ld_library_path_lib.sh'
[1.086s] Level 1:colcon.colcon_core.environment:checking '/home/rocotics/DAT160_semester_oppgave/install/bug2_interface/bin'
[1.086s] Level 1:colcon.colcon_core.environment:checking '/home/rocotics/DAT160_semester_oppgave/install/bug2_interface/lib/pkgconfig/bug2_interface.pc'
[1.087s] Level 1:colcon.colcon_core.environment:checking '/home/rocotics/DAT160_semester_oppgave/install/bug2_interface/lib/python3.8/site-packages'
[1.087s] Level 1:colcon.colcon_core.shell:create_environment_hook('bug2_interface', 'pythonpath')
[1.088s] INFO:colcon.colcon_core.shell:Creating environment hook '/home/rocotics/DAT160_semester_oppgave/install/bug2_interface/share/bug2_interface/hook/pythonpath.ps1'
[1.088s] INFO:colcon.colcon_core.shell:Creating environment descriptor '/home/rocotics/DAT160_semester_oppgave/install/bug2_interface/share/bug2_interface/hook/pythonpath.dsv'
[1.089s] INFO:colcon.colcon_core.shell:Creating environment hook '/home/rocotics/DAT160_semester_oppgave/install/bug2_interface/share/bug2_interface/hook/pythonpath.sh'
[1.089s] Level 1:colcon.colcon_core.environment:checking '/home/rocotics/DAT160_semester_oppgave/install/bug2_interface/bin'
[1.091s] INFO:colcon.colcon_core.shell:Creating package script '/home/rocotics/DAT160_semester_oppgave/install/bug2_interface/share/bug2_interface/package.ps1'
[1.091s] INFO:colcon.colcon_core.shell:Creating package descriptor '/home/rocotics/DAT160_semester_oppgave/install/bug2_interface/share/bug2_interface/package.dsv'
[1.092s] INFO:colcon.colcon_core.shell:Creating package script '/home/rocotics/DAT160_semester_oppgave/install/bug2_interface/share/bug2_interface/package.sh'
[1.092s] INFO:colcon.colcon_core.shell:Creating package script '/home/rocotics/DAT160_semester_oppgave/install/bug2_interface/share/bug2_interface/package.bash'
[1.093s] INFO:colcon.colcon_core.shell:Creating package script '/home/rocotics/DAT160_semester_oppgave/install/bug2_interface/share/bug2_interface/package.zsh'
[1.093s] Level 1:colcon.colcon_core.environment:create_file_with_runtime_dependencies(/home/rocotics/DAT160_semester_oppgave/install/bug2_interface/share/colcon-core/packages/bug2_interface)
[1.391s] DEBUG:colcon.colcon_core.event_handler.log_command:Invoked command in '/home/rocotics/DAT160_semester_oppgave/build/multi_robot_challenge_23' returned '0': PYTHONPATH=/home/rocotics/DAT160_semester_oppgave/build/multi_robot_challenge_23/prefix_override:/home/rocotics/DAT160_semester_oppgave/install/multi_robot_challenge_23/lib/python3.8/site-packages:${PYTHONPATH} /usr/bin/python3 setup.py develop --uninstall --editable --build-directory /home/rocotics/DAT160_semester_oppgave/build/multi_robot_challenge_23/build
[1.393s] DEBUG:colcon.colcon_core.event_handler.log_command:Invoking command in '/home/rocotics/DAT160_semester_oppgave/multi_robot_challenge_23/src': PYTHONPATH=/home/rocotics/DAT160_semester_oppgave/build/multi_robot_challenge_23/prefix_override:/home/rocotics/DAT160_semester_oppgave/install/multi_robot_challenge_23/lib/python3.8/site-packages:${PYTHONPATH} /usr/bin/python3 setup.py egg_info --egg-base ../../build/multi_robot_challenge_23 build --build-base /home/rocotics/DAT160_semester_oppgave/build/multi_robot_challenge_23/build install --record /home/rocotics/DAT160_semester_oppgave/build/multi_robot_challenge_23/install.log --install-scripts $base/lib/multi_robot_challenge_23 --single-version-externally-managed
[1.650s] Level 1:colcon.colcon_core.environment:checking '/home/rocotics/DAT160_semester_oppgave/install/multi_robot_challenge_23' for CMake module files
[1.650s] DEBUG:colcon.colcon_core.event_handler.log_command:Invoked command in '/home/rocotics/DAT160_semester_oppgave/multi_robot_challenge_23/src' returned '0': PYTHONPATH=/home/rocotics/DAT160_semester_oppgave/build/multi_robot_challenge_23/prefix_override:/home/rocotics/DAT160_semester_oppgave/install/multi_robot_challenge_23/lib/python3.8/site-packages:${PYTHONPATH} /usr/bin/python3 setup.py egg_info --egg-base ../../build/multi_robot_challenge_23 build --build-base /home/rocotics/DAT160_semester_oppgave/build/multi_robot_challenge_23/build install --record /home/rocotics/DAT160_semester_oppgave/build/multi_robot_challenge_23/install.log --install-scripts $base/lib/multi_robot_challenge_23 --single-version-externally-managed
[1.651s] Level 1:colcon.colcon_core.environment:checking '/home/rocotics/DAT160_semester_oppgave/install/multi_robot_challenge_23' for CMake config files
[1.652s] Level 1:colcon.colcon_core.environment:checking '/home/rocotics/DAT160_semester_oppgave/install/multi_robot_challenge_23/lib'
[1.652s] Level 1:colcon.colcon_core.environment:checking '/home/rocotics/DAT160_semester_oppgave/install/multi_robot_challenge_23/bin'
[1.652s] Level 1:colcon.colcon_core.environment:checking '/home/rocotics/DAT160_semester_oppgave/install/multi_robot_challenge_23/lib/pkgconfig/multi_robot_challenge_23.pc'
[1.652s] Level 1:colcon.colcon_core.environment:checking '/home/rocotics/DAT160_semester_oppgave/install/multi_robot_challenge_23/lib/python3.8/site-packages'
[1.652s] Level 1:colcon.colcon_core.shell:create_environment_hook('multi_robot_challenge_23', 'pythonpath')
[1.654s] INFO:colcon.colcon_core.shell:Creating environment hook '/home/rocotics/DAT160_semester_oppgave/install/multi_robot_challenge_23/share/multi_robot_challenge_23/hook/pythonpath.ps1'
[1.654s] INFO:colcon.colcon_core.shell:Creating environment descriptor '/home/rocotics/DAT160_semester_oppgave/install/multi_robot_challenge_23/share/multi_robot_challenge_23/hook/pythonpath.dsv'
[1.655s] INFO:colcon.colcon_core.shell:Creating environment hook '/home/rocotics/DAT160_semester_oppgave/install/multi_robot_challenge_23/share/multi_robot_challenge_23/hook/pythonpath.sh'
[1.655s] Level 1:colcon.colcon_core.environment:checking '/home/rocotics/DAT160_semester_oppgave/install/multi_robot_challenge_23/bin'
[1.655s] Level 1:colcon.colcon_core.environment:create_environment_scripts_only(multi_robot_challenge_23)
[1.657s] INFO:colcon.colcon_core.shell:Creating package script '/home/rocotics/DAT160_semester_oppgave/install/multi_robot_challenge_23/share/multi_robot_challenge_23/package.ps1'
[1.657s] INFO:colcon.colcon_core.shell:Creating package descriptor '/home/rocotics/DAT160_semester_oppgave/install/multi_robot_challenge_23/share/multi_robot_challenge_23/package.dsv'
[1.658s] INFO:colcon.colcon_core.shell:Creating package script '/home/rocotics/DAT160_semester_oppgave/install/multi_robot_challenge_23/share/multi_robot_challenge_23/package.sh'
[1.658s] INFO:colcon.colcon_core.shell:Creating package script '/home/rocotics/DAT160_semester_oppgave/install/multi_robot_challenge_23/share/multi_robot_challenge_23/package.bash'
[1.658s] INFO:colcon.colcon_core.shell:Creating package script '/home/rocotics/DAT160_semester_oppgave/install/multi_robot_challenge_23/share/multi_robot_challenge_23/package.zsh'
[1.659s] Level 1:colcon.colcon_core.environment:create_file_with_runtime_dependencies(/home/rocotics/DAT160_semester_oppgave/install/multi_robot_challenge_23/share/colcon-core/packages/multi_robot_challenge_23)
[1.659s] DEBUG:colcon.colcon_parallel_executor.executor.parallel:closing loop
[1.660s] DEBUG:colcon.colcon_parallel_executor.executor.parallel:loop closed
[1.660s] DEBUG:colcon.colcon_parallel_executor.executor.parallel:run_until_complete finished with '0'
[1.660s] DEBUG:colcon.colcon_core.event_reactor:joining thread
[1.667s] INFO:colcon.colcon_core.plugin_system:Skipping extension 'colcon_notification.desktop_notification.terminal_notifier': Not used on non-Darwin systems
[1.667s] INFO:colcon.colcon_core.plugin_system:Skipping extension 'colcon_notification.desktop_notification.win32': Not used on non-Windows systems
[1.667s] INFO:colcon.colcon_notification.desktop_notification:Sending desktop notification using 'notify2'
[1.688s] DEBUG:colcon.colcon_core.event_reactor:joined thread
[1.690s] INFO:colcon.colcon_core.shell:Creating prefix script '/home/rocotics/DAT160_semester_oppgave/install/local_setup.ps1'
[1.691s] INFO:colcon.colcon_core.shell:Creating prefix util module '/home/rocotics/DAT160_semester_oppgave/install/_local_setup_util_ps1.py'
[1.692s] INFO:colcon.colcon_core.shell:Creating prefix chain script '/home/rocotics/DAT160_semester_oppgave/install/setup.ps1'
[1.694s] INFO:colcon.colcon_core.shell:Creating prefix script '/home/rocotics/DAT160_semester_oppgave/install/local_setup.sh'
[1.695s] INFO:colcon.colcon_core.shell:Creating prefix util module '/home/rocotics/DAT160_semester_oppgave/install/_local_setup_util_sh.py'
[1.695s] INFO:colcon.colcon_core.shell:Creating prefix chain script '/home/rocotics/DAT160_semester_oppgave/install/setup.sh'
[1.697s] INFO:colcon.colcon_core.shell:Creating prefix script '/home/rocotics/DAT160_semester_oppgave/install/local_setup.bash'
[1.697s] INFO:colcon.colcon_core.shell:Creating prefix chain script '/home/rocotics/DAT160_semester_oppgave/install/setup.bash'
[1.700s] INFO:colcon.colcon_core.shell:Creating prefix script '/home/rocotics/DAT160_semester_oppgave/install/local_setup.zsh'
[1.700s] INFO:colcon.colcon_core.shell:Creating prefix chain script '/home/rocotics/DAT160_semester_oppgave/install/setup.zsh'
