[0.453s] DEBUG:colcon:Command line arguments: ['/usr/bin/colcon', 'build']
[0.453s] DEBUG:colcon:Parsed command line arguments: Namespace(allow_overriding=[], ament_cmake_args=None, base_paths=['.'], build_base='build', catkin_cmake_args=None, catkin_skip_building_tests=False, cmake_args=None, cmake_clean_cache=False, cmake_clean_first=False, cmake_force_configure=False, cmake_target=None, cmake_target_skip_unavailable=False, continue_on_error=False, event_handlers=None, executor='parallel', ignore_user_meta=False, install_base='install', log_base=None, log_level=None, main=<bound method BuildVerb.main of <colcon_core.verb.build.BuildVerb object at 0x7f8df6b0c0d0>>, merge_install=False, metas=['./colcon.meta'], packages_above=None, packages_above_and_dependencies=None, packages_above_depth=None, packages_end=None, packages_ignore=None, packages_ignore_regex=None, packages_select=None, packages_select_build_failed=False, packages_select_by_dep=None, packages_select_regex=None, packages_select_test_failures=False, packages_skip=None, packages_skip_build_finished=False, packages_skip_by_dep=None, packages_skip_regex=None, packages_skip_test_passed=False, packages_skip_up_to=None, packages_start=None, packages_up_to=None, packages_up_to_regex=None, parallel_workers=4, paths=None, symlink_install=False, test_result_base=None, verb_extension=<colcon_core.verb.build.BuildVerb object at 0x7f8df6b0c0d0>, verb_name='build', verb_parser=<colcon_defaults.argument_parser.defaults.DefaultArgumentsDecorator object at 0x7f8df6b0c610>)
[0.502s] Level 1:colcon.colcon_core.package_discovery:discover_packages(colcon_meta) check parameters
[0.503s] Level 1:colcon.colcon_core.package_discovery:discover_packages(recursive) check parameters
[0.503s] Level 1:colcon.colcon_core.package_discovery:discover_packages(ignore) check parameters
[0.503s] Level 1:colcon.colcon_core.package_discovery:discover_packages(path) check parameters
[0.503s] Level 1:colcon.colcon_core.package_discovery:discover_packages(colcon_meta) discover
[0.503s] Level 1:colcon.colcon_core.package_discovery:discover_packages(recursive) discover
[0.503s] INFO:colcon.colcon_core.package_discovery:Crawling recursively for packages in '/home/rocotics/DAT160_semester_oppgave'
[0.503s] Level 1:colcon.colcon_core.package_identification:_identify(.) by extensions ['ignore', 'ignore_ament_install']
[0.503s] Level 1:colcon.colcon_core.package_identification:_identify(.) by extension 'ignore'
[0.503s] Level 1:colcon.colcon_core.package_identification:_identify(.) by extension 'ignore_ament_install'
[0.503s] Level 1:colcon.colcon_core.package_identification:_identify(.) by extensions ['colcon_pkg']
[0.504s] Level 1:colcon.colcon_core.package_identification:_identify(.) by extension 'colcon_pkg'
[0.504s] Level 1:colcon.colcon_core.package_identification:_identify(.) by extensions ['colcon_meta']
[0.504s] Level 1:colcon.colcon_core.package_identification:_identify(.) by extension 'colcon_meta'
[0.504s] Level 1:colcon.colcon_core.package_identification:_identify(.) by extensions ['ros']
[0.504s] Level 1:colcon.colcon_core.package_identification:_identify(.) by extension 'ros'
[0.518s] Level 1:colcon.colcon_core.package_identification:_identify(.) by extensions ['cmake', 'python']
[0.518s] Level 1:colcon.colcon_core.package_identification:_identify(.) by extension 'cmake'
[0.518s] Level 1:colcon.colcon_core.package_identification:_identify(.) by extension 'python'
[0.518s] Level 1:colcon.colcon_core.package_identification:_identify(.) by extensions ['python_setup_py']
[0.518s] Level 1:colcon.colcon_core.package_identification:_identify(.) by extension 'python_setup_py'
[0.519s] Level 1:colcon.colcon_core.package_identification:_identify(bug2_interface) by extensions ['ignore', 'ignore_ament_install']
[0.519s] Level 1:colcon.colcon_core.package_identification:_identify(bug2_interface) by extension 'ignore'
[0.519s] Level 1:colcon.colcon_core.package_identification:_identify(bug2_interface) by extension 'ignore_ament_install'
[0.519s] Level 1:colcon.colcon_core.package_identification:_identify(bug2_interface) by extensions ['colcon_pkg']
[0.519s] Level 1:colcon.colcon_core.package_identification:_identify(bug2_interface) by extension 'colcon_pkg'
[0.519s] Level 1:colcon.colcon_core.package_identification:_identify(bug2_interface) by extensions ['colcon_meta']
[0.519s] Level 1:colcon.colcon_core.package_identification:_identify(bug2_interface) by extension 'colcon_meta'
[0.519s] Level 1:colcon.colcon_core.package_identification:_identify(bug2_interface) by extensions ['ros']
[0.519s] Level 1:colcon.colcon_core.package_identification:_identify(bug2_interface) by extension 'ros'
[0.522s] DEBUG:colcon.colcon_core.package_identification:Package 'bug2_interface' with type 'ros.ament_cmake' and name 'bug2_interface'
[0.522s] Level 1:colcon.colcon_core.package_identification:_identify(build) by extensions ['ignore', 'ignore_ament_install']
[0.523s] Level 1:colcon.colcon_core.package_identification:_identify(build) by extension 'ignore'
[0.523s] Level 1:colcon.colcon_core.package_identification:_identify(build) ignored
[0.523s] Level 1:colcon.colcon_core.package_identification:_identify(install) by extensions ['ignore', 'ignore_ament_install']
[0.523s] Level 1:colcon.colcon_core.package_identification:_identify(install) by extension 'ignore'
[0.523s] Level 1:colcon.colcon_core.package_identification:_identify(install) ignored
[0.523s] Level 1:colcon.colcon_core.package_identification:_identify(log) by extensions ['ignore', 'ignore_ament_install']
[0.523s] Level 1:colcon.colcon_core.package_identification:_identify(log) by extension 'ignore'
[0.523s] Level 1:colcon.colcon_core.package_identification:_identify(log) ignored
[0.523s] Level 1:colcon.colcon_core.package_identification:_identify(multi_robot_challenge_23) by extensions ['ignore', 'ignore_ament_install']
[0.523s] Level 1:colcon.colcon_core.package_identification:_identify(multi_robot_challenge_23) by extension 'ignore'
[0.524s] Level 1:colcon.colcon_core.package_identification:_identify(multi_robot_challenge_23) by extension 'ignore_ament_install'
[0.524s] Level 1:colcon.colcon_core.package_identification:_identify(multi_robot_challenge_23) by extensions ['colcon_pkg']
[0.524s] Level 1:colcon.colcon_core.package_identification:_identify(multi_robot_challenge_23) by extension 'colcon_pkg'
[0.524s] Level 1:colcon.colcon_core.package_identification:_identify(multi_robot_challenge_23) by extensions ['colcon_meta']
[0.524s] Level 1:colcon.colcon_core.package_identification:_identify(multi_robot_challenge_23) by extension 'colcon_meta'
[0.524s] Level 1:colcon.colcon_core.package_identification:_identify(multi_robot_challenge_23) by extensions ['ros']
[0.524s] Level 1:colcon.colcon_core.package_identification:_identify(multi_robot_challenge_23) by extension 'ros'
[0.524s] Level 1:colcon.colcon_core.package_identification:_identify(multi_robot_challenge_23) by extensions ['cmake', 'python']
[0.524s] Level 1:colcon.colcon_core.package_identification:_identify(multi_robot_challenge_23) by extension 'cmake'
[0.524s] Level 1:colcon.colcon_core.package_identification:_identify(multi_robot_challenge_23) by extension 'python'
[0.524s] Level 1:colcon.colcon_core.package_identification:_identify(multi_robot_challenge_23) by extensions ['python_setup_py']
[0.524s] Level 1:colcon.colcon_core.package_identification:_identify(multi_robot_challenge_23) by extension 'python_setup_py'
[0.524s] Level 1:colcon.colcon_core.package_identification:_identify(multi_robot_challenge_23/src) by extensions ['ignore', 'ignore_ament_install']
[0.525s] Level 1:colcon.colcon_core.package_identification:_identify(multi_robot_challenge_23/src) by extension 'ignore'
[0.525s] Level 1:colcon.colcon_core.package_identification:_identify(multi_robot_challenge_23/src) by extension 'ignore_ament_install'
[0.525s] Level 1:colcon.colcon_core.package_identification:_identify(multi_robot_challenge_23/src) by extensions ['colcon_pkg']
[0.525s] Level 1:colcon.colcon_core.package_identification:_identify(multi_robot_challenge_23/src) by extension 'colcon_pkg'
[0.525s] Level 1:colcon.colcon_core.package_identification:_identify(multi_robot_challenge_23/src) by extensions ['colcon_meta']
[0.525s] Level 1:colcon.colcon_core.package_identification:_identify(multi_robot_challenge_23/src) by extension 'colcon_meta'
[0.525s] Level 1:colcon.colcon_core.package_identification:_identify(multi_robot_challenge_23/src) by extensions ['ros']
[0.525s] Level 1:colcon.colcon_core.package_identification:_identify(multi_robot_challenge_23/src) by extension 'ros'
[0.526s] DEBUG:colcon.colcon_core.package_identification:Package 'multi_robot_challenge_23/src' with type 'ros.ament_python' and name 'multi_robot_challenge_23'
[0.526s] Level 1:colcon.colcon_core.package_discovery:discover_packages(recursive) using defaults
[0.526s] Level 1:colcon.colcon_core.package_discovery:discover_packages(ignore) discover
[0.526s] Level 1:colcon.colcon_core.package_discovery:discover_packages(ignore) using defaults
[0.526s] Level 1:colcon.colcon_core.package_discovery:discover_packages(path) discover
[0.526s] Level 1:colcon.colcon_core.package_discovery:discover_packages(path) using defaults
[0.563s] Level 1:colcon.colcon_core.package_discovery:discover_packages(prefix_path) check parameters
[0.564s] Level 1:colcon.colcon_core.package_discovery:discover_packages(prefix_path) discover
[0.570s] DEBUG:colcon.colcon_installed_package_information.package_discovery:Found 2 installed packages in /home/rocotics/DAT160_semester_oppgave/install
[0.572s] DEBUG:colcon.colcon_installed_package_information.package_discovery:Found 17 installed packages in /home/rocotics/ros2_ws/install
[0.577s] DEBUG:colcon.colcon_installed_package_information.package_discovery:Found 392 installed packages in /opt/ros/foxy
[0.580s] Level 1:colcon.colcon_core.package_discovery:discover_packages(prefix_path) using defaults
[0.694s] Level 5:colcon.colcon_core.verb:set package 'bug2_interface' build argument 'cmake_args' from command line to 'None'
[0.695s] Level 5:colcon.colcon_core.verb:set package 'bug2_interface' build argument 'cmake_target' from command line to 'None'
[0.695s] Level 5:colcon.colcon_core.verb:set package 'bug2_interface' build argument 'cmake_target_skip_unavailable' from command line to 'False'
[0.695s] Level 5:colcon.colcon_core.verb:set package 'bug2_interface' build argument 'cmake_clean_cache' from command line to 'False'
[0.695s] Level 5:colcon.colcon_core.verb:set package 'bug2_interface' build argument 'cmake_clean_first' from command line to 'False'
[0.695s] Level 5:colcon.colcon_core.verb:set package 'bug2_interface' build argument 'cmake_force_configure' from command line to 'False'
[0.695s] Level 5:colcon.colcon_core.verb:set package 'bug2_interface' build argument 'ament_cmake_args' from command line to 'None'
[0.695s] Level 5:colcon.colcon_core.verb:set package 'bug2_interface' build argument 'catkin_cmake_args' from command line to 'None'
[0.695s] Level 5:colcon.colcon_core.verb:set package 'bug2_interface' build argument 'catkin_skip_building_tests' from command line to 'False'
[0.695s] DEBUG:colcon.colcon_core.verb:Building package 'bug2_interface' with the following arguments: {'ament_cmake_args': None, 'build_base': '/home/rocotics/DAT160_semester_oppgave/build/bug2_interface', 'catkin_cmake_args': None, 'catkin_skip_building_tests': False, 'cmake_args': None, 'cmake_clean_cache': False, 'cmake_clean_first': False, 'cmake_force_configure': False, 'cmake_target': None, 'cmake_target_skip_unavailable': False, 'install_base': '/home/rocotics/DAT160_semester_oppgave/install/bug2_interface', 'merge_install': False, 'path': '/home/rocotics/DAT160_semester_oppgave/bug2_interface', 'symlink_install': False, 'test_result_base': None}
[0.697s] Level 5:colcon.colcon_core.verb:set package 'multi_robot_challenge_23' build argument 'cmake_args' from command line to 'None'
[0.697s] Level 5:colcon.colcon_core.verb:set package 'multi_robot_challenge_23' build argument 'cmake_target' from command line to 'None'
[0.697s] Level 5:colcon.colcon_core.verb:set package 'multi_robot_challenge_23' build argument 'cmake_target_skip_unavailable' from command line to 'False'
[0.697s] Level 5:colcon.colcon_core.verb:set package 'multi_robot_challenge_23' build argument 'cmake_clean_cache' from command line to 'False'
[0.697s] Level 5:colcon.colcon_core.verb:set package 'multi_robot_challenge_23' build argument 'cmake_clean_first' from command line to 'False'
[0.697s] Level 5:colcon.colcon_core.verb:set package 'multi_robot_challenge_23' build argument 'cmake_force_configure' from command line to 'False'
[0.697s] Level 5:colcon.colcon_core.verb:set package 'multi_robot_challenge_23' build argument 'ament_cmake_args' from command line to 'None'
[0.697s] Level 5:colcon.colcon_core.verb:set package 'multi_robot_challenge_23' build argument 'catkin_cmake_args' from command line to 'None'
[0.697s] Level 5:colcon.colcon_core.verb:set package 'multi_robot_challenge_23' build argument 'catkin_skip_building_tests' from command line to 'False'
[0.697s] DEBUG:colcon.colcon_core.verb:Building package 'multi_robot_challenge_23' with the following arguments: {'ament_cmake_args': None, 'build_base': '/home/rocotics/DAT160_semester_oppgave/build/multi_robot_challenge_23', 'catkin_cmake_args': None, 'catkin_skip_building_tests': False, 'cmake_args': None, 'cmake_clean_cache': False, 'cmake_clean_first': False, 'cmake_force_configure': False, 'cmake_target': None, 'cmake_target_skip_unavailable': False, 'install_base': '/home/rocotics/DAT160_semester_oppgave/install/multi_robot_challenge_23', 'merge_install': False, 'path': '/home/rocotics/DAT160_semester_oppgave/multi_robot_challenge_23/src', 'symlink_install': False, 'test_result_base': None}
[0.698s] INFO:colcon.colcon_core.executor:Executing jobs using 'parallel' executor
[0.705s] DEBUG:colcon.colcon_parallel_executor.executor.parallel:run_until_complete
[0.706s] INFO:colcon.colcon_ros.task.ament_cmake.build:Building ROS package in '/home/rocotics/DAT160_semester_oppgave/bug2_interface' with build type 'ament_cmake'
[0.706s] INFO:colcon.colcon_cmake.task.cmake.build:Building CMake package in '/home/rocotics/DAT160_semester_oppgave/bug2_interface'
[0.715s] INFO:colcon.colcon_core.plugin_system:Skipping extension 'colcon_core.shell.bat': Not used on non-Windows systems
[0.716s] INFO:colcon.colcon_core.shell:Skip shell extension 'powershell' for command environment: Not usable outside of PowerShell
[0.716s] DEBUG:colcon.colcon_core.shell:Skip shell extension 'dsv' for command environment
[0.737s] INFO:colcon.colcon_ros.task.ament_python.build:Building ROS package in '/home/rocotics/DAT160_semester_oppgave/multi_robot_challenge_23/src' with build type 'ament_python'
[0.737s] Level 1:colcon.colcon_core.shell:create_environment_hook('multi_robot_challenge_23', 'ament_prefix_path')
[0.742s] INFO:colcon.colcon_core.shell:Creating environment hook '/home/rocotics/DAT160_semester_oppgave/install/multi_robot_challenge_23/share/multi_robot_challenge_23/hook/ament_prefix_path.ps1'
[0.745s] INFO:colcon.colcon_core.shell:Creating environment descriptor '/home/rocotics/DAT160_semester_oppgave/install/multi_robot_challenge_23/share/multi_robot_challenge_23/hook/ament_prefix_path.dsv'
[0.746s] INFO:colcon.colcon_core.shell:Creating environment hook '/home/rocotics/DAT160_semester_oppgave/install/multi_robot_challenge_23/share/multi_robot_challenge_23/hook/ament_prefix_path.sh'
[0.750s] INFO:colcon.colcon_core.shell:Skip shell extension 'powershell' for command environment: Not usable outside of PowerShell
[0.750s] DEBUG:colcon.colcon_core.shell:Skip shell extension 'dsv' for command environment
[0.778s] DEBUG:colcon.colcon_core.event_handler.log_command:Invoking command in '/home/rocotics/DAT160_semester_oppgave/build/bug2_interface': CMAKE_PREFIX_PATH=${CMAKE_PREFIX_PATH}:/home/rocotics/DAT160_semester_oppgave/install/multi_robot_challenge_23:/home/rocotics/ros2_ws/install/ros2_aruco:/home/rocotics/ros2_ws/install/robot_vision:/home/rocotics/ros2_ws/install/robot_ml:/home/rocotics/ros2_ws/install/my_robot_pkg:/home/rocotics/ros2_ws/install/my_package:/home/rocotics/ros2_ws/install/bug2_navigation:/home/rocotics/ros2_ws/install/braitenberg_vehicle:/opt/ros/foxy /usr/bin/cmake --build /home/rocotics/DAT160_semester_oppgave/build/bug2_interface -- -j4 -l4
[1.221s] INFO:colcon.colcon_core.task.python.build:Building Python package in '/home/rocotics/DAT160_semester_oppgave/multi_robot_challenge_23/src'
[1.225s] INFO:colcon.colcon_core.shell:Skip shell extension 'powershell' for command environment: Not usable outside of PowerShell
[1.226s] DEBUG:colcon.colcon_core.shell:Skip shell extension 'dsv' for command environment
[1.301s] DEBUG:colcon.colcon_core.event_handler.log_command:Invoked command in '/home/rocotics/DAT160_semester_oppgave/build/bug2_interface' returned '0': CMAKE_PREFIX_PATH=${CMAKE_PREFIX_PATH}:/home/rocotics/DAT160_semester_oppgave/install/multi_robot_challenge_23:/home/rocotics/ros2_ws/install/ros2_aruco:/home/rocotics/ros2_ws/install/robot_vision:/home/rocotics/ros2_ws/install/robot_ml:/home/rocotics/ros2_ws/install/my_robot_pkg:/home/rocotics/ros2_ws/install/my_package:/home/rocotics/ros2_ws/install/bug2_navigation:/home/rocotics/ros2_ws/install/braitenberg_vehicle:/opt/ros/foxy /usr/bin/cmake --build /home/rocotics/DAT160_semester_oppgave/build/bug2_interface -- -j4 -l4
[1.460s] DEBUG:colcon.colcon_core.event_handler.log_command:Invoking command in '/home/rocotics/DAT160_semester_oppgave/build/bug2_interface': CMAKE_PREFIX_PATH=${CMAKE_PREFIX_PATH}:/home/rocotics/DAT160_semester_oppgave/install/multi_robot_challenge_23:/home/rocotics/ros2_ws/install/ros2_aruco:/home/rocotics/ros2_ws/install/robot_vision:/home/rocotics/ros2_ws/install/robot_ml:/home/rocotics/ros2_ws/install/my_robot_pkg:/home/rocotics/ros2_ws/install/my_package:/home/rocotics/ros2_ws/install/bug2_navigation:/home/rocotics/ros2_ws/install/braitenberg_vehicle:/opt/ros/foxy /usr/bin/cmake --install /home/rocotics/DAT160_semester_oppgave/build/bug2_interface
[1.651s] Level 1:colcon.colcon_core.environment:create_environment_scripts_only(bug2_interface)
[1.656s] DEBUG:colcon.colcon_core.event_handler.log_command:Invoked command in '/home/rocotics/DAT160_semester_oppgave/build/bug2_interface' returned '0': CMAKE_PREFIX_PATH=${CMAKE_PREFIX_PATH}:/home/rocotics/DAT160_semester_oppgave/install/multi_robot_challenge_23:/home/rocotics/ros2_ws/install/ros2_aruco:/home/rocotics/ros2_ws/install/robot_vision:/home/rocotics/ros2_ws/install/robot_ml:/home/rocotics/ros2_ws/install/my_robot_pkg:/home/rocotics/ros2_ws/install/my_package:/home/rocotics/ros2_ws/install/bug2_navigation:/home/rocotics/ros2_ws/install/braitenberg_vehicle:/opt/ros/foxy /usr/bin/cmake --install /home/rocotics/DAT160_semester_oppgave/build/bug2_interface
[1.666s] Level 1:colcon.colcon_core.environment:checking '/home/rocotics/DAT160_semester_oppgave/install/bug2_interface' for CMake module files
[1.667s] Level 1:colcon.colcon_core.environment:checking '/home/rocotics/DAT160_semester_oppgave/install/bug2_interface' for CMake config files
[1.668s] Level 1:colcon.colcon_core.shell:create_environment_hook('bug2_interface', 'cmake_prefix_path')
[1.671s] INFO:colcon.colcon_core.shell:Creating environment hook '/home/rocotics/DAT160_semester_oppgave/install/bug2_interface/share/bug2_interface/hook/cmake_prefix_path.ps1'
[1.672s] INFO:colcon.colcon_core.shell:Creating environment descriptor '/home/rocotics/DAT160_semester_oppgave/install/bug2_interface/share/bug2_interface/hook/cmake_prefix_path.dsv'
[1.673s] INFO:colcon.colcon_core.shell:Creating environment hook '/home/rocotics/DAT160_semester_oppgave/install/bug2_interface/share/bug2_interface/hook/cmake_prefix_path.sh'
[1.674s] Level 1:colcon.colcon_core.environment:checking '/home/rocotics/DAT160_semester_oppgave/install/bug2_interface/lib'
[1.675s] Level 1:colcon.colcon_core.shell:create_environment_hook('bug2_interface', 'ld_library_path_lib')
[1.677s] INFO:colcon.colcon_core.shell:Creating environment hook '/home/rocotics/DAT160_semester_oppgave/install/bug2_interface/share/bug2_interface/hook/ld_library_path_lib.ps1'
[1.678s] INFO:colcon.colcon_core.shell:Creating environment descriptor '/home/rocotics/DAT160_semester_oppgave/install/bug2_interface/share/bug2_interface/hook/ld_library_path_lib.dsv'
[1.678s] INFO:colcon.colcon_core.shell:Creating environment hook '/home/rocotics/DAT160_semester_oppgave/install/bug2_interface/share/bug2_interface/hook/ld_library_path_lib.sh'
[1.679s] Level 1:colcon.colcon_core.environment:checking '/home/rocotics/DAT160_semester_oppgave/install/bug2_interface/bin'
[1.679s] Level 1:colcon.colcon_core.environment:checking '/home/rocotics/DAT160_semester_oppgave/install/bug2_interface/lib/pkgconfig/bug2_interface.pc'
[1.680s] Level 1:colcon.colcon_core.environment:checking '/home/rocotics/DAT160_semester_oppgave/install/bug2_interface/lib/python3.8/site-packages'
[1.680s] Level 1:colcon.colcon_core.shell:create_environment_hook('bug2_interface', 'pythonpath')
[1.683s] INFO:colcon.colcon_core.shell:Creating environment hook '/home/rocotics/DAT160_semester_oppgave/install/bug2_interface/share/bug2_interface/hook/pythonpath.ps1'
[1.683s] INFO:colcon.colcon_core.shell:Creating environment descriptor '/home/rocotics/DAT160_semester_oppgave/install/bug2_interface/share/bug2_interface/hook/pythonpath.dsv'
[1.684s] INFO:colcon.colcon_core.shell:Creating environment hook '/home/rocotics/DAT160_semester_oppgave/install/bug2_interface/share/bug2_interface/hook/pythonpath.sh'
[1.685s] Level 1:colcon.colcon_core.environment:checking '/home/rocotics/DAT160_semester_oppgave/install/bug2_interface/bin'
[1.687s] INFO:colcon.colcon_core.shell:Creating package script '/home/rocotics/DAT160_semester_oppgave/install/bug2_interface/share/bug2_interface/package.ps1'
[1.689s] INFO:colcon.colcon_core.shell:Creating package descriptor '/home/rocotics/DAT160_semester_oppgave/install/bug2_interface/share/bug2_interface/package.dsv'
[1.690s] INFO:colcon.colcon_core.shell:Creating package script '/home/rocotics/DAT160_semester_oppgave/install/bug2_interface/share/bug2_interface/package.sh'
[1.691s] INFO:colcon.colcon_core.shell:Creating package script '/home/rocotics/DAT160_semester_oppgave/install/bug2_interface/share/bug2_interface/package.bash'
[1.692s] INFO:colcon.colcon_core.shell:Creating package script '/home/rocotics/DAT160_semester_oppgave/install/bug2_interface/share/bug2_interface/package.zsh'
[1.693s] Level 1:colcon.colcon_core.environment:create_file_with_runtime_dependencies(/home/rocotics/DAT160_semester_oppgave/install/bug2_interface/share/colcon-core/packages/bug2_interface)
[1.856s] Level 1:colcon.colcon_core.environment:create_environment_scripts_only(bug2_interface)
[1.862s] Level 1:colcon.colcon_core.environment:checking '/home/rocotics/DAT160_semester_oppgave/install/bug2_interface' for CMake module files
[1.864s] Level 1:colcon.colcon_core.environment:checking '/home/rocotics/DAT160_semester_oppgave/install/bug2_interface' for CMake config files
[1.866s] Level 1:colcon.colcon_core.shell:create_environment_hook('bug2_interface', 'cmake_prefix_path')
[1.869s] INFO:colcon.colcon_core.shell:Creating environment hook '/home/rocotics/DAT160_semester_oppgave/install/bug2_interface/share/bug2_interface/hook/cmake_prefix_path.ps1'
[1.870s] INFO:colcon.colcon_core.shell:Creating environment descriptor '/home/rocotics/DAT160_semester_oppgave/install/bug2_interface/share/bug2_interface/hook/cmake_prefix_path.dsv'
[1.871s] INFO:colcon.colcon_core.shell:Creating environment hook '/home/rocotics/DAT160_semester_oppgave/install/bug2_interface/share/bug2_interface/hook/cmake_prefix_path.sh'
[1.872s] Level 1:colcon.colcon_core.environment:checking '/home/rocotics/DAT160_semester_oppgave/install/bug2_interface/lib'
[1.872s] Level 1:colcon.colcon_core.shell:create_environment_hook('bug2_interface', 'ld_library_path_lib')
[1.875s] INFO:colcon.colcon_core.shell:Creating environment hook '/home/rocotics/DAT160_semester_oppgave/install/bug2_interface/share/bug2_interface/hook/ld_library_path_lib.ps1'
[1.876s] INFO:colcon.colcon_core.shell:Creating environment descriptor '/home/rocotics/DAT160_semester_oppgave/install/bug2_interface/share/bug2_interface/hook/ld_library_path_lib.dsv'
[1.877s] INFO:colcon.colcon_core.shell:Creating environment hook '/home/rocotics/DAT160_semester_oppgave/install/bug2_interface/share/bug2_interface/hook/ld_library_path_lib.sh'
[1.877s] Level 1:colcon.colcon_core.environment:checking '/home/rocotics/DAT160_semester_oppgave/install/bug2_interface/bin'
[1.878s] Level 1:colcon.colcon_core.environment:checking '/home/rocotics/DAT160_semester_oppgave/install/bug2_interface/lib/pkgconfig/bug2_interface.pc'
[1.878s] Level 1:colcon.colcon_core.environment:checking '/home/rocotics/DAT160_semester_oppgave/install/bug2_interface/lib/python3.8/site-packages'
[1.878s] Level 1:colcon.colcon_core.shell:create_environment_hook('bug2_interface', 'pythonpath')
[1.881s] INFO:colcon.colcon_core.shell:Creating environment hook '/home/rocotics/DAT160_semester_oppgave/install/bug2_interface/share/bug2_interface/hook/pythonpath.ps1'
[1.881s] INFO:colcon.colcon_core.shell:Creating environment descriptor '/home/rocotics/DAT160_semester_oppgave/install/bug2_interface/share/bug2_interface/hook/pythonpath.dsv'
[1.882s] INFO:colcon.colcon_core.shell:Creating environment hook '/home/rocotics/DAT160_semester_oppgave/install/bug2_interface/share/bug2_interface/hook/pythonpath.sh'
[1.883s] Level 1:colcon.colcon_core.environment:checking '/home/rocotics/DAT160_semester_oppgave/install/bug2_interface/bin'
[1.886s] INFO:colcon.colcon_core.shell:Creating package script '/home/rocotics/DAT160_semester_oppgave/install/bug2_interface/share/bug2_interface/package.ps1'
[1.887s] INFO:colcon.colcon_core.shell:Creating package descriptor '/home/rocotics/DAT160_semester_oppgave/install/bug2_interface/share/bug2_interface/package.dsv'
[1.888s] INFO:colcon.colcon_core.shell:Creating package script '/home/rocotics/DAT160_semester_oppgave/install/bug2_interface/share/bug2_interface/package.sh'
[1.889s] INFO:colcon.colcon_core.shell:Creating package script '/home/rocotics/DAT160_semester_oppgave/install/bug2_interface/share/bug2_interface/package.bash'
[1.889s] INFO:colcon.colcon_core.shell:Creating package script '/home/rocotics/DAT160_semester_oppgave/install/bug2_interface/share/bug2_interface/package.zsh'
[1.890s] Level 1:colcon.colcon_core.environment:create_file_with_runtime_dependencies(/home/rocotics/DAT160_semester_oppgave/install/bug2_interface/share/colcon-core/packages/bug2_interface)
[2.033s] DEBUG:colcon.colcon_core.event_handler.log_command:Invoking command in '/home/rocotics/DAT160_semester_oppgave/build/multi_robot_challenge_23': PYTHONPATH=/home/rocotics/DAT160_semester_oppgave/build/multi_robot_challenge_23/prefix_override:/home/rocotics/DAT160_semester_oppgave/install/multi_robot_challenge_23/lib/python3.8/site-packages:${PYTHONPATH} /usr/bin/python3 setup.py develop --uninstall --editable --build-directory /home/rocotics/DAT160_semester_oppgave/build/multi_robot_challenge_23/build
[2.680s] DEBUG:colcon.colcon_core.event_handler.log_command:Invoked command in '/home/rocotics/DAT160_semester_oppgave/build/multi_robot_challenge_23' returned '0': PYTHONPATH=/home/rocotics/DAT160_semester_oppgave/build/multi_robot_challenge_23/prefix_override:/home/rocotics/DAT160_semester_oppgave/install/multi_robot_challenge_23/lib/python3.8/site-packages:${PYTHONPATH} /usr/bin/python3 setup.py develop --uninstall --editable --build-directory /home/rocotics/DAT160_semester_oppgave/build/multi_robot_challenge_23/build
[2.685s] DEBUG:colcon.colcon_core.event_handler.log_command:Invoking command in '/home/rocotics/DAT160_semester_oppgave/multi_robot_challenge_23/src': PYTHONPATH=/home/rocotics/DAT160_semester_oppgave/build/multi_robot_challenge_23/prefix_override:/home/rocotics/DAT160_semester_oppgave/install/multi_robot_challenge_23/lib/python3.8/site-packages:${PYTHONPATH} /usr/bin/python3 setup.py egg_info --egg-base ../../build/multi_robot_challenge_23 build --build-base /home/rocotics/DAT160_semester_oppgave/build/multi_robot_challenge_23/build install --record /home/rocotics/DAT160_semester_oppgave/build/multi_robot_challenge_23/install.log --install-scripts $base/lib/multi_robot_challenge_23 --single-version-externally-managed
[3.249s] DEBUG:colcon.colcon_core.event_handler.log_command:Invoked command in '/home/rocotics/DAT160_semester_oppgave/multi_robot_challenge_23/src' returned '0': PYTHONPATH=/home/rocotics/DAT160_semester_oppgave/build/multi_robot_challenge_23/prefix_override:/home/rocotics/DAT160_semester_oppgave/install/multi_robot_challenge_23/lib/python3.8/site-packages:${PYTHONPATH} /usr/bin/python3 setup.py egg_info --egg-base ../../build/multi_robot_challenge_23 build --build-base /home/rocotics/DAT160_semester_oppgave/build/multi_robot_challenge_23/build install --record /home/rocotics/DAT160_semester_oppgave/build/multi_robot_challenge_23/install.log --install-scripts $base/lib/multi_robot_challenge_23 --single-version-externally-managed
[3.252s] Level 1:colcon.colcon_core.environment:checking '/home/rocotics/DAT160_semester_oppgave/install/multi_robot_challenge_23' for CMake module files
[3.253s] Level 1:colcon.colcon_core.environment:checking '/home/rocotics/DAT160_semester_oppgave/install/multi_robot_challenge_23' for CMake config files
[3.255s] Level 1:colcon.colcon_core.environment:checking '/home/rocotics/DAT160_semester_oppgave/install/multi_robot_challenge_23/lib'
[3.255s] Level 1:colcon.colcon_core.environment:checking '/home/rocotics/DAT160_semester_oppgave/install/multi_robot_challenge_23/bin'
[3.255s] Level 1:colcon.colcon_core.environment:checking '/home/rocotics/DAT160_semester_oppgave/install/multi_robot_challenge_23/lib/pkgconfig/multi_robot_challenge_23.pc'
[3.256s] Level 1:colcon.colcon_core.environment:checking '/home/rocotics/DAT160_semester_oppgave/install/multi_robot_challenge_23/lib/python3.8/site-packages'
[3.257s] Level 1:colcon.colcon_core.shell:create_environment_hook('multi_robot_challenge_23', 'pythonpath')
[3.262s] INFO:colcon.colcon_core.shell:Creating environment hook '/home/rocotics/DAT160_semester_oppgave/install/multi_robot_challenge_23/share/multi_robot_challenge_23/hook/pythonpath.ps1'
[3.265s] INFO:colcon.colcon_core.shell:Creating environment descriptor '/home/rocotics/DAT160_semester_oppgave/install/multi_robot_challenge_23/share/multi_robot_challenge_23/hook/pythonpath.dsv'
[3.267s] INFO:colcon.colcon_core.shell:Creating environment hook '/home/rocotics/DAT160_semester_oppgave/install/multi_robot_challenge_23/share/multi_robot_challenge_23/hook/pythonpath.sh'
[3.268s] Level 1:colcon.colcon_core.environment:checking '/home/rocotics/DAT160_semester_oppgave/install/multi_robot_challenge_23/bin'
[3.269s] Level 1:colcon.colcon_core.environment:create_environment_scripts_only(multi_robot_challenge_23)
[3.272s] INFO:colcon.colcon_core.shell:Creating package script '/home/rocotics/DAT160_semester_oppgave/install/multi_robot_challenge_23/share/multi_robot_challenge_23/package.ps1'
[3.274s] INFO:colcon.colcon_core.shell:Creating package descriptor '/home/rocotics/DAT160_semester_oppgave/install/multi_robot_challenge_23/share/multi_robot_challenge_23/package.dsv'
[3.274s] INFO:colcon.colcon_core.shell:Creating package script '/home/rocotics/DAT160_semester_oppgave/install/multi_robot_challenge_23/share/multi_robot_challenge_23/package.sh'
[3.275s] INFO:colcon.colcon_core.shell:Creating package script '/home/rocotics/DAT160_semester_oppgave/install/multi_robot_challenge_23/share/multi_robot_challenge_23/package.bash'
[3.276s] INFO:colcon.colcon_core.shell:Creating package script '/home/rocotics/DAT160_semester_oppgave/install/multi_robot_challenge_23/share/multi_robot_challenge_23/package.zsh'
[3.277s] Level 1:colcon.colcon_core.environment:create_file_with_runtime_dependencies(/home/rocotics/DAT160_semester_oppgave/install/multi_robot_challenge_23/share/colcon-core/packages/multi_robot_challenge_23)
[3.278s] DEBUG:colcon.colcon_parallel_executor.executor.parallel:closing loop
[3.279s] DEBUG:colcon.colcon_parallel_executor.executor.parallel:loop closed
[3.280s] DEBUG:colcon.colcon_parallel_executor.executor.parallel:run_until_complete finished with '0'
[3.281s] DEBUG:colcon.colcon_core.event_reactor:joining thread
[3.292s] INFO:colcon.colcon_core.plugin_system:Skipping extension 'colcon_notification.desktop_notification.terminal_notifier': Not used on non-Darwin systems
[3.292s] INFO:colcon.colcon_core.plugin_system:Skipping extension 'colcon_notification.desktop_notification.win32': Not used on non-Windows systems
[3.292s] INFO:colcon.colcon_notification.desktop_notification:Sending desktop notification using 'notify2'
[3.313s] DEBUG:colcon.colcon_core.event_reactor:joined thread
[3.316s] INFO:colcon.colcon_core.shell:Creating prefix script '/home/rocotics/DAT160_semester_oppgave/install/local_setup.ps1'
[3.317s] INFO:colcon.colcon_core.shell:Creating prefix util module '/home/rocotics/DAT160_semester_oppgave/install/_local_setup_util_ps1.py'
[3.319s] INFO:colcon.colcon_core.shell:Creating prefix chain script '/home/rocotics/DAT160_semester_oppgave/install/setup.ps1'
[3.324s] INFO:colcon.colcon_core.shell:Creating prefix script '/home/rocotics/DAT160_semester_oppgave/install/local_setup.sh'
[3.324s] INFO:colcon.colcon_core.shell:Creating prefix util module '/home/rocotics/DAT160_semester_oppgave/install/_local_setup_util_sh.py'
[3.325s] INFO:colcon.colcon_core.shell:Creating prefix chain script '/home/rocotics/DAT160_semester_oppgave/install/setup.sh'
[3.329s] INFO:colcon.colcon_core.shell:Creating prefix script '/home/rocotics/DAT160_semester_oppgave/install/local_setup.bash'
[3.330s] INFO:colcon.colcon_core.shell:Creating prefix chain script '/home/rocotics/DAT160_semester_oppgave/install/setup.bash'
[3.334s] INFO:colcon.colcon_core.shell:Creating prefix script '/home/rocotics/DAT160_semester_oppgave/install/local_setup.zsh'
[3.335s] INFO:colcon.colcon_core.shell:Creating prefix chain script '/home/rocotics/DAT160_semester_oppgave/install/setup.zsh'
