[1.147s] Invoking command in '/home/rocotics/DAT160_semester_oppgave/build/multi_robot_challenge_23': PYTHONPATH=/home/rocotics/DAT160_semester_oppgave/build/multi_robot_challenge_23/prefix_override:/home/rocotics/DAT160_semester_oppgave/install/multi_robot_challenge_23/lib/python3.8/site-packages:${PYTHONPATH} /usr/bin/python3 setup.py develop --editable --build-directory /home/rocotics/DAT160_semester_oppgave/build/multi_robot_challenge_23/build --no-deps install_data
[1.517s] running develop
[1.730s] running egg_info
[1.730s] writing multi_robot_challenge_23.egg-info/PKG-INFO
[1.731s] writing dependency_links to multi_robot_challenge_23.egg-info/dependency_links.txt
[1.731s] writing entry points to multi_robot_challenge_23.egg-info/entry_points.txt
[1.731s] writing requirements to multi_robot_challenge_23.egg-info/requires.txt
[1.732s] writing top-level names to multi_robot_challenge_23.egg-info/top_level.txt
[1.769s] reading manifest file 'multi_robot_challenge_23.egg-info/SOURCES.txt'
[1.771s] writing manifest file 'multi_robot_challenge_23.egg-info/SOURCES.txt'
[1.829s] running build_ext
[1.830s] Creating /home/rocotics/DAT160_semester_oppgave/install/multi_robot_challenge_23/lib/python3.8/site-packages/multi-robot-challenge-23.egg-link (link to .)
[1.831s] Installing controller script to /home/rocotics/DAT160_semester_oppgave/install/multi_robot_challenge_23/lib/multi_robot_challenge_23
[1.831s] Installing leader script to /home/rocotics/DAT160_semester_oppgave/install/multi_robot_challenge_23/lib/multi_robot_challenge_23
[1.832s] Installing marker_recognition script to /home/rocotics/DAT160_semester_oppgave/install/multi_robot_challenge_23/lib/multi_robot_challenge_23
[1.832s] Installing robot_handler script to /home/rocotics/DAT160_semester_oppgave/install/multi_robot_challenge_23/lib/multi_robot_challenge_23
[1.832s] 
[1.832s] Installed /home/rocotics/DAT160_semester_oppgave/build/multi_robot_challenge_23
[1.832s] running install_data
[1.874s] Invoked command in '/home/rocotics/DAT160_semester_oppgave/build/multi_robot_challenge_23' returned '0': PYTHONPATH=/home/rocotics/DAT160_semester_oppgave/build/multi_robot_challenge_23/prefix_override:/home/rocotics/DAT160_semester_oppgave/install/multi_robot_challenge_23/lib/python3.8/site-packages:${PYTHONPATH} /usr/bin/python3 setup.py develop --editable --build-directory /home/rocotics/DAT160_semester_oppgave/build/multi_robot_challenge_23/build --no-deps install_data
