[0.446s] DEBUG:colcon:Command line arguments: ['/usr/bin/colcon', 'build']
[0.446s] DEBUG:colcon:Parsed command line arguments: Namespace(allow_overriding=[], ament_cmake_args=None, base_paths=['.'], build_base='build', catkin_cmake_args=None, catkin_skip_building_tests=False, cmake_args=None, cmake_clean_cache=False, cmake_clean_first=False, cmake_force_configure=False, cmake_target=None, cmake_target_skip_unavailable=False, continue_on_error=False, event_handlers=None, executor='parallel', ignore_user_meta=False, install_base='install', log_base=None, log_level=None, main=<bound method BuildVerb.main of <colcon_core.verb.build.BuildVerb object at 0x7f3a581e7d60>>, merge_install=False, metas=['./colcon.meta'], packages_above=None, packages_above_and_dependencies=None, packages_above_depth=None, packages_end=None, packages_ignore=None, packages_ignore_regex=None, packages_select=None, packages_select_build_failed=False, packages_select_by_dep=None, packages_select_regex=None, packages_select_test_failures=False, packages_skip=None, packages_skip_build_finished=False, packages_skip_by_dep=None, packages_skip_regex=None, packages_skip_test_passed=False, packages_skip_up_to=None, packages_start=None, packages_up_to=None, packages_up_to_regex=None, parallel_workers=4, paths=None, symlink_install=False, test_result_base=None, verb_extension=<colcon_core.verb.build.BuildVerb object at 0x7f3a581e7d60>, verb_name='build', verb_parser=<colcon_defaults.argument_parser.defaults.DefaultArgumentsDecorator object at 0x7f3a581f4310>)
[0.498s] Level 1:colcon.colcon_core.package_discovery:discover_packages(colcon_meta) check parameters
[0.498s] Level 1:colcon.colcon_core.package_discovery:discover_packages(recursive) check parameters
[0.498s] Level 1:colcon.colcon_core.package_discovery:discover_packages(ignore) check parameters
[0.498s] Level 1:colcon.colcon_core.package_discovery:discover_packages(path) check parameters
[0.498s] Level 1:colcon.colcon_core.package_discovery:discover_packages(colcon_meta) discover
[0.498s] Level 1:colcon.colcon_core.package_discovery:discover_packages(recursive) discover
[0.499s] INFO:colcon.colcon_core.package_discovery:Crawling recursively for packages in '/home/rocotics/DAT160_semester_oppgave'
[0.499s] Level 1:colcon.colcon_core.package_identification:_identify(.) by extensions ['ignore', 'ignore_ament_install']
[0.499s] Level 1:colcon.colcon_core.package_identification:_identify(.) by extension 'ignore'
[0.499s] Level 1:colcon.colcon_core.package_identification:_identify(.) by extension 'ignore_ament_install'
[0.499s] Level 1:colcon.colcon_core.package_identification:_identify(.) by extensions ['colcon_pkg']
[0.499s] Level 1:colcon.colcon_core.package_identification:_identify(.) by extension 'colcon_pkg'
[0.499s] Level 1:colcon.colcon_core.package_identification:_identify(.) by extensions ['colcon_meta']
[0.499s] Level 1:colcon.colcon_core.package_identification:_identify(.) by extension 'colcon_meta'
[0.499s] Level 1:colcon.colcon_core.package_identification:_identify(.) by extensions ['ros']
[0.499s] Level 1:colcon.colcon_core.package_identification:_identify(.) by extension 'ros'
[0.514s] Level 1:colcon.colcon_core.package_identification:_identify(.) by extensions ['cmake', 'python']
[0.514s] Level 1:colcon.colcon_core.package_identification:_identify(.) by extension 'cmake'
[0.514s] Level 1:colcon.colcon_core.package_identification:_identify(.) by extension 'python'
[0.514s] Level 1:colcon.colcon_core.package_identification:_identify(.) by extensions ['python_setup_py']
[0.514s] Level 1:colcon.colcon_core.package_identification:_identify(.) by extension 'python_setup_py'
[0.514s] Level 1:colcon.colcon_core.package_identification:_identify(bug2_interface) by extensions ['ignore', 'ignore_ament_install']
[0.514s] Level 1:colcon.colcon_core.package_identification:_identify(bug2_interface) by extension 'ignore'
[0.514s] Level 1:colcon.colcon_core.package_identification:_identify(bug2_interface) by extension 'ignore_ament_install'
[0.514s] Level 1:colcon.colcon_core.package_identification:_identify(bug2_interface) by extensions ['colcon_pkg']
[0.514s] Level 1:colcon.colcon_core.package_identification:_identify(bug2_interface) by extension 'colcon_pkg'
[0.515s] Level 1:colcon.colcon_core.package_identification:_identify(bug2_interface) by extensions ['colcon_meta']
[0.515s] Level 1:colcon.colcon_core.package_identification:_identify(bug2_interface) by extension 'colcon_meta'
[0.515s] Level 1:colcon.colcon_core.package_identification:_identify(bug2_interface) by extensions ['ros']
[0.515s] Level 1:colcon.colcon_core.package_identification:_identify(bug2_interface) by extension 'ros'
[0.518s] DEBUG:colcon.colcon_core.package_identification:Package 'bug2_interface' with type 'ros.ament_cmake' and name 'bug2_interface'
[0.518s] Level 1:colcon.colcon_core.package_identification:_identify(build) by extensions ['ignore', 'ignore_ament_install']
[0.518s] Level 1:colcon.colcon_core.package_identification:_identify(build) by extension 'ignore'
[0.518s] Level 1:colcon.colcon_core.package_identification:_identify(build) ignored
[0.518s] Level 1:colcon.colcon_core.package_identification:_identify(install) by extensions ['ignore', 'ignore_ament_install']
[0.519s] Level 1:colcon.colcon_core.package_identification:_identify(install) by extension 'ignore'
[0.519s] Level 1:colcon.colcon_core.package_identification:_identify(install) ignored
[0.519s] Level 1:colcon.colcon_core.package_identification:_identify(log) by extensions ['ignore', 'ignore_ament_install']
[0.519s] Level 1:colcon.colcon_core.package_identification:_identify(log) by extension 'ignore'
[0.519s] Level 1:colcon.colcon_core.package_identification:_identify(log) ignored
[0.519s] Level 1:colcon.colcon_core.package_identification:_identify(multi_robot_challenge_23) by extensions ['ignore', 'ignore_ament_install']
[0.519s] Level 1:colcon.colcon_core.package_identification:_identify(multi_robot_challenge_23) by extension 'ignore'
[0.520s] Level 1:colcon.colcon_core.package_identification:_identify(multi_robot_challenge_23) by extension 'ignore_ament_install'
[0.520s] Level 1:colcon.colcon_core.package_identification:_identify(multi_robot_challenge_23) by extensions ['colcon_pkg']
[0.520s] Level 1:colcon.colcon_core.package_identification:_identify(multi_robot_challenge_23) by extension 'colcon_pkg'
[0.520s] Level 1:colcon.colcon_core.package_identification:_identify(multi_robot_challenge_23) by extensions ['colcon_meta']
[0.520s] Level 1:colcon.colcon_core.package_identification:_identify(multi_robot_challenge_23) by extension 'colcon_meta'
[0.520s] Level 1:colcon.colcon_core.package_identification:_identify(multi_robot_challenge_23) by extensions ['ros']
[0.520s] Level 1:colcon.colcon_core.package_identification:_identify(multi_robot_challenge_23) by extension 'ros'
[0.520s] Level 1:colcon.colcon_core.package_identification:_identify(multi_robot_challenge_23) by extensions ['cmake', 'python']
[0.520s] Level 1:colcon.colcon_core.package_identification:_identify(multi_robot_challenge_23) by extension 'cmake'
[0.520s] Level 1:colcon.colcon_core.package_identification:_identify(multi_robot_challenge_23) by extension 'python'
[0.520s] Level 1:colcon.colcon_core.package_identification:_identify(multi_robot_challenge_23) by extensions ['python_setup_py']
[0.520s] Level 1:colcon.colcon_core.package_identification:_identify(multi_robot_challenge_23) by extension 'python_setup_py'
[0.521s] Level 1:colcon.colcon_core.package_identification:_identify(multi_robot_challenge_23/src) by extensions ['ignore', 'ignore_ament_install']
[0.521s] Level 1:colcon.colcon_core.package_identification:_identify(multi_robot_challenge_23/src) by extension 'ignore'
[0.521s] Level 1:colcon.colcon_core.package_identification:_identify(multi_robot_challenge_23/src) by extension 'ignore_ament_install'
[0.521s] Level 1:colcon.colcon_core.package_identification:_identify(multi_robot_challenge_23/src) by extensions ['colcon_pkg']
[0.521s] Level 1:colcon.colcon_core.package_identification:_identify(multi_robot_challenge_23/src) by extension 'colcon_pkg'
[0.521s] Level 1:colcon.colcon_core.package_identification:_identify(multi_robot_challenge_23/src) by extensions ['colcon_meta']
[0.521s] Level 1:colcon.colcon_core.package_identification:_identify(multi_robot_challenge_23/src) by extension 'colcon_meta'
[0.521s] Level 1:colcon.colcon_core.package_identification:_identify(multi_robot_challenge_23/src) by extensions ['ros']
[0.521s] Level 1:colcon.colcon_core.package_identification:_identify(multi_robot_challenge_23/src) by extension 'ros'
[0.522s] DEBUG:colcon.colcon_core.package_identification:Package 'multi_robot_challenge_23/src' with type 'ros.ament_python' and name 'multi_robot_challenge_23'
[0.522s] Level 1:colcon.colcon_core.package_discovery:discover_packages(recursive) using defaults
[0.522s] Level 1:colcon.colcon_core.package_discovery:discover_packages(ignore) discover
[0.522s] Level 1:colcon.colcon_core.package_discovery:discover_packages(ignore) using defaults
[0.522s] Level 1:colcon.colcon_core.package_discovery:discover_packages(path) discover
[0.522s] Level 1:colcon.colcon_core.package_discovery:discover_packages(path) using defaults
[0.555s] Level 1:colcon.colcon_core.package_discovery:discover_packages(prefix_path) check parameters
[0.555s] Level 1:colcon.colcon_core.package_discovery:discover_packages(prefix_path) discover
[0.561s] DEBUG:colcon.colcon_installed_package_information.package_discovery:Found 2 installed packages in /home/rocotics/DAT160_semester_oppgave/install
[0.563s] DEBUG:colcon.colcon_installed_package_information.package_discovery:Found 17 installed packages in /home/rocotics/ros2_ws/install
[0.568s] DEBUG:colcon.colcon_installed_package_information.package_discovery:Found 392 installed packages in /opt/ros/foxy
[0.571s] Level 1:colcon.colcon_core.package_discovery:discover_packages(prefix_path) using defaults
[0.681s] Level 5:colcon.colcon_core.verb:set package 'bug2_interface' build argument 'cmake_args' from command line to 'None'
[0.681s] Level 5:colcon.colcon_core.verb:set package 'bug2_interface' build argument 'cmake_target' from command line to 'None'
[0.681s] Level 5:colcon.colcon_core.verb:set package 'bug2_interface' build argument 'cmake_target_skip_unavailable' from command line to 'False'
[0.681s] Level 5:colcon.colcon_core.verb:set package 'bug2_interface' build argument 'cmake_clean_cache' from command line to 'False'
[0.681s] Level 5:colcon.colcon_core.verb:set package 'bug2_interface' build argument 'cmake_clean_first' from command line to 'False'
[0.681s] Level 5:colcon.colcon_core.verb:set package 'bug2_interface' build argument 'cmake_force_configure' from command line to 'False'
[0.681s] Level 5:colcon.colcon_core.verb:set package 'bug2_interface' build argument 'ament_cmake_args' from command line to 'None'
[0.681s] Level 5:colcon.colcon_core.verb:set package 'bug2_interface' build argument 'catkin_cmake_args' from command line to 'None'
[0.681s] Level 5:colcon.colcon_core.verb:set package 'bug2_interface' build argument 'catkin_skip_building_tests' from command line to 'False'
[0.681s] DEBUG:colcon.colcon_core.verb:Building package 'bug2_interface' with the following arguments: {'ament_cmake_args': None, 'build_base': '/home/rocotics/DAT160_semester_oppgave/build/bug2_interface', 'catkin_cmake_args': None, 'catkin_skip_building_tests': False, 'cmake_args': None, 'cmake_clean_cache': False, 'cmake_clean_first': False, 'cmake_force_configure': False, 'cmake_target': None, 'cmake_target_skip_unavailable': False, 'install_base': '/home/rocotics/DAT160_semester_oppgave/install/bug2_interface', 'merge_install': False, 'path': '/home/rocotics/DAT160_semester_oppgave/bug2_interface', 'symlink_install': False, 'test_result_base': None}
[0.683s] Level 5:colcon.colcon_core.verb:set package 'multi_robot_challenge_23' build argument 'cmake_args' from command line to 'None'
[0.683s] Level 5:colcon.colcon_core.verb:set package 'multi_robot_challenge_23' build argument 'cmake_target' from command line to 'None'
[0.683s] Level 5:colcon.colcon_core.verb:set package 'multi_robot_challenge_23' build argument 'cmake_target_skip_unavailable' from command line to 'False'
[0.683s] Level 5:colcon.colcon_core.verb:set package 'multi_robot_challenge_23' build argument 'cmake_clean_cache' from command line to 'False'
[0.683s] Level 5:colcon.colcon_core.verb:set package 'multi_robot_challenge_23' build argument 'cmake_clean_first' from command line to 'False'
[0.683s] Level 5:colcon.colcon_core.verb:set package 'multi_robot_challenge_23' build argument 'cmake_force_configure' from command line to 'False'
[0.683s] Level 5:colcon.colcon_core.verb:set package 'multi_robot_challenge_23' build argument 'ament_cmake_args' from command line to 'None'
[0.683s] Level 5:colcon.colcon_core.verb:set package 'multi_robot_challenge_23' build argument 'catkin_cmake_args' from command line to 'None'
[0.683s] Level 5:colcon.colcon_core.verb:set package 'multi_robot_challenge_23' build argument 'catkin_skip_building_tests' from command line to 'False'
[0.683s] DEBUG:colcon.colcon_core.verb:Building package 'multi_robot_challenge_23' with the following arguments: {'ament_cmake_args': None, 'build_base': '/home/rocotics/DAT160_semester_oppgave/build/multi_robot_challenge_23', 'catkin_cmake_args': None, 'catkin_skip_building_tests': False, 'cmake_args': None, 'cmake_clean_cache': False, 'cmake_clean_first': False, 'cmake_force_configure': False, 'cmake_target': None, 'cmake_target_skip_unavailable': False, 'install_base': '/home/rocotics/DAT160_semester_oppgave/install/multi_robot_challenge_23', 'merge_install': False, 'path': '/home/rocotics/DAT160_semester_oppgave/multi_robot_challenge_23/src', 'symlink_install': False, 'test_result_base': None}
[0.684s] INFO:colcon.colcon_core.executor:Executing jobs using 'parallel' executor
[0.690s] DEBUG:colcon.colcon_parallel_executor.executor.parallel:run_until_complete
[0.691s] INFO:colcon.colcon_ros.task.ament_cmake.build:Building ROS package in '/home/rocotics/DAT160_semester_oppgave/bug2_interface' with build type 'ament_cmake'
[0.691s] INFO:colcon.colcon_cmake.task.cmake.build:Building CMake package in '/home/rocotics/DAT160_semester_oppgave/bug2_interface'
[0.698s] INFO:colcon.colcon_core.plugin_system:Skipping extension 'colcon_core.shell.bat': Not used on non-Windows systems
[0.699s] INFO:colcon.colcon_core.shell:Skip shell extension 'powershell' for command environment: Not usable outside of PowerShell
[0.699s] DEBUG:colcon.colcon_core.shell:Skip shell extension 'dsv' for command environment
[0.715s] INFO:colcon.colcon_ros.task.ament_python.build:Building ROS package in '/home/rocotics/DAT160_semester_oppgave/multi_robot_challenge_23/src' with build type 'ament_python'
[0.717s] Level 1:colcon.colcon_core.shell:create_environment_hook('multi_robot_challenge_23', 'ament_prefix_path')
[0.722s] INFO:colcon.colcon_core.shell:Creating environment hook '/home/rocotics/DAT160_semester_oppgave/install/multi_robot_challenge_23/share/multi_robot_challenge_23/hook/ament_prefix_path.ps1'
[0.724s] INFO:colcon.colcon_core.shell:Creating environment descriptor '/home/rocotics/DAT160_semester_oppgave/install/multi_robot_challenge_23/share/multi_robot_challenge_23/hook/ament_prefix_path.dsv'
[0.725s] INFO:colcon.colcon_core.shell:Creating environment hook '/home/rocotics/DAT160_semester_oppgave/install/multi_robot_challenge_23/share/multi_robot_challenge_23/hook/ament_prefix_path.sh'
[0.729s] INFO:colcon.colcon_core.shell:Skip shell extension 'powershell' for command environment: Not usable outside of PowerShell
[0.729s] DEBUG:colcon.colcon_core.shell:Skip shell extension 'dsv' for command environment
[0.760s] DEBUG:colcon.colcon_core.event_handler.log_command:Invoking command in '/home/rocotics/DAT160_semester_oppgave/build/bug2_interface': CMAKE_PREFIX_PATH=${CMAKE_PREFIX_PATH}:/home/rocotics/DAT160_semester_oppgave/install/multi_robot_challenge_23:/home/rocotics/ros2_ws/install/ros2_aruco:/home/rocotics/ros2_ws/install/robot_vision:/home/rocotics/ros2_ws/install/robot_ml:/home/rocotics/ros2_ws/install/my_robot_pkg:/home/rocotics/ros2_ws/install/my_package:/home/rocotics/ros2_ws/install/bug2_navigation:/home/rocotics/ros2_ws/install/braitenberg_vehicle:/opt/ros/foxy /usr/bin/cmake --build /home/rocotics/DAT160_semester_oppgave/build/bug2_interface -- -j4 -l4
[1.204s] INFO:colcon.colcon_core.task.python.build:Building Python package in '/home/rocotics/DAT160_semester_oppgave/multi_robot_challenge_23/src'
[1.210s] INFO:colcon.colcon_core.shell:Skip shell extension 'powershell' for command environment: Not usable outside of PowerShell
[1.210s] DEBUG:colcon.colcon_core.shell:Skip shell extension 'dsv' for command environment
[1.231s] DEBUG:colcon.colcon_core.event_handler.log_command:Invoked command in '/home/rocotics/DAT160_semester_oppgave/build/bug2_interface' returned '0': CMAKE_PREFIX_PATH=${CMAKE_PREFIX_PATH}:/home/rocotics/DAT160_semester_oppgave/install/multi_robot_challenge_23:/home/rocotics/ros2_ws/install/ros2_aruco:/home/rocotics/ros2_ws/install/robot_vision:/home/rocotics/ros2_ws/install/robot_ml:/home/rocotics/ros2_ws/install/my_robot_pkg:/home/rocotics/ros2_ws/install/my_package:/home/rocotics/ros2_ws/install/bug2_navigation:/home/rocotics/ros2_ws/install/braitenberg_vehicle:/opt/ros/foxy /usr/bin/cmake --build /home/rocotics/DAT160_semester_oppgave/build/bug2_interface -- -j4 -l4
[1.374s] DEBUG:colcon.colcon_core.event_handler.log_command:Invoking command in '/home/rocotics/DAT160_semester_oppgave/build/bug2_interface': CMAKE_PREFIX_PATH=${CMAKE_PREFIX_PATH}:/home/rocotics/DAT160_semester_oppgave/install/multi_robot_challenge_23:/home/rocotics/ros2_ws/install/ros2_aruco:/home/rocotics/ros2_ws/install/robot_vision:/home/rocotics/ros2_ws/install/robot_ml:/home/rocotics/ros2_ws/install/my_robot_pkg:/home/rocotics/ros2_ws/install/my_package:/home/rocotics/ros2_ws/install/bug2_navigation:/home/rocotics/ros2_ws/install/braitenberg_vehicle:/opt/ros/foxy /usr/bin/cmake --install /home/rocotics/DAT160_semester_oppgave/build/bug2_interface
[1.527s] Level 1:colcon.colcon_core.environment:create_environment_scripts_only(bug2_interface)
[1.531s] DEBUG:colcon.colcon_core.event_handler.log_command:Invoked command in '/home/rocotics/DAT160_semester_oppgave/build/bug2_interface' returned '0': CMAKE_PREFIX_PATH=${CMAKE_PREFIX_PATH}:/home/rocotics/DAT160_semester_oppgave/install/multi_robot_challenge_23:/home/rocotics/ros2_ws/install/ros2_aruco:/home/rocotics/ros2_ws/install/robot_vision:/home/rocotics/ros2_ws/install/robot_ml:/home/rocotics/ros2_ws/install/my_robot_pkg:/home/rocotics/ros2_ws/install/my_package:/home/rocotics/ros2_ws/install/bug2_navigation:/home/rocotics/ros2_ws/install/braitenberg_vehicle:/opt/ros/foxy /usr/bin/cmake --install /home/rocotics/DAT160_semester_oppgave/build/bug2_interface
[1.540s] Level 1:colcon.colcon_core.environment:checking '/home/rocotics/DAT160_semester_oppgave/install/bug2_interface' for CMake module files
[1.541s] Level 1:colcon.colcon_core.environment:checking '/home/rocotics/DAT160_semester_oppgave/install/bug2_interface' for CMake config files
[1.543s] Level 1:colcon.colcon_core.shell:create_environment_hook('bug2_interface', 'cmake_prefix_path')
[1.545s] INFO:colcon.colcon_core.shell:Creating environment hook '/home/rocotics/DAT160_semester_oppgave/install/bug2_interface/share/bug2_interface/hook/cmake_prefix_path.ps1'
[1.547s] INFO:colcon.colcon_core.shell:Creating environment descriptor '/home/rocotics/DAT160_semester_oppgave/install/bug2_interface/share/bug2_interface/hook/cmake_prefix_path.dsv'
[1.548s] INFO:colcon.colcon_core.shell:Creating environment hook '/home/rocotics/DAT160_semester_oppgave/install/bug2_interface/share/bug2_interface/hook/cmake_prefix_path.sh'
[1.550s] Level 1:colcon.colcon_core.environment:checking '/home/rocotics/DAT160_semester_oppgave/install/bug2_interface/lib'
[1.550s] Level 1:colcon.colcon_core.shell:create_environment_hook('bug2_interface', 'ld_library_path_lib')
[1.553s] INFO:colcon.colcon_core.shell:Creating environment hook '/home/rocotics/DAT160_semester_oppgave/install/bug2_interface/share/bug2_interface/hook/ld_library_path_lib.ps1'
[1.553s] INFO:colcon.colcon_core.shell:Creating environment descriptor '/home/rocotics/DAT160_semester_oppgave/install/bug2_interface/share/bug2_interface/hook/ld_library_path_lib.dsv'
[1.554s] INFO:colcon.colcon_core.shell:Creating environment hook '/home/rocotics/DAT160_semester_oppgave/install/bug2_interface/share/bug2_interface/hook/ld_library_path_lib.sh'
[1.555s] Level 1:colcon.colcon_core.environment:checking '/home/rocotics/DAT160_semester_oppgave/install/bug2_interface/bin'
[1.556s] Level 1:colcon.colcon_core.environment:checking '/home/rocotics/DAT160_semester_oppgave/install/bug2_interface/lib/pkgconfig/bug2_interface.pc'
[1.556s] Level 1:colcon.colcon_core.environment:checking '/home/rocotics/DAT160_semester_oppgave/install/bug2_interface/lib/python3.8/site-packages'
[1.556s] Level 1:colcon.colcon_core.shell:create_environment_hook('bug2_interface', 'pythonpath')
[1.559s] INFO:colcon.colcon_core.shell:Creating environment hook '/home/rocotics/DAT160_semester_oppgave/install/bug2_interface/share/bug2_interface/hook/pythonpath.ps1'
[1.560s] INFO:colcon.colcon_core.shell:Creating environment descriptor '/home/rocotics/DAT160_semester_oppgave/install/bug2_interface/share/bug2_interface/hook/pythonpath.dsv'
[1.561s] INFO:colcon.colcon_core.shell:Creating environment hook '/home/rocotics/DAT160_semester_oppgave/install/bug2_interface/share/bug2_interface/hook/pythonpath.sh'
[1.562s] Level 1:colcon.colcon_core.environment:checking '/home/rocotics/DAT160_semester_oppgave/install/bug2_interface/bin'
[1.564s] INFO:colcon.colcon_core.shell:Creating package script '/home/rocotics/DAT160_semester_oppgave/install/bug2_interface/share/bug2_interface/package.ps1'
[1.566s] INFO:colcon.colcon_core.shell:Creating package descriptor '/home/rocotics/DAT160_semester_oppgave/install/bug2_interface/share/bug2_interface/package.dsv'
[1.567s] INFO:colcon.colcon_core.shell:Creating package script '/home/rocotics/DAT160_semester_oppgave/install/bug2_interface/share/bug2_interface/package.sh'
[1.568s] INFO:colcon.colcon_core.shell:Creating package script '/home/rocotics/DAT160_semester_oppgave/install/bug2_interface/share/bug2_interface/package.bash'
[1.569s] INFO:colcon.colcon_core.shell:Creating package script '/home/rocotics/DAT160_semester_oppgave/install/bug2_interface/share/bug2_interface/package.zsh'
[1.570s] Level 1:colcon.colcon_core.environment:create_file_with_runtime_dependencies(/home/rocotics/DAT160_semester_oppgave/install/bug2_interface/share/colcon-core/packages/bug2_interface)
[1.702s] Level 1:colcon.colcon_core.environment:create_environment_scripts_only(bug2_interface)
[1.706s] Level 1:colcon.colcon_core.environment:checking '/home/rocotics/DAT160_semester_oppgave/install/bug2_interface' for CMake module files
[1.708s] Level 1:colcon.colcon_core.environment:checking '/home/rocotics/DAT160_semester_oppgave/install/bug2_interface' for CMake config files
[1.709s] Level 1:colcon.colcon_core.shell:create_environment_hook('bug2_interface', 'cmake_prefix_path')
[1.714s] INFO:colcon.colcon_core.shell:Creating environment hook '/home/rocotics/DAT160_semester_oppgave/install/bug2_interface/share/bug2_interface/hook/cmake_prefix_path.ps1'
[1.715s] INFO:colcon.colcon_core.shell:Creating environment descriptor '/home/rocotics/DAT160_semester_oppgave/install/bug2_interface/share/bug2_interface/hook/cmake_prefix_path.dsv'
[1.719s] INFO:colcon.colcon_core.shell:Creating environment hook '/home/rocotics/DAT160_semester_oppgave/install/bug2_interface/share/bug2_interface/hook/cmake_prefix_path.sh'
[1.720s] Level 1:colcon.colcon_core.environment:checking '/home/rocotics/DAT160_semester_oppgave/install/bug2_interface/lib'
[1.721s] Level 1:colcon.colcon_core.shell:create_environment_hook('bug2_interface', 'ld_library_path_lib')
[1.723s] INFO:colcon.colcon_core.shell:Creating environment hook '/home/rocotics/DAT160_semester_oppgave/install/bug2_interface/share/bug2_interface/hook/ld_library_path_lib.ps1'
[1.724s] INFO:colcon.colcon_core.shell:Creating environment descriptor '/home/rocotics/DAT160_semester_oppgave/install/bug2_interface/share/bug2_interface/hook/ld_library_path_lib.dsv'
[1.725s] INFO:colcon.colcon_core.shell:Creating environment hook '/home/rocotics/DAT160_semester_oppgave/install/bug2_interface/share/bug2_interface/hook/ld_library_path_lib.sh'
[1.726s] Level 1:colcon.colcon_core.environment:checking '/home/rocotics/DAT160_semester_oppgave/install/bug2_interface/bin'
[1.726s] Level 1:colcon.colcon_core.environment:checking '/home/rocotics/DAT160_semester_oppgave/install/bug2_interface/lib/pkgconfig/bug2_interface.pc'
[1.726s] Level 1:colcon.colcon_core.environment:checking '/home/rocotics/DAT160_semester_oppgave/install/bug2_interface/lib/python3.8/site-packages'
[1.727s] Level 1:colcon.colcon_core.shell:create_environment_hook('bug2_interface', 'pythonpath')
[1.729s] INFO:colcon.colcon_core.shell:Creating environment hook '/home/rocotics/DAT160_semester_oppgave/install/bug2_interface/share/bug2_interface/hook/pythonpath.ps1'
[1.730s] INFO:colcon.colcon_core.shell:Creating environment descriptor '/home/rocotics/DAT160_semester_oppgave/install/bug2_interface/share/bug2_interface/hook/pythonpath.dsv'
[1.731s] INFO:colcon.colcon_core.shell:Creating environment hook '/home/rocotics/DAT160_semester_oppgave/install/bug2_interface/share/bug2_interface/hook/pythonpath.sh'
[1.732s] Level 1:colcon.colcon_core.environment:checking '/home/rocotics/DAT160_semester_oppgave/install/bug2_interface/bin'
[1.735s] INFO:colcon.colcon_core.shell:Creating package script '/home/rocotics/DAT160_semester_oppgave/install/bug2_interface/share/bug2_interface/package.ps1'
[1.736s] INFO:colcon.colcon_core.shell:Creating package descriptor '/home/rocotics/DAT160_semester_oppgave/install/bug2_interface/share/bug2_interface/package.dsv'
[1.744s] INFO:colcon.colcon_core.shell:Creating package script '/home/rocotics/DAT160_semester_oppgave/install/bug2_interface/share/bug2_interface/package.sh'
[1.745s] INFO:colcon.colcon_core.shell:Creating package script '/home/rocotics/DAT160_semester_oppgave/install/bug2_interface/share/bug2_interface/package.bash'
[1.747s] INFO:colcon.colcon_core.shell:Creating package script '/home/rocotics/DAT160_semester_oppgave/install/bug2_interface/share/bug2_interface/package.zsh'
[1.747s] Level 1:colcon.colcon_core.environment:create_file_with_runtime_dependencies(/home/rocotics/DAT160_semester_oppgave/install/bug2_interface/share/colcon-core/packages/bug2_interface)
[1.857s] DEBUG:colcon.colcon_core.event_handler.log_command:Invoking command in '/home/rocotics/DAT160_semester_oppgave/build/multi_robot_challenge_23': PYTHONPATH=/home/rocotics/DAT160_semester_oppgave/build/multi_robot_challenge_23/prefix_override:/home/rocotics/DAT160_semester_oppgave/install/multi_robot_challenge_23/lib/python3.8/site-packages:${PYTHONPATH} /usr/bin/python3 setup.py develop --uninstall --editable --build-directory /home/rocotics/DAT160_semester_oppgave/build/multi_robot_challenge_23/build
[2.457s] DEBUG:colcon.colcon_core.event_handler.log_command:Invoked command in '/home/rocotics/DAT160_semester_oppgave/build/multi_robot_challenge_23' returned '0': PYTHONPATH=/home/rocotics/DAT160_semester_oppgave/build/multi_robot_challenge_23/prefix_override:/home/rocotics/DAT160_semester_oppgave/install/multi_robot_challenge_23/lib/python3.8/site-packages:${PYTHONPATH} /usr/bin/python3 setup.py develop --uninstall --editable --build-directory /home/rocotics/DAT160_semester_oppgave/build/multi_robot_challenge_23/build
[2.458s] DEBUG:colcon.colcon_core.event_handler.log_command:Invoking command in '/home/rocotics/DAT160_semester_oppgave/multi_robot_challenge_23/src': PYTHONPATH=/home/rocotics/DAT160_semester_oppgave/build/multi_robot_challenge_23/prefix_override:/home/rocotics/DAT160_semester_oppgave/install/multi_robot_challenge_23/lib/python3.8/site-packages:${PYTHONPATH} /usr/bin/python3 setup.py egg_info --egg-base ../../build/multi_robot_challenge_23 build --build-base /home/rocotics/DAT160_semester_oppgave/build/multi_robot_challenge_23/build install --record /home/rocotics/DAT160_semester_oppgave/build/multi_robot_challenge_23/install.log --install-scripts $base/lib/multi_robot_challenge_23 --single-version-externally-managed
[2.964s] Level 1:colcon.colcon_core.environment:checking '/home/rocotics/DAT160_semester_oppgave/install/multi_robot_challenge_23' for CMake module files
[2.966s] DEBUG:colcon.colcon_core.event_handler.log_command:Invoked command in '/home/rocotics/DAT160_semester_oppgave/multi_robot_challenge_23/src' returned '0': PYTHONPATH=/home/rocotics/DAT160_semester_oppgave/build/multi_robot_challenge_23/prefix_override:/home/rocotics/DAT160_semester_oppgave/install/multi_robot_challenge_23/lib/python3.8/site-packages:${PYTHONPATH} /usr/bin/python3 setup.py egg_info --egg-base ../../build/multi_robot_challenge_23 build --build-base /home/rocotics/DAT160_semester_oppgave/build/multi_robot_challenge_23/build install --record /home/rocotics/DAT160_semester_oppgave/build/multi_robot_challenge_23/install.log --install-scripts $base/lib/multi_robot_challenge_23 --single-version-externally-managed
[2.967s] Level 1:colcon.colcon_core.environment:checking '/home/rocotics/DAT160_semester_oppgave/install/multi_robot_challenge_23' for CMake config files
[2.968s] Level 1:colcon.colcon_core.environment:checking '/home/rocotics/DAT160_semester_oppgave/install/multi_robot_challenge_23/lib'
[2.969s] Level 1:colcon.colcon_core.environment:checking '/home/rocotics/DAT160_semester_oppgave/install/multi_robot_challenge_23/bin'
[2.969s] Level 1:colcon.colcon_core.environment:checking '/home/rocotics/DAT160_semester_oppgave/install/multi_robot_challenge_23/lib/pkgconfig/multi_robot_challenge_23.pc'
[2.969s] Level 1:colcon.colcon_core.environment:checking '/home/rocotics/DAT160_semester_oppgave/install/multi_robot_challenge_23/lib/python3.8/site-packages'
[2.969s] Level 1:colcon.colcon_core.shell:create_environment_hook('multi_robot_challenge_23', 'pythonpath')
[2.972s] INFO:colcon.colcon_core.shell:Creating environment hook '/home/rocotics/DAT160_semester_oppgave/install/multi_robot_challenge_23/share/multi_robot_challenge_23/hook/pythonpath.ps1'
[2.973s] INFO:colcon.colcon_core.shell:Creating environment descriptor '/home/rocotics/DAT160_semester_oppgave/install/multi_robot_challenge_23/share/multi_robot_challenge_23/hook/pythonpath.dsv'
[2.974s] INFO:colcon.colcon_core.shell:Creating environment hook '/home/rocotics/DAT160_semester_oppgave/install/multi_robot_challenge_23/share/multi_robot_challenge_23/hook/pythonpath.sh'
[2.975s] Level 1:colcon.colcon_core.environment:checking '/home/rocotics/DAT160_semester_oppgave/install/multi_robot_challenge_23/bin'
[2.975s] Level 1:colcon.colcon_core.environment:create_environment_scripts_only(multi_robot_challenge_23)
[2.978s] INFO:colcon.colcon_core.shell:Creating package script '/home/rocotics/DAT160_semester_oppgave/install/multi_robot_challenge_23/share/multi_robot_challenge_23/package.ps1'
[2.979s] INFO:colcon.colcon_core.shell:Creating package descriptor '/home/rocotics/DAT160_semester_oppgave/install/multi_robot_challenge_23/share/multi_robot_challenge_23/package.dsv'
[2.979s] INFO:colcon.colcon_core.shell:Creating package script '/home/rocotics/DAT160_semester_oppgave/install/multi_robot_challenge_23/share/multi_robot_challenge_23/package.sh'
[2.980s] INFO:colcon.colcon_core.shell:Creating package script '/home/rocotics/DAT160_semester_oppgave/install/multi_robot_challenge_23/share/multi_robot_challenge_23/package.bash'
[2.981s] INFO:colcon.colcon_core.shell:Creating package script '/home/rocotics/DAT160_semester_oppgave/install/multi_robot_challenge_23/share/multi_robot_challenge_23/package.zsh'
[2.981s] Level 1:colcon.colcon_core.environment:create_file_with_runtime_dependencies(/home/rocotics/DAT160_semester_oppgave/install/multi_robot_challenge_23/share/colcon-core/packages/multi_robot_challenge_23)
[2.982s] DEBUG:colcon.colcon_parallel_executor.executor.parallel:closing loop
[2.982s] DEBUG:colcon.colcon_parallel_executor.executor.parallel:loop closed
[2.982s] DEBUG:colcon.colcon_parallel_executor.executor.parallel:run_until_complete finished with '0'
[2.982s] DEBUG:colcon.colcon_core.event_reactor:joining thread
[2.995s] INFO:colcon.colcon_core.plugin_system:Skipping extension 'colcon_notification.desktop_notification.terminal_notifier': Not used on non-Darwin systems
[2.995s] INFO:colcon.colcon_core.plugin_system:Skipping extension 'colcon_notification.desktop_notification.win32': Not used on non-Windows systems
[2.996s] INFO:colcon.colcon_notification.desktop_notification:Sending desktop notification using 'notify2'
[3.027s] DEBUG:colcon.colcon_core.event_reactor:joined thread
[3.031s] INFO:colcon.colcon_core.shell:Creating prefix script '/home/rocotics/DAT160_semester_oppgave/install/local_setup.ps1'
[3.033s] INFO:colcon.colcon_core.shell:Creating prefix util module '/home/rocotics/DAT160_semester_oppgave/install/_local_setup_util_ps1.py'
[3.035s] INFO:colcon.colcon_core.shell:Creating prefix chain script '/home/rocotics/DAT160_semester_oppgave/install/setup.ps1'
[3.039s] INFO:colcon.colcon_core.shell:Creating prefix script '/home/rocotics/DAT160_semester_oppgave/install/local_setup.sh'
[3.040s] INFO:colcon.colcon_core.shell:Creating prefix util module '/home/rocotics/DAT160_semester_oppgave/install/_local_setup_util_sh.py'
[3.041s] INFO:colcon.colcon_core.shell:Creating prefix chain script '/home/rocotics/DAT160_semester_oppgave/install/setup.sh'
[3.046s] INFO:colcon.colcon_core.shell:Creating prefix script '/home/rocotics/DAT160_semester_oppgave/install/local_setup.bash'
[3.047s] INFO:colcon.colcon_core.shell:Creating prefix chain script '/home/rocotics/DAT160_semester_oppgave/install/setup.bash'
[3.051s] INFO:colcon.colcon_core.shell:Creating prefix script '/home/rocotics/DAT160_semester_oppgave/install/local_setup.zsh'
[3.052s] INFO:colcon.colcon_core.shell:Creating prefix chain script '/home/rocotics/DAT160_semester_oppgave/install/setup.zsh'
