[0.071s] Invoking command in '/home/rocotics/DAT160_semester_oppgave/build/bug2_interface': CMAKE_PREFIX_PATH=${CMAKE_PREFIX_PATH}:/home/rocotics/ros2_ws/install/ros2_aruco:/home/rocotics/ros2_ws/install/robot_vision:/home/rocotics/ros2_ws/install/robot_ml:/home/rocotics/ros2_ws/install/my_robot_pkg:/home/rocotics/ros2_ws/install/my_package:/home/rocotics/ros2_ws/install/bug2_navigation:/home/rocotics/ros2_ws/install/braitenberg_vehicle:/opt/ros/foxy /usr/bin/cmake --build /home/rocotics/DAT160_semester_oppgave/build/bug2_interface -- -j4 -l4
[0.263s] [  3%] Built target bug2_interface__cpp
[0.282s] [ 12%] Built target bug2_interface__rosidl_generator_c
[0.339s] [ 22%] Built target bug2_interface__rosidl_typesupport_fastrtps_cpp
[0.349s] [ 32%] Built target bug2_interface__rosidl_typesupport_cpp
[0.363s] [ 41%] Built target bug2_interface__rosidl_typesupport_introspection_cpp
[0.371s] [ 51%] Built target bug2_interface__rosidl_typesupport_introspection_c
[0.398s] [ 61%] Built target bug2_interface__rosidl_typesupport_c
[0.404s] [ 70%] Built target bug2_interface__rosidl_typesupport_fastrtps_c
[0.454s] [ 70%] Built target bug2_interface
[0.494s] [ 74%] Built target bug2_interface__py
[0.552s] [ 80%] Built target bug2_interface__python
[0.596s] [ 87%] Built target bug2_interface__rosidl_typesupport_introspection_c__pyext
[0.596s] [ 93%] Built target bug2_interface__rosidl_typesupport_fastrtps_c__pyext
[0.597s] [100%] Built target bug2_interface__rosidl_typesupport_c__pyext
[0.622s] Invoked command in '/home/rocotics/DAT160_semester_oppgave/build/bug2_interface' returned '0': CMAKE_PREFIX_PATH=${CMAKE_PREFIX_PATH}:/home/rocotics/ros2_ws/install/ros2_aruco:/home/rocotics/ros2_ws/install/robot_vision:/home/rocotics/ros2_ws/install/robot_ml:/home/rocotics/ros2_ws/install/my_robot_pkg:/home/rocotics/ros2_ws/install/my_package:/home/rocotics/ros2_ws/install/bug2_navigation:/home/rocotics/ros2_ws/install/braitenberg_vehicle:/opt/ros/foxy /usr/bin/cmake --build /home/rocotics/DAT160_semester_oppgave/build/bug2_interface -- -j4 -l4
[0.773s] Invoking command in '/home/rocotics/DAT160_semester_oppgave/build/bug2_interface': CMAKE_PREFIX_PATH=${CMAKE_PREFIX_PATH}:/home/rocotics/ros2_ws/install/ros2_aruco:/home/rocotics/ros2_ws/install/robot_vision:/home/rocotics/ros2_ws/install/robot_ml:/home/rocotics/ros2_ws/install/my_robot_pkg:/home/rocotics/ros2_ws/install/my_package:/home/rocotics/ros2_ws/install/bug2_navigation:/home/rocotics/ros2_ws/install/braitenberg_vehicle:/opt/ros/foxy /usr/bin/cmake --install /home/rocotics/DAT160_semester_oppgave/build/bug2_interface
[0.787s] -- Install configuration: ""
[0.788s] -- Execute custom install script
[0.788s] -- Up-to-date symlink: /home/rocotics/DAT160_semester_oppgave/install/bug2_interface/share/ament_index/resource_index/rosidl_interfaces/bug2_interface
[0.790s] -- Up-to-date symlink: /home/rocotics/DAT160_semester_oppgave/install/bug2_interface/include/bug2_interface/msg/rosidl_generator_c__visibility_control.h
[0.791s] -- Up-to-date symlink: /home/rocotics/DAT160_semester_oppgave/install/bug2_interface/include/bug2_interface/srv/detail/go_to_point__functions.h
[0.791s] -- Up-to-date symlink: /home/rocotics/DAT160_semester_oppgave/install/bug2_interface/include/bug2_interface/srv/detail/go_to_point__struct.h
[0.792s] -- Up-to-date symlink: /home/rocotics/DAT160_semester_oppgave/install/bug2_interface/include/bug2_interface/srv/detail/go_to_point__type_support.h
[0.792s] -- Up-to-date symlink: /home/rocotics/DAT160_semester_oppgave/install/bug2_interface/include/bug2_interface/srv/go_to_point.h
[0.792s] -- Up-to-date symlink: /home/rocotics/DAT160_semester_oppgave/install/bug2_interface/share/bug2_interface/environment/library_path.sh
[0.793s] -- Up-to-date symlink: /home/rocotics/DAT160_semester_oppgave/install/bug2_interface/share/bug2_interface/environment/library_path.dsv
[0.794s] -- Up-to-date symlink: /home/rocotics/DAT160_semester_oppgave/install/bug2_interface/include/bug2_interface/msg/rosidl_typesupport_fastrtps_c__visibility_control.h
[0.794s] -- Up-to-date symlink: /home/rocotics/DAT160_semester_oppgave/install/bug2_interface/include/bug2_interface/srv/detail/go_to_point__rosidl_typesupport_fastrtps_c.h
[0.795s] -- Up-to-date symlink: /home/rocotics/DAT160_semester_oppgave/install/bug2_interface/lib/libbug2_interface__rosidl_typesupport_fastrtps_c.so
[0.796s] -- Up-to-date symlink: /home/rocotics/DAT160_semester_oppgave/install/bug2_interface/include/bug2_interface/msg/rosidl_typesupport_fastrtps_cpp__visibility_control.h
[0.796s] -- Up-to-date symlink: /home/rocotics/DAT160_semester_oppgave/install/bug2_interface/include/bug2_interface/srv/detail/go_to_point__rosidl_typesupport_fastrtps_cpp.hpp
[0.798s] -- Up-to-date symlink: /home/rocotics/DAT160_semester_oppgave/install/bug2_interface/lib/libbug2_interface__rosidl_typesupport_fastrtps_cpp.so
[0.798s] -- Up-to-date symlink: /home/rocotics/DAT160_semester_oppgave/install/bug2_interface/include/bug2_interface/msg/rosidl_typesupport_introspection_c__visibility_control.h
[0.799s] -- Up-to-date symlink: /home/rocotics/DAT160_semester_oppgave/install/bug2_interface/include/bug2_interface/srv/detail/go_to_point__rosidl_typesupport_introspection_c.h
[0.800s] -- Up-to-date symlink: /home/rocotics/DAT160_semester_oppgave/install/bug2_interface/include/bug2_interface/msg/rosidl_generator_cpp__visibility_control.hpp
[0.801s] -- Up-to-date symlink: /home/rocotics/DAT160_semester_oppgave/install/bug2_interface/include/bug2_interface/srv/detail/go_to_point__builder.hpp
[0.801s] -- Up-to-date symlink: /home/rocotics/DAT160_semester_oppgave/install/bug2_interface/include/bug2_interface/srv/detail/go_to_point__struct.hpp
[0.802s] -- Up-to-date symlink: /home/rocotics/DAT160_semester_oppgave/install/bug2_interface/include/bug2_interface/srv/detail/go_to_point__traits.hpp
[0.802s] -- Up-to-date symlink: /home/rocotics/DAT160_semester_oppgave/install/bug2_interface/include/bug2_interface/srv/detail/go_to_point__type_support.hpp
[0.803s] -- Up-to-date symlink: /home/rocotics/DAT160_semester_oppgave/install/bug2_interface/include/bug2_interface/srv/go_to_point.hpp
[0.803s] -- Up-to-date symlink: /home/rocotics/DAT160_semester_oppgave/install/bug2_interface/include/bug2_interface/srv/detail/go_to_point__rosidl_typesupport_introspection_cpp.hpp
[0.803s] -- Up-to-date symlink: /home/rocotics/DAT160_semester_oppgave/install/bug2_interface/share/bug2_interface/environment/pythonpath.sh
[0.803s] -- Up-to-date symlink: /home/rocotics/DAT160_semester_oppgave/install/bug2_interface/share/bug2_interface/environment/pythonpath.dsv
[0.804s] -- Up-to-date symlink: /home/rocotics/DAT160_semester_oppgave/install/bug2_interface/lib/python3.8/site-packages/bug2_interface/__init__.py
[0.804s] -- Up-to-date symlink: /home/rocotics/DAT160_semester_oppgave/install/bug2_interface/lib/python3.8/site-packages/bug2_interface/srv/__init__.py
[0.805s] -- Up-to-date symlink: /home/rocotics/DAT160_semester_oppgave/install/bug2_interface/lib/python3.8/site-packages/bug2_interface/srv/_go_to_point.py
[0.806s] -- Up-to-date symlink: /home/rocotics/DAT160_semester_oppgave/install/bug2_interface/lib/python3.8/site-packages/bug2_interface/bug2_interface_s__rosidl_typesupport_fastrtps_c.cpython-38-x86_64-linux-gnu.so
[0.808s] -- Up-to-date symlink: /home/rocotics/DAT160_semester_oppgave/install/bug2_interface/lib/python3.8/site-packages/bug2_interface/bug2_interface_s__rosidl_typesupport_introspection_c.cpython-38-x86_64-linux-gnu.so
[0.809s] -- Up-to-date symlink: /home/rocotics/DAT160_semester_oppgave/install/bug2_interface/lib/python3.8/site-packages/bug2_interface/bug2_interface_s__rosidl_typesupport_c.cpython-38-x86_64-linux-gnu.so
[0.811s] -- Up-to-date symlink: /home/rocotics/DAT160_semester_oppgave/install/bug2_interface/lib/libbug2_interface__python.so
[0.812s] -- Up-to-date symlink: /home/rocotics/DAT160_semester_oppgave/install/bug2_interface/share/bug2_interface/srv/GoToPoint.idl
[0.812s] -- Up-to-date symlink: /home/rocotics/DAT160_semester_oppgave/install/bug2_interface/share/bug2_interface/srv/GoToPoint.srv
[0.812s] -- Up-to-date symlink: /home/rocotics/DAT160_semester_oppgave/install/bug2_interface/share/bug2_interface/srv/GoToPoint_Request.msg
[0.815s] -- Up-to-date symlink: /home/rocotics/DAT160_semester_oppgave/install/bug2_interface/share/bug2_interface/srv/GoToPoint_Response.msg
[0.815s] -- Up-to-date symlink: /home/rocotics/DAT160_semester_oppgave/install/bug2_interface/share/ament_index/resource_index/package_run_dependencies/bug2_interface
[0.816s] -- Up-to-date symlink: /home/rocotics/DAT160_semester_oppgave/install/bug2_interface/share/ament_index/resource_index/parent_prefix_path/bug2_interface
[0.818s] -- Up-to-date symlink: /home/rocotics/DAT160_semester_oppgave/install/bug2_interface/share/bug2_interface/environment/ament_prefix_path.sh
[0.820s] -- Up-to-date symlink: /home/rocotics/DAT160_semester_oppgave/install/bug2_interface/share/bug2_interface/environment/ament_prefix_path.dsv
[0.821s] -- Up-to-date symlink: /home/rocotics/DAT160_semester_oppgave/install/bug2_interface/share/bug2_interface/environment/path.sh
[0.822s] -- Up-to-date symlink: /home/rocotics/DAT160_semester_oppgave/install/bug2_interface/share/bug2_interface/environment/path.dsv
[0.822s] -- Up-to-date symlink: /home/rocotics/DAT160_semester_oppgave/install/bug2_interface/share/bug2_interface/local_setup.bash
[0.824s] -- Up-to-date symlink: /home/rocotics/DAT160_semester_oppgave/install/bug2_interface/share/bug2_interface/local_setup.sh
[0.825s] -- Up-to-date symlink: /home/rocotics/DAT160_semester_oppgave/install/bug2_interface/share/bug2_interface/local_setup.zsh
[0.826s] -- Up-to-date symlink: /home/rocotics/DAT160_semester_oppgave/install/bug2_interface/share/bug2_interface/local_setup.dsv
[0.827s] -- Symlinking: /home/rocotics/DAT160_semester_oppgave/install/bug2_interface/share/bug2_interface/package.dsv
[0.845s] -- Up-to-date symlink: /home/rocotics/DAT160_semester_oppgave/install/bug2_interface/share/ament_index/resource_index/packages/bug2_interface
[0.846s] -- Up-to-date symlink: /home/rocotics/DAT160_semester_oppgave/install/bug2_interface/share/bug2_interface/cmake/rosidl_cmake-extras.cmake
[0.846s] -- Up-to-date symlink: /home/rocotics/DAT160_semester_oppgave/install/bug2_interface/share/bug2_interface/cmake/ament_cmake_export_dependencies-extras.cmake
[0.846s] -- Up-to-date symlink: /home/rocotics/DAT160_semester_oppgave/install/bug2_interface/share/bug2_interface/cmake/ament_cmake_export_libraries-extras.cmake
[0.846s] -- Up-to-date symlink: /home/rocotics/DAT160_semester_oppgave/install/bug2_interface/share/bug2_interface/cmake/ament_cmake_export_targets-extras.cmake
[0.846s] -- Up-to-date symlink: /home/rocotics/DAT160_semester_oppgave/install/bug2_interface/share/bug2_interface/cmake/ament_cmake_export_include_directories-extras.cmake
[0.846s] -- Up-to-date symlink: /home/rocotics/DAT160_semester_oppgave/install/bug2_interface/share/bug2_interface/cmake/rosidl_cmake_export_typesupport_libraries-extras.cmake
[0.846s] -- Up-to-date symlink: /home/rocotics/DAT160_semester_oppgave/install/bug2_interface/share/bug2_interface/cmake/rosidl_cmake_export_typesupport_targets-extras.cmake
[0.846s] -- Up-to-date symlink: /home/rocotics/DAT160_semester_oppgave/install/bug2_interface/share/bug2_interface/cmake/bug2_interfaceConfig.cmake
[0.849s] -- Up-to-date symlink: /home/rocotics/DAT160_semester_oppgave/install/bug2_interface/share/bug2_interface/cmake/bug2_interfaceConfig-version.cmake
[0.849s] -- Up-to-date symlink: /home/rocotics/DAT160_semester_oppgave/install/bug2_interface/share/bug2_interface/package.xml
[0.849s] -- Up-to-date: /home/rocotics/DAT160_semester_oppgave/install/bug2_interface/lib/libbug2_interface__rosidl_generator_c.so
[0.849s] -- Up-to-date: /home/rocotics/DAT160_semester_oppgave/install/bug2_interface/lib/libbug2_interface__rosidl_typesupport_introspection_c.so
[0.849s] -- Up-to-date: /home/rocotics/DAT160_semester_oppgave/install/bug2_interface/lib/libbug2_interface__rosidl_typesupport_c.so
[0.849s] -- Up-to-date: /home/rocotics/DAT160_semester_oppgave/install/bug2_interface/lib/libbug2_interface__rosidl_typesupport_introspection_cpp.so
[0.851s] -- Up-to-date: /home/rocotics/DAT160_semester_oppgave/install/bug2_interface/lib/libbug2_interface__rosidl_typesupport_cpp.so
[0.926s] -- Up-to-date: /home/rocotics/DAT160_semester_oppgave/install/bug2_interface/share/bug2_interface/cmake/bug2_interface__rosidl_generator_cExport.cmake
[0.926s] -- Up-to-date: /home/rocotics/DAT160_semester_oppgave/install/bug2_interface/share/bug2_interface/cmake/bug2_interface__rosidl_generator_cExport-noconfig.cmake
[0.927s] -- Up-to-date: /home/rocotics/DAT160_semester_oppgave/install/bug2_interface/share/bug2_interface/cmake/bug2_interface__rosidl_typesupport_introspection_cExport.cmake
[0.927s] -- Up-to-date: /home/rocotics/DAT160_semester_oppgave/install/bug2_interface/share/bug2_interface/cmake/bug2_interface__rosidl_typesupport_introspection_cExport-noconfig.cmake
[0.928s] -- Up-to-date: /home/rocotics/DAT160_semester_oppgave/install/bug2_interface/share/bug2_interface/cmake/bug2_interface__rosidl_typesupport_cExport.cmake
[0.928s] -- Up-to-date: /home/rocotics/DAT160_semester_oppgave/install/bug2_interface/share/bug2_interface/cmake/bug2_interface__rosidl_typesupport_cExport-noconfig.cmake
[0.929s] -- Up-to-date: /home/rocotics/DAT160_semester_oppgave/install/bug2_interface/share/bug2_interface/cmake/bug2_interface__rosidl_generator_cppExport.cmake
[0.930s] -- Up-to-date: /home/rocotics/DAT160_semester_oppgave/install/bug2_interface/share/bug2_interface/cmake/bug2_interface__rosidl_typesupport_introspection_cppExport.cmake
[0.930s] -- Up-to-date: /home/rocotics/DAT160_semester_oppgave/install/bug2_interface/share/bug2_interface/cmake/bug2_interface__rosidl_typesupport_introspection_cppExport-noconfig.cmake
[0.930s] -- Up-to-date: /home/rocotics/DAT160_semester_oppgave/install/bug2_interface/share/bug2_interface/cmake/bug2_interface__rosidl_typesupport_cppExport.cmake
[0.931s] -- Up-to-date: /home/rocotics/DAT160_semester_oppgave/install/bug2_interface/share/bug2_interface/cmake/bug2_interface__rosidl_typesupport_cppExport-noconfig.cmake
[0.935s] Invoked command in '/home/rocotics/DAT160_semester_oppgave/build/bug2_interface' returned '0': CMAKE_PREFIX_PATH=${CMAKE_PREFIX_PATH}:/home/rocotics/ros2_ws/install/ros2_aruco:/home/rocotics/ros2_ws/install/robot_vision:/home/rocotics/ros2_ws/install/robot_ml:/home/rocotics/ros2_ws/install/my_robot_pkg:/home/rocotics/ros2_ws/install/my_package:/home/rocotics/ros2_ws/install/bug2_navigation:/home/rocotics/ros2_ws/install/braitenberg_vehicle:/opt/ros/foxy /usr/bin/cmake --install /home/rocotics/DAT160_semester_oppgave/build/bug2_interface
