[1.111s] Invoking command in '/home/rocotics/DAT160_semester_oppgave/build/multi_robot_challenge_23': PYTHONPATH=/home/rocotics/DAT160_semester_oppgave/build/multi_robot_challenge_23/prefix_override:/home/rocotics/DAT160_semester_oppgave/install/multi_robot_challenge_23/lib/python3.8/site-packages:${PYTHONPATH} /usr/bin/python3 setup.py develop --editable --build-directory /home/rocotics/DAT160_semester_oppgave/build/multi_robot_challenge_23/build --no-deps install_data
[1.503s] running develop
[1.725s] running egg_info
[1.726s] creating multi_robot_challenge_23.egg-info
[1.726s] writing multi_robot_challenge_23.egg-info/PKG-INFO
[1.727s] writing dependency_links to multi_robot_challenge_23.egg-info/dependency_links.txt
[1.727s] writing entry points to multi_robot_challenge_23.egg-info/entry_points.txt
[1.727s] writing requirements to multi_robot_challenge_23.egg-info/requires.txt
[1.728s] writing top-level names to multi_robot_challenge_23.egg-info/top_level.txt
[1.729s] writing manifest file 'multi_robot_challenge_23.egg-info/SOURCES.txt'
[1.768s] reading manifest file 'multi_robot_challenge_23.egg-info/SOURCES.txt'
[1.769s] writing manifest file 'multi_robot_challenge_23.egg-info/SOURCES.txt'
[1.827s] running build_ext
[1.828s] Creating /home/rocotics/DAT160_semester_oppgave/install/multi_robot_challenge_23/lib/python3.8/site-packages/site.py
[1.831s] Creating /home/rocotics/DAT160_semester_oppgave/install/multi_robot_challenge_23/lib/python3.8/site-packages/multi-robot-challenge-23.egg-link (link to .)
[1.832s] Installing bug2_controller script to /home/rocotics/DAT160_semester_oppgave/install/multi_robot_challenge_23/lib/multi_robot_challenge_23
[1.833s] Installing go_to_point script to /home/rocotics/DAT160_semester_oppgave/install/multi_robot_challenge_23/lib/multi_robot_challenge_23
[1.834s] Installing leader script to /home/rocotics/DAT160_semester_oppgave/install/multi_robot_challenge_23/lib/multi_robot_challenge_23
[1.834s] Installing poi_gen script to /home/rocotics/DAT160_semester_oppgave/install/multi_robot_challenge_23/lib/multi_robot_challenge_23
[1.834s] Installing robot_handler script to /home/rocotics/DAT160_semester_oppgave/install/multi_robot_challenge_23/lib/multi_robot_challenge_23
[1.834s] Installing wall_follower script to /home/rocotics/DAT160_semester_oppgave/install/multi_robot_challenge_23/lib/multi_robot_challenge_23
[1.834s] 
[1.834s] Installed /home/rocotics/DAT160_semester_oppgave/build/multi_robot_challenge_23
[1.836s] running install_data
[1.837s] creating /home/rocotics/DAT160_semester_oppgave/install/multi_robot_challenge_23/share/ament_index
[1.838s] creating /home/rocotics/DAT160_semester_oppgave/install/multi_robot_challenge_23/share/ament_index/resource_index
[1.839s] creating /home/rocotics/DAT160_semester_oppgave/install/multi_robot_challenge_23/share/ament_index/resource_index/packages
[1.839s] copying resource/multi_robot_challenge_23 -> /home/rocotics/DAT160_semester_oppgave/install/multi_robot_challenge_23/share/ament_index/resource_index/packages
[1.840s] copying package.xml -> /home/rocotics/DAT160_semester_oppgave/install/multi_robot_challenge_23/share/multi_robot_challenge_23
[1.840s] creating /home/rocotics/DAT160_semester_oppgave/install/multi_robot_challenge_23/share/multi_robot_challenge_23/launch
[1.841s] copying launch/rescue_robots_w1.launch.py -> /home/rocotics/DAT160_semester_oppgave/install/multi_robot_challenge_23/share/multi_robot_challenge_23/launch
[1.843s] copying launch/spawn_robot.launch.py -> /home/rocotics/DAT160_semester_oppgave/install/multi_robot_challenge_23/share/multi_robot_challenge_23/launch
[1.843s] copying launch/rescue_robots_w5.launch.py -> /home/rocotics/DAT160_semester_oppgave/install/multi_robot_challenge_23/share/multi_robot_challenge_23/launch
[1.843s] copying launch/rescue_robots_w2.launch.py -> /home/rocotics/DAT160_semester_oppgave/install/multi_robot_challenge_23/share/multi_robot_challenge_23/launch
[1.843s] copying launch/rescue_robots_w4.launch.py -> /home/rocotics/DAT160_semester_oppgave/install/multi_robot_challenge_23/share/multi_robot_challenge_23/launch
[1.843s] copying launch/rescue_robots_w3.launch.py -> /home/rocotics/DAT160_semester_oppgave/install/multi_robot_challenge_23/share/multi_robot_challenge_23/launch
[1.843s] copying launch/aruco_recognition.launch.py -> /home/rocotics/DAT160_semester_oppgave/install/multi_robot_challenge_23/share/multi_robot_challenge_23/launch
[1.843s] creating /home/rocotics/DAT160_semester_oppgave/install/multi_robot_challenge_23/share/multi_robot_challenge_23/worlds
[1.843s] copying worlds/dat160_w5.world -> /home/rocotics/DAT160_semester_oppgave/install/multi_robot_challenge_23/share/multi_robot_challenge_23/worlds
[1.844s] copying worlds/dat160_w2.world -> /home/rocotics/DAT160_semester_oppgave/install/multi_robot_challenge_23/share/multi_robot_challenge_23/worlds
[1.844s] copying worlds/dat160_w1.world -> /home/rocotics/DAT160_semester_oppgave/install/multi_robot_challenge_23/share/multi_robot_challenge_23/worlds
[1.844s] copying worlds/dat160_w3.world -> /home/rocotics/DAT160_semester_oppgave/install/multi_robot_challenge_23/share/multi_robot_challenge_23/worlds
[1.844s] copying worlds/dat160_w4.world -> /home/rocotics/DAT160_semester_oppgave/install/multi_robot_challenge_23/share/multi_robot_challenge_23/worlds
[1.844s] creating /home/rocotics/DAT160_semester_oppgave/install/multi_robot_challenge_23/share/multi_robot_challenge_23/rviz
[1.844s] copying rviz/model.rviz -> /home/rocotics/DAT160_semester_oppgave/install/multi_robot_challenge_23/share/multi_robot_challenge_23/rviz
[1.844s] creating /home/rocotics/DAT160_semester_oppgave/install/multi_robot_challenge_23/share/multi_robot_challenge_23/urdf
[1.844s] copying urdf/turtlebot3_waffle_pi.gazebo.xacro -> /home/rocotics/DAT160_semester_oppgave/install/multi_robot_challenge_23/share/multi_robot_challenge_23/urdf
[1.844s] copying urdf/turtlebot3_waffle_pi.urdf.xacro -> /home/rocotics/DAT160_semester_oppgave/install/multi_robot_challenge_23/share/multi_robot_challenge_23/urdf
[1.844s] copying urdf/common_properties.xacro -> /home/rocotics/DAT160_semester_oppgave/install/multi_robot_challenge_23/share/multi_robot_challenge_23/urdf
[1.845s] creating /home/rocotics/DAT160_semester_oppgave/install/multi_robot_challenge_23/share/multi_robot_challenge_23/maps
[1.845s] copying maps/map_dat160_w4.yaml -> /home/rocotics/DAT160_semester_oppgave/install/multi_robot_challenge_23/share/multi_robot_challenge_23/maps
[1.845s] copying maps/map_dat160_w5.yaml -> /home/rocotics/DAT160_semester_oppgave/install/multi_robot_challenge_23/share/multi_robot_challenge_23/maps
[1.845s] copying maps/map_dat160_w3.yaml -> /home/rocotics/DAT160_semester_oppgave/install/multi_robot_challenge_23/share/multi_robot_challenge_23/maps
[1.846s] copying maps/map_dat160_w1.png -> /home/rocotics/DAT160_semester_oppgave/install/multi_robot_challenge_23/share/multi_robot_challenge_23/maps
[1.846s] copying maps/map_dat160_w4.png -> /home/rocotics/DAT160_semester_oppgave/install/multi_robot_challenge_23/share/multi_robot_challenge_23/maps
[1.846s] copying maps/map_dat160_w2.yaml -> /home/rocotics/DAT160_semester_oppgave/install/multi_robot_challenge_23/share/multi_robot_challenge_23/maps
[1.846s] copying maps/map_dat160_w2.png -> /home/rocotics/DAT160_semester_oppgave/install/multi_robot_challenge_23/share/multi_robot_challenge_23/maps
[1.846s] copying maps/map_dat160_w1.yaml -> /home/rocotics/DAT160_semester_oppgave/install/multi_robot_challenge_23/share/multi_robot_challenge_23/maps
[1.846s] copying maps/map_dat160_w5.png -> /home/rocotics/DAT160_semester_oppgave/install/multi_robot_challenge_23/share/multi_robot_challenge_23/maps
[1.846s] copying maps/map_dat160_w3.png -> /home/rocotics/DAT160_semester_oppgave/install/multi_robot_challenge_23/share/multi_robot_challenge_23/maps
[1.891s] Invoked command in '/home/rocotics/DAT160_semester_oppgave/build/multi_robot_challenge_23' returned '0': PYTHONPATH=/home/rocotics/DAT160_semester_oppgave/build/multi_robot_challenge_23/prefix_override:/home/rocotics/DAT160_semester_oppgave/install/multi_robot_challenge_23/lib/python3.8/site-packages:${PYTHONPATH} /usr/bin/python3 setup.py develop --editable --build-directory /home/rocotics/DAT160_semester_oppgave/build/multi_robot_challenge_23/build --no-deps install_data
