[1.482s] Invoking command in '/home/rocotics/DAT160_semester_oppgave/build/multi_robot_challenge_23': PYTHONPATH=/home/rocotics/DAT160_semester_oppgave/build/multi_robot_challenge_23/prefix_override:/home/rocotics/DAT160_semester_oppgave/install/multi_robot_challenge_23/lib/python3.8/site-packages:${PYTHONPATH} /usr/bin/python3 setup.py develop --uninstall --editable --build-directory /home/rocotics/DAT160_semester_oppgave/build/multi_robot_challenge_23/build
[2.014s] running develop
[2.250s] Removing /home/rocotics/DAT160_semester_oppgave/install/multi_robot_challenge_23/lib/python3.8/site-packages/multi-robot-challenge-23.egg-link (link to .)
[2.278s] Invoked command in '/home/rocotics/DAT160_semester_oppgave/build/multi_robot_challenge_23' returned '0': PYTHONPATH=/home/rocotics/DAT160_semester_oppgave/build/multi_robot_challenge_23/prefix_override:/home/rocotics/DAT160_semester_oppgave/install/multi_robot_challenge_23/lib/python3.8/site-packages:${PYTHONPATH} /usr/bin/python3 setup.py develop --uninstall --editable --build-directory /home/rocotics/DAT160_semester_oppgave/build/multi_robot_challenge_23/build
[2.279s] Invoking command in '/home/rocotics/DAT160_semester_oppgave/multi_robot_challenge_23/src': PYTHONPATH=/home/rocotics/DAT160_semester_oppgave/build/multi_robot_challenge_23/prefix_override:/home/rocotics/DAT160_semester_oppgave/install/multi_robot_challenge_23/lib/python3.8/site-packages:${PYTHONPATH} /usr/bin/python3 setup.py egg_info --egg-base ../../build/multi_robot_challenge_23 build --build-base /home/rocotics/DAT160_semester_oppgave/build/multi_robot_challenge_23/build install --record /home/rocotics/DAT160_semester_oppgave/build/multi_robot_challenge_23/install.log --install-scripts $base/lib/multi_robot_challenge_23 --single-version-externally-managed
[2.592s] running egg_info
[2.593s] writing ../../build/multi_robot_challenge_23/multi_robot_challenge_23.egg-info/PKG-INFO
[2.594s] writing dependency_links to ../../build/multi_robot_challenge_23/multi_robot_challenge_23.egg-info/dependency_links.txt
[2.594s] writing entry points to ../../build/multi_robot_challenge_23/multi_robot_challenge_23.egg-info/entry_points.txt
[2.595s] writing requirements to ../../build/multi_robot_challenge_23/multi_robot_challenge_23.egg-info/requires.txt
[2.595s] writing top-level names to ../../build/multi_robot_challenge_23/multi_robot_challenge_23.egg-info/top_level.txt
[2.646s] reading manifest file '../../build/multi_robot_challenge_23/multi_robot_challenge_23.egg-info/SOURCES.txt'
[2.648s] writing manifest file '../../build/multi_robot_challenge_23/multi_robot_challenge_23.egg-info/SOURCES.txt'
[2.648s] running build
[2.649s] running build_py
[2.649s] copying multi_robot_challenge_23/controller.py -> /home/rocotics/DAT160_semester_oppgave/build/multi_robot_challenge_23/build/lib/multi_robot_challenge_23
[2.650s] running install
[2.651s] running install_lib
[2.653s] creating /home/rocotics/DAT160_semester_oppgave/install/multi_robot_challenge_23/lib/python3.8/site-packages/multi_robot_challenge_23
[2.653s] copying /home/rocotics/DAT160_semester_oppgave/build/multi_robot_challenge_23/build/lib/multi_robot_challenge_23/controller.py -> /home/rocotics/DAT160_semester_oppgave/install/multi_robot_challenge_23/lib/python3.8/site-packages/multi_robot_challenge_23
[2.654s] copying /home/rocotics/DAT160_semester_oppgave/build/multi_robot_challenge_23/build/lib/multi_robot_challenge_23/__init__.py -> /home/rocotics/DAT160_semester_oppgave/install/multi_robot_challenge_23/lib/python3.8/site-packages/multi_robot_challenge_23
[2.655s] byte-compiling /home/rocotics/DAT160_semester_oppgave/install/multi_robot_challenge_23/lib/python3.8/site-packages/multi_robot_challenge_23/controller.py to controller.cpython-38.pyc
[2.657s] byte-compiling /home/rocotics/DAT160_semester_oppgave/install/multi_robot_challenge_23/lib/python3.8/site-packages/multi_robot_challenge_23/__init__.py to __init__.cpython-38.pyc
[2.657s] running install_data
[2.659s] running install_egg_info
[2.662s] Copying ../../build/multi_robot_challenge_23/multi_robot_challenge_23.egg-info to /home/rocotics/DAT160_semester_oppgave/install/multi_robot_challenge_23/lib/python3.8/site-packages/multi_robot_challenge_23-0.0.0-py3.8.egg-info
[2.665s] running install_scripts
[2.685s] Installing controller script to /home/rocotics/DAT160_semester_oppgave/install/multi_robot_challenge_23/lib/multi_robot_challenge_23
[2.686s] Installing leader script to /home/rocotics/DAT160_semester_oppgave/install/multi_robot_challenge_23/lib/multi_robot_challenge_23
[2.686s] Installing marker_recognition script to /home/rocotics/DAT160_semester_oppgave/install/multi_robot_challenge_23/lib/multi_robot_challenge_23
[2.687s] Installing robot_handler script to /home/rocotics/DAT160_semester_oppgave/install/multi_robot_challenge_23/lib/multi_robot_challenge_23
[2.687s] writing list of installed files to '/home/rocotics/DAT160_semester_oppgave/build/multi_robot_challenge_23/install.log'
[2.713s] Invoked command in '/home/rocotics/DAT160_semester_oppgave/multi_robot_challenge_23/src' returned '0': PYTHONPATH=/home/rocotics/DAT160_semester_oppgave/build/multi_robot_challenge_23/prefix_override:/home/rocotics/DAT160_semester_oppgave/install/multi_robot_challenge_23/lib/python3.8/site-packages:${PYTHONPATH} /usr/bin/python3 setup.py egg_info --egg-base ../../build/multi_robot_challenge_23 build --build-base /home/rocotics/DAT160_semester_oppgave/build/multi_robot_challenge_23/build install --record /home/rocotics/DAT160_semester_oppgave/build/multi_robot_challenge_23/install.log --install-scripts $base/lib/multi_robot_challenge_23 --single-version-externally-managed
