[0.066s] Invoking command in '/home/rocotics/DAT160_semester_oppgave/build/bug2_interface': CMAKE_PREFIX_PATH=${CMAKE_PREFIX_PATH}:/home/rocotics/DAT160_semester_oppgave/install/multi_robot_challenge_23:/home/rocotics/ros2_ws/install/ros2_aruco:/home/rocotics/ros2_ws/install/robot_vision:/home/rocotics/ros2_ws/install/robot_ml:/home/rocotics/ros2_ws/install/my_robot_pkg:/home/rocotics/ros2_ws/install/my_package:/home/rocotics/ros2_ws/install/bug2_navigation:/home/rocotics/ros2_ws/install/braitenberg_vehicle:/opt/ros/foxy /usr/bin/cmake --build /home/rocotics/DAT160_semester_oppgave/build/bug2_interface -- -j4 -l4
[0.160s] [  3%] Built target bug2_interface__cpp
[0.164s] [ 12%] Built target bug2_interface__rosidl_generator_c
[0.213s] [ 22%] Built target bug2_interface__rosidl_typesupport_fastrtps_cpp
[0.220s] [ 32%] Built target bug2_interface__rosidl_typesupport_introspection_c
[0.223s] [ 41%] Built target bug2_interface__rosidl_typesupport_cpp
[0.231s] [ 51%] Built target bug2_interface__rosidl_typesupport_introspection_cpp
[0.261s] [ 61%] Built target bug2_interface__rosidl_typesupport_c
[0.275s] [ 70%] Built target bug2_interface__rosidl_typesupport_fastrtps_c
[0.308s] [ 70%] Built target bug2_interface
[0.366s] [ 74%] Built target bug2_interface__py
[0.438s] [ 80%] Built target bug2_interface__python
[0.516s] [ 87%] Built target bug2_interface__rosidl_typesupport_introspection_c__pyext
[0.519s] [ 93%] Built target bug2_interface__rosidl_typesupport_c__pyext
[0.523s] [100%] Built target bug2_interface__rosidl_typesupport_fastrtps_c__pyext
[0.541s] Invoked command in '/home/rocotics/DAT160_semester_oppgave/build/bug2_interface' returned '0': CMAKE_PREFIX_PATH=${CMAKE_PREFIX_PATH}:/home/rocotics/DAT160_semester_oppgave/install/multi_robot_challenge_23:/home/rocotics/ros2_ws/install/ros2_aruco:/home/rocotics/ros2_ws/install/robot_vision:/home/rocotics/ros2_ws/install/robot_ml:/home/rocotics/ros2_ws/install/my_robot_pkg:/home/rocotics/ros2_ws/install/my_package:/home/rocotics/ros2_ws/install/bug2_navigation:/home/rocotics/ros2_ws/install/braitenberg_vehicle:/opt/ros/foxy /usr/bin/cmake --build /home/rocotics/DAT160_semester_oppgave/build/bug2_interface -- -j4 -l4
[0.695s] Invoking command in '/home/rocotics/DAT160_semester_oppgave/build/bug2_interface': CMAKE_PREFIX_PATH=${CMAKE_PREFIX_PATH}:/home/rocotics/DAT160_semester_oppgave/install/multi_robot_challenge_23:/home/rocotics/ros2_ws/install/ros2_aruco:/home/rocotics/ros2_ws/install/robot_vision:/home/rocotics/ros2_ws/install/robot_ml:/home/rocotics/ros2_ws/install/my_robot_pkg:/home/rocotics/ros2_ws/install/my_package:/home/rocotics/ros2_ws/install/bug2_navigation:/home/rocotics/ros2_ws/install/braitenberg_vehicle:/opt/ros/foxy /usr/bin/cmake --install /home/rocotics/DAT160_semester_oppgave/build/bug2_interface
[0.713s] -- Install configuration: ""
[0.714s] -- Execute custom install script
[0.715s] -- Up-to-date symlink: /home/rocotics/DAT160_semester_oppgave/install/bug2_interface/share/ament_index/resource_index/rosidl_interfaces/bug2_interface
[0.716s] -- Up-to-date symlink: /home/rocotics/DAT160_semester_oppgave/install/bug2_interface/include/bug2_interface/msg/rosidl_generator_c__visibility_control.h
[0.717s] -- Up-to-date symlink: /home/rocotics/DAT160_semester_oppgave/install/bug2_interface/include/bug2_interface/srv/detail/go_to_point__functions.h
[0.718s] -- Up-to-date symlink: /home/rocotics/DAT160_semester_oppgave/install/bug2_interface/include/bug2_interface/srv/detail/go_to_point__struct.h
[0.718s] -- Up-to-date symlink: /home/rocotics/DAT160_semester_oppgave/install/bug2_interface/include/bug2_interface/srv/detail/go_to_point__type_support.h
[0.719s] -- Up-to-date symlink: /home/rocotics/DAT160_semester_oppgave/install/bug2_interface/include/bug2_interface/srv/go_to_point.h
[0.719s] -- Up-to-date symlink: /home/rocotics/DAT160_semester_oppgave/install/bug2_interface/share/bug2_interface/environment/library_path.sh
[0.721s] -- Up-to-date symlink: /home/rocotics/DAT160_semester_oppgave/install/bug2_interface/share/bug2_interface/environment/library_path.dsv
[0.722s] -- Up-to-date symlink: /home/rocotics/DAT160_semester_oppgave/install/bug2_interface/include/bug2_interface/msg/rosidl_typesupport_fastrtps_c__visibility_control.h
[0.723s] -- Up-to-date symlink: /home/rocotics/DAT160_semester_oppgave/install/bug2_interface/include/bug2_interface/srv/detail/go_to_point__rosidl_typesupport_fastrtps_c.h
[0.723s] -- Up-to-date symlink: /home/rocotics/DAT160_semester_oppgave/install/bug2_interface/lib/libbug2_interface__rosidl_typesupport_fastrtps_c.so
[0.724s] -- Up-to-date symlink: /home/rocotics/DAT160_semester_oppgave/install/bug2_interface/include/bug2_interface/msg/rosidl_typesupport_fastrtps_cpp__visibility_control.h
[0.725s] -- Up-to-date symlink: /home/rocotics/DAT160_semester_oppgave/install/bug2_interface/include/bug2_interface/srv/detail/go_to_point__rosidl_typesupport_fastrtps_cpp.hpp
[0.726s] -- Up-to-date symlink: /home/rocotics/DAT160_semester_oppgave/install/bug2_interface/lib/libbug2_interface__rosidl_typesupport_fastrtps_cpp.so
[0.727s] -- Up-to-date symlink: /home/rocotics/DAT160_semester_oppgave/install/bug2_interface/include/bug2_interface/msg/rosidl_typesupport_introspection_c__visibility_control.h
[0.727s] -- Up-to-date symlink: /home/rocotics/DAT160_semester_oppgave/install/bug2_interface/include/bug2_interface/srv/detail/go_to_point__rosidl_typesupport_introspection_c.h
[0.729s] -- Up-to-date symlink: /home/rocotics/DAT160_semester_oppgave/install/bug2_interface/include/bug2_interface/msg/rosidl_generator_cpp__visibility_control.hpp
[0.729s] -- Up-to-date symlink: /home/rocotics/DAT160_semester_oppgave/install/bug2_interface/include/bug2_interface/srv/detail/go_to_point__builder.hpp
[0.730s] -- Up-to-date symlink: /home/rocotics/DAT160_semester_oppgave/install/bug2_interface/include/bug2_interface/srv/detail/go_to_point__struct.hpp
[0.732s] -- Up-to-date symlink: /home/rocotics/DAT160_semester_oppgave/install/bug2_interface/include/bug2_interface/srv/detail/go_to_point__traits.hpp
[0.732s] -- Up-to-date symlink: /home/rocotics/DAT160_semester_oppgave/install/bug2_interface/include/bug2_interface/srv/detail/go_to_point__type_support.hpp
[0.732s] -- Up-to-date symlink: /home/rocotics/DAT160_semester_oppgave/install/bug2_interface/include/bug2_interface/srv/go_to_point.hpp
[0.732s] -- Up-to-date symlink: /home/rocotics/DAT160_semester_oppgave/install/bug2_interface/include/bug2_interface/srv/detail/go_to_point__rosidl_typesupport_introspection_cpp.hpp
[0.732s] -- Up-to-date symlink: /home/rocotics/DAT160_semester_oppgave/install/bug2_interface/share/bug2_interface/environment/pythonpath.sh
[0.733s] -- Up-to-date symlink: /home/rocotics/DAT160_semester_oppgave/install/bug2_interface/share/bug2_interface/environment/pythonpath.dsv
[0.734s] -- Up-to-date symlink: /home/rocotics/DAT160_semester_oppgave/install/bug2_interface/lib/python3.8/site-packages/bug2_interface/__init__.py
[0.735s] -- Up-to-date symlink: /home/rocotics/DAT160_semester_oppgave/install/bug2_interface/lib/python3.8/site-packages/bug2_interface/srv/__init__.py
[0.736s] -- Up-to-date symlink: /home/rocotics/DAT160_semester_oppgave/install/bug2_interface/lib/python3.8/site-packages/bug2_interface/srv/_go_to_point.py
[0.738s] -- Up-to-date symlink: /home/rocotics/DAT160_semester_oppgave/install/bug2_interface/lib/python3.8/site-packages/bug2_interface/bug2_interface_s__rosidl_typesupport_fastrtps_c.cpython-38-x86_64-linux-gnu.so
[0.739s] -- Up-to-date symlink: /home/rocotics/DAT160_semester_oppgave/install/bug2_interface/lib/python3.8/site-packages/bug2_interface/bug2_interface_s__rosidl_typesupport_introspection_c.cpython-38-x86_64-linux-gnu.so
[0.739s] -- Up-to-date symlink: /home/rocotics/DAT160_semester_oppgave/install/bug2_interface/lib/python3.8/site-packages/bug2_interface/bug2_interface_s__rosidl_typesupport_c.cpython-38-x86_64-linux-gnu.so
[0.741s] -- Up-to-date symlink: /home/rocotics/DAT160_semester_oppgave/install/bug2_interface/lib/libbug2_interface__python.so
[0.742s] -- Up-to-date symlink: /home/rocotics/DAT160_semester_oppgave/install/bug2_interface/share/bug2_interface/srv/GoToPoint.idl
[0.743s] -- Up-to-date symlink: /home/rocotics/DAT160_semester_oppgave/install/bug2_interface/share/bug2_interface/srv/GoToPoint.srv
[0.744s] -- Up-to-date symlink: /home/rocotics/DAT160_semester_oppgave/install/bug2_interface/share/bug2_interface/srv/GoToPoint_Request.msg
[0.745s] -- Up-to-date symlink: /home/rocotics/DAT160_semester_oppgave/install/bug2_interface/share/bug2_interface/srv/GoToPoint_Response.msg
[0.745s] -- Up-to-date symlink: /home/rocotics/DAT160_semester_oppgave/install/bug2_interface/share/ament_index/resource_index/package_run_dependencies/bug2_interface
[0.746s] -- Up-to-date symlink: /home/rocotics/DAT160_semester_oppgave/install/bug2_interface/share/ament_index/resource_index/parent_prefix_path/bug2_interface
[0.747s] -- Up-to-date symlink: /home/rocotics/DAT160_semester_oppgave/install/bug2_interface/share/bug2_interface/environment/ament_prefix_path.sh
[0.747s] -- Up-to-date symlink: /home/rocotics/DAT160_semester_oppgave/install/bug2_interface/share/bug2_interface/environment/ament_prefix_path.dsv
[0.748s] -- Up-to-date symlink: /home/rocotics/DAT160_semester_oppgave/install/bug2_interface/share/bug2_interface/environment/path.sh
[0.749s] -- Up-to-date symlink: /home/rocotics/DAT160_semester_oppgave/install/bug2_interface/share/bug2_interface/environment/path.dsv
[0.749s] -- Up-to-date symlink: /home/rocotics/DAT160_semester_oppgave/install/bug2_interface/share/bug2_interface/local_setup.bash
[0.750s] -- Up-to-date symlink: /home/rocotics/DAT160_semester_oppgave/install/bug2_interface/share/bug2_interface/local_setup.sh
[0.751s] -- Up-to-date symlink: /home/rocotics/DAT160_semester_oppgave/install/bug2_interface/share/bug2_interface/local_setup.zsh
[0.751s] -- Up-to-date symlink: /home/rocotics/DAT160_semester_oppgave/install/bug2_interface/share/bug2_interface/local_setup.dsv
[0.752s] -- Symlinking: /home/rocotics/DAT160_semester_oppgave/install/bug2_interface/share/bug2_interface/package.dsv
[0.767s] -- Up-to-date symlink: /home/rocotics/DAT160_semester_oppgave/install/bug2_interface/share/ament_index/resource_index/packages/bug2_interface
[0.768s] -- Up-to-date symlink: /home/rocotics/DAT160_semester_oppgave/install/bug2_interface/share/bug2_interface/cmake/rosidl_cmake-extras.cmake
[0.769s] -- Up-to-date symlink: /home/rocotics/DAT160_semester_oppgave/install/bug2_interface/share/bug2_interface/cmake/ament_cmake_export_dependencies-extras.cmake
[0.769s] -- Up-to-date symlink: /home/rocotics/DAT160_semester_oppgave/install/bug2_interface/share/bug2_interface/cmake/ament_cmake_export_libraries-extras.cmake
[0.770s] -- Up-to-date symlink: /home/rocotics/DAT160_semester_oppgave/install/bug2_interface/share/bug2_interface/cmake/ament_cmake_export_targets-extras.cmake
[0.771s] -- Up-to-date symlink: /home/rocotics/DAT160_semester_oppgave/install/bug2_interface/share/bug2_interface/cmake/ament_cmake_export_include_directories-extras.cmake
[0.772s] -- Up-to-date symlink: /home/rocotics/DAT160_semester_oppgave/install/bug2_interface/share/bug2_interface/cmake/rosidl_cmake_export_typesupport_libraries-extras.cmake
[0.773s] -- Up-to-date symlink: /home/rocotics/DAT160_semester_oppgave/install/bug2_interface/share/bug2_interface/cmake/rosidl_cmake_export_typesupport_targets-extras.cmake
[0.774s] -- Up-to-date symlink: /home/rocotics/DAT160_semester_oppgave/install/bug2_interface/share/bug2_interface/cmake/bug2_interfaceConfig.cmake
[0.774s] -- Up-to-date symlink: /home/rocotics/DAT160_semester_oppgave/install/bug2_interface/share/bug2_interface/cmake/bug2_interfaceConfig-version.cmake
[0.775s] -- Up-to-date symlink: /home/rocotics/DAT160_semester_oppgave/install/bug2_interface/share/bug2_interface/package.xml
[0.776s] -- Up-to-date: /home/rocotics/DAT160_semester_oppgave/install/bug2_interface/lib/libbug2_interface__rosidl_generator_c.so
[0.777s] -- Up-to-date: /home/rocotics/DAT160_semester_oppgave/install/bug2_interface/lib/libbug2_interface__rosidl_typesupport_introspection_c.so
[0.778s] -- Up-to-date: /home/rocotics/DAT160_semester_oppgave/install/bug2_interface/lib/libbug2_interface__rosidl_typesupport_c.so
[0.779s] -- Up-to-date: /home/rocotics/DAT160_semester_oppgave/install/bug2_interface/lib/libbug2_interface__rosidl_typesupport_introspection_cpp.so
[0.780s] -- Up-to-date: /home/rocotics/DAT160_semester_oppgave/install/bug2_interface/lib/libbug2_interface__rosidl_typesupport_cpp.so
[0.853s] -- Up-to-date: /home/rocotics/DAT160_semester_oppgave/install/bug2_interface/share/bug2_interface/cmake/bug2_interface__rosidl_generator_cExport.cmake
[0.854s] -- Up-to-date: /home/rocotics/DAT160_semester_oppgave/install/bug2_interface/share/bug2_interface/cmake/bug2_interface__rosidl_generator_cExport-noconfig.cmake
[0.854s] -- Up-to-date: /home/rocotics/DAT160_semester_oppgave/install/bug2_interface/share/bug2_interface/cmake/bug2_interface__rosidl_typesupport_introspection_cExport.cmake
[0.855s] -- Up-to-date: /home/rocotics/DAT160_semester_oppgave/install/bug2_interface/share/bug2_interface/cmake/bug2_interface__rosidl_typesupport_introspection_cExport-noconfig.cmake
[0.856s] -- Up-to-date: /home/rocotics/DAT160_semester_oppgave/install/bug2_interface/share/bug2_interface/cmake/bug2_interface__rosidl_typesupport_cExport.cmake
[0.856s] -- Up-to-date: /home/rocotics/DAT160_semester_oppgave/install/bug2_interface/share/bug2_interface/cmake/bug2_interface__rosidl_typesupport_cExport-noconfig.cmake
[0.857s] -- Up-to-date: /home/rocotics/DAT160_semester_oppgave/install/bug2_interface/share/bug2_interface/cmake/bug2_interface__rosidl_generator_cppExport.cmake
[0.857s] -- Up-to-date: /home/rocotics/DAT160_semester_oppgave/install/bug2_interface/share/bug2_interface/cmake/bug2_interface__rosidl_typesupport_introspection_cppExport.cmake
[0.857s] -- Up-to-date: /home/rocotics/DAT160_semester_oppgave/install/bug2_interface/share/bug2_interface/cmake/bug2_interface__rosidl_typesupport_introspection_cppExport-noconfig.cmake
[0.858s] -- Up-to-date: /home/rocotics/DAT160_semester_oppgave/install/bug2_interface/share/bug2_interface/cmake/bug2_interface__rosidl_typesupport_cppExport.cmake
[0.858s] -- Up-to-date: /home/rocotics/DAT160_semester_oppgave/install/bug2_interface/share/bug2_interface/cmake/bug2_interface__rosidl_typesupport_cppExport-noconfig.cmake
[0.864s] Invoked command in '/home/rocotics/DAT160_semester_oppgave/build/bug2_interface' returned '0': CMAKE_PREFIX_PATH=${CMAKE_PREFIX_PATH}:/home/rocotics/DAT160_semester_oppgave/install/multi_robot_challenge_23:/home/rocotics/ros2_ws/install/ros2_aruco:/home/rocotics/ros2_ws/install/robot_vision:/home/rocotics/ros2_ws/install/robot_ml:/home/rocotics/ros2_ws/install/my_robot_pkg:/home/rocotics/ros2_ws/install/my_package:/home/rocotics/ros2_ws/install/bug2_navigation:/home/rocotics/ros2_ws/install/braitenberg_vehicle:/opt/ros/foxy /usr/bin/cmake --install /home/rocotics/DAT160_semester_oppgave/build/bug2_interface
