[0.585s] Invoking command in '/home/rocotics/DAT160_semester_oppgave/build/multi_robot_challenge_23': PYTHONPATH=/home/rocotics/DAT160_semester_oppgave/build/multi_robot_challenge_23/prefix_override:/home/rocotics/DAT160_semester_oppgave/install/multi_robot_challenge_23/lib/python3.8/site-packages:${PYTHONPATH} /usr/bin/python3 setup.py develop --editable --build-directory /home/rocotics/DAT160_semester_oppgave/build/multi_robot_challenge_23/build --no-deps install_data
[0.787s] running develop
[0.905s] running egg_info
[0.905s] writing multi_robot_challenge_23.egg-info/PKG-INFO
[0.905s] writing dependency_links to multi_robot_challenge_23.egg-info/dependency_links.txt
[0.906s] writing entry points to multi_robot_challenge_23.egg-info/entry_points.txt
[0.906s] writing requirements to multi_robot_challenge_23.egg-info/requires.txt
[0.906s] writing top-level names to multi_robot_challenge_23.egg-info/top_level.txt
[0.927s] reading manifest file 'multi_robot_challenge_23.egg-info/SOURCES.txt'
[0.929s] writing manifest file 'multi_robot_challenge_23.egg-info/SOURCES.txt'
[0.959s] running build_ext
[0.959s] Creating /home/rocotics/DAT160_semester_oppgave/install/multi_robot_challenge_23/lib/python3.8/site-packages/multi-robot-challenge-23.egg-link (link to .)
[0.960s] Installing controller script to /home/rocotics/DAT160_semester_oppgave/install/multi_robot_challenge_23/lib/multi_robot_challenge_23
[0.960s] Installing leader script to /home/rocotics/DAT160_semester_oppgave/install/multi_robot_challenge_23/lib/multi_robot_challenge_23
[0.960s] Installing marker_recognition script to /home/rocotics/DAT160_semester_oppgave/install/multi_robot_challenge_23/lib/multi_robot_challenge_23
[0.960s] Installing robot_handler script to /home/rocotics/DAT160_semester_oppgave/install/multi_robot_challenge_23/lib/multi_robot_challenge_23
[0.960s] 
[0.961s] Installed /home/rocotics/DAT160_semester_oppgave/build/multi_robot_challenge_23
[0.961s] running install_data
[0.981s] Invoked command in '/home/rocotics/DAT160_semester_oppgave/build/multi_robot_challenge_23' returned '0': PYTHONPATH=/home/rocotics/DAT160_semester_oppgave/build/multi_robot_challenge_23/prefix_override:/home/rocotics/DAT160_semester_oppgave/install/multi_robot_challenge_23/lib/python3.8/site-packages:${PYTHONPATH} /usr/bin/python3 setup.py develop --editable --build-directory /home/rocotics/DAT160_semester_oppgave/build/multi_robot_challenge_23/build --no-deps install_data
