[0.067s] Invoking command in '/home/rocotics/DAT160_semester_oppgave/build/bug2_interface': CMAKE_PREFIX_PATH=${CMAKE_PREFIX_PATH}:/home/rocotics/DAT160_semester_oppgave/install/multi_robot_challenge_23:/home/rocotics/ros2_ws/install/ros2_aruco:/home/rocotics/ros2_ws/install/robot_vision:/home/rocotics/ros2_ws/install/robot_ml:/home/rocotics/ros2_ws/install/my_robot_pkg:/home/rocotics/ros2_ws/install/my_package:/home/rocotics/ros2_ws/install/bug2_navigation:/home/rocotics/ros2_ws/install/braitenberg_vehicle:/opt/ros/foxy /usr/bin/cmake --build /home/rocotics/DAT160_semester_oppgave/build/bug2_interface -- -j4 -l4
[0.170s] [  3%] Built target bug2_interface__cpp
[0.209s] [ 12%] Built target bug2_interface__rosidl_generator_c
[0.251s] [ 22%] Built target bug2_interface__rosidl_typesupport_introspection_cpp
[0.291s] [ 32%] Built target bug2_interface__rosidl_typesupport_introspection_c
[0.338s] [ 41%] Built target bug2_interface__rosidl_typesupport_c
[0.387s] [ 51%] Built target bug2_interface__rosidl_typesupport_fastrtps_cpp
[0.441s] [ 61%] Built target bug2_interface__rosidl_typesupport_cpp
[0.496s] [ 70%] Built target bug2_interface__rosidl_typesupport_fastrtps_c
[0.533s] [ 70%] Built target bug2_interface
[0.570s] [ 74%] Built target bug2_interface__py
[0.629s] [ 80%] Built target bug2_interface__python
[0.678s] [ 87%] Built target bug2_interface__rosidl_typesupport_c__pyext
[0.727s] [ 93%] Built target bug2_interface__rosidl_typesupport_fastrtps_c__pyext
[0.776s] [100%] Built target bug2_interface__rosidl_typesupport_introspection_c__pyext
[0.795s] Invoked command in '/home/rocotics/DAT160_semester_oppgave/build/bug2_interface' returned '0': CMAKE_PREFIX_PATH=${CMAKE_PREFIX_PATH}:/home/rocotics/DAT160_semester_oppgave/install/multi_robot_challenge_23:/home/rocotics/ros2_ws/install/ros2_aruco:/home/rocotics/ros2_ws/install/robot_vision:/home/rocotics/ros2_ws/install/robot_ml:/home/rocotics/ros2_ws/install/my_robot_pkg:/home/rocotics/ros2_ws/install/my_package:/home/rocotics/ros2_ws/install/bug2_navigation:/home/rocotics/ros2_ws/install/braitenberg_vehicle:/opt/ros/foxy /usr/bin/cmake --build /home/rocotics/DAT160_semester_oppgave/build/bug2_interface -- -j4 -l4
[0.955s] Invoking command in '/home/rocotics/DAT160_semester_oppgave/build/bug2_interface': CMAKE_PREFIX_PATH=${CMAKE_PREFIX_PATH}:/home/rocotics/DAT160_semester_oppgave/install/multi_robot_challenge_23:/home/rocotics/ros2_ws/install/ros2_aruco:/home/rocotics/ros2_ws/install/robot_vision:/home/rocotics/ros2_ws/install/robot_ml:/home/rocotics/ros2_ws/install/my_robot_pkg:/home/rocotics/ros2_ws/install/my_package:/home/rocotics/ros2_ws/install/bug2_navigation:/home/rocotics/ros2_ws/install/braitenberg_vehicle:/opt/ros/foxy /usr/bin/cmake --install /home/rocotics/DAT160_semester_oppgave/build/bug2_interface
[0.972s] -- Install configuration: ""
[0.973s] -- Execute custom install script
[0.974s] -- Up-to-date symlink: /home/rocotics/DAT160_semester_oppgave/install/bug2_interface/share/ament_index/resource_index/rosidl_interfaces/bug2_interface
[0.975s] -- Up-to-date symlink: /home/rocotics/DAT160_semester_oppgave/install/bug2_interface/include/bug2_interface/msg/rosidl_generator_c__visibility_control.h
[0.975s] -- Up-to-date symlink: /home/rocotics/DAT160_semester_oppgave/install/bug2_interface/include/bug2_interface/srv/detail/go_to_point__functions.h
[0.976s] -- Up-to-date symlink: /home/rocotics/DAT160_semester_oppgave/install/bug2_interface/include/bug2_interface/srv/detail/go_to_point__struct.h
[0.976s] -- Up-to-date symlink: /home/rocotics/DAT160_semester_oppgave/install/bug2_interface/include/bug2_interface/srv/detail/go_to_point__type_support.h
[0.977s] -- Up-to-date symlink: /home/rocotics/DAT160_semester_oppgave/install/bug2_interface/include/bug2_interface/srv/go_to_point.h
[0.978s] -- Up-to-date symlink: /home/rocotics/DAT160_semester_oppgave/install/bug2_interface/share/bug2_interface/environment/library_path.sh
[0.978s] -- Up-to-date symlink: /home/rocotics/DAT160_semester_oppgave/install/bug2_interface/share/bug2_interface/environment/library_path.dsv
[0.979s] -- Up-to-date symlink: /home/rocotics/DAT160_semester_oppgave/install/bug2_interface/include/bug2_interface/msg/rosidl_typesupport_fastrtps_c__visibility_control.h
[0.979s] -- Up-to-date symlink: /home/rocotics/DAT160_semester_oppgave/install/bug2_interface/include/bug2_interface/srv/detail/go_to_point__rosidl_typesupport_fastrtps_c.h
[0.980s] -- Up-to-date symlink: /home/rocotics/DAT160_semester_oppgave/install/bug2_interface/lib/libbug2_interface__rosidl_typesupport_fastrtps_c.so
[0.980s] -- Up-to-date symlink: /home/rocotics/DAT160_semester_oppgave/install/bug2_interface/include/bug2_interface/msg/rosidl_typesupport_fastrtps_cpp__visibility_control.h
[0.981s] -- Up-to-date symlink: /home/rocotics/DAT160_semester_oppgave/install/bug2_interface/include/bug2_interface/srv/detail/go_to_point__rosidl_typesupport_fastrtps_cpp.hpp
[0.981s] -- Up-to-date symlink: /home/rocotics/DAT160_semester_oppgave/install/bug2_interface/lib/libbug2_interface__rosidl_typesupport_fastrtps_cpp.so
[0.982s] -- Up-to-date symlink: /home/rocotics/DAT160_semester_oppgave/install/bug2_interface/include/bug2_interface/msg/rosidl_typesupport_introspection_c__visibility_control.h
[0.982s] -- Up-to-date symlink: /home/rocotics/DAT160_semester_oppgave/install/bug2_interface/include/bug2_interface/srv/detail/go_to_point__rosidl_typesupport_introspection_c.h
[0.983s] -- Up-to-date symlink: /home/rocotics/DAT160_semester_oppgave/install/bug2_interface/include/bug2_interface/msg/rosidl_generator_cpp__visibility_control.hpp
[0.983s] -- Up-to-date symlink: /home/rocotics/DAT160_semester_oppgave/install/bug2_interface/include/bug2_interface/srv/detail/go_to_point__builder.hpp
[0.984s] -- Up-to-date symlink: /home/rocotics/DAT160_semester_oppgave/install/bug2_interface/include/bug2_interface/srv/detail/go_to_point__struct.hpp
[0.984s] -- Up-to-date symlink: /home/rocotics/DAT160_semester_oppgave/install/bug2_interface/include/bug2_interface/srv/detail/go_to_point__traits.hpp
[0.985s] -- Up-to-date symlink: /home/rocotics/DAT160_semester_oppgave/install/bug2_interface/include/bug2_interface/srv/detail/go_to_point__type_support.hpp
[0.986s] -- Up-to-date symlink: /home/rocotics/DAT160_semester_oppgave/install/bug2_interface/include/bug2_interface/srv/go_to_point.hpp
[0.986s] -- Up-to-date symlink: /home/rocotics/DAT160_semester_oppgave/install/bug2_interface/include/bug2_interface/srv/detail/go_to_point__rosidl_typesupport_introspection_cpp.hpp
[0.987s] -- Up-to-date symlink: /home/rocotics/DAT160_semester_oppgave/install/bug2_interface/share/bug2_interface/environment/pythonpath.sh
[0.987s] -- Up-to-date symlink: /home/rocotics/DAT160_semester_oppgave/install/bug2_interface/share/bug2_interface/environment/pythonpath.dsv
[0.988s] -- Up-to-date symlink: /home/rocotics/DAT160_semester_oppgave/install/bug2_interface/lib/python3.8/site-packages/bug2_interface/__init__.py
[0.988s] -- Up-to-date symlink: /home/rocotics/DAT160_semester_oppgave/install/bug2_interface/lib/python3.8/site-packages/bug2_interface/srv/__init__.py
[0.989s] -- Up-to-date symlink: /home/rocotics/DAT160_semester_oppgave/install/bug2_interface/lib/python3.8/site-packages/bug2_interface/srv/_go_to_point.py
[0.990s] -- Up-to-date symlink: /home/rocotics/DAT160_semester_oppgave/install/bug2_interface/lib/python3.8/site-packages/bug2_interface/bug2_interface_s__rosidl_typesupport_fastrtps_c.cpython-38-x86_64-linux-gnu.so
[0.990s] -- Up-to-date symlink: /home/rocotics/DAT160_semester_oppgave/install/bug2_interface/lib/python3.8/site-packages/bug2_interface/bug2_interface_s__rosidl_typesupport_introspection_c.cpython-38-x86_64-linux-gnu.so
[0.991s] -- Up-to-date symlink: /home/rocotics/DAT160_semester_oppgave/install/bug2_interface/lib/python3.8/site-packages/bug2_interface/bug2_interface_s__rosidl_typesupport_c.cpython-38-x86_64-linux-gnu.so
[0.992s] -- Up-to-date symlink: /home/rocotics/DAT160_semester_oppgave/install/bug2_interface/lib/libbug2_interface__python.so
[0.992s] -- Up-to-date symlink: /home/rocotics/DAT160_semester_oppgave/install/bug2_interface/share/bug2_interface/srv/GoToPoint.idl
[0.993s] -- Up-to-date symlink: /home/rocotics/DAT160_semester_oppgave/install/bug2_interface/share/bug2_interface/srv/GoToPoint.srv
[0.994s] -- Up-to-date symlink: /home/rocotics/DAT160_semester_oppgave/install/bug2_interface/share/bug2_interface/srv/GoToPoint_Request.msg
[0.994s] -- Up-to-date symlink: /home/rocotics/DAT160_semester_oppgave/install/bug2_interface/share/bug2_interface/srv/GoToPoint_Response.msg
[0.995s] -- Up-to-date symlink: /home/rocotics/DAT160_semester_oppgave/install/bug2_interface/share/ament_index/resource_index/package_run_dependencies/bug2_interface
[0.996s] -- Up-to-date symlink: /home/rocotics/DAT160_semester_oppgave/install/bug2_interface/share/ament_index/resource_index/parent_prefix_path/bug2_interface
[0.996s] -- Up-to-date symlink: /home/rocotics/DAT160_semester_oppgave/install/bug2_interface/share/bug2_interface/environment/ament_prefix_path.sh
[0.997s] -- Up-to-date symlink: /home/rocotics/DAT160_semester_oppgave/install/bug2_interface/share/bug2_interface/environment/ament_prefix_path.dsv
[0.997s] -- Up-to-date symlink: /home/rocotics/DAT160_semester_oppgave/install/bug2_interface/share/bug2_interface/environment/path.sh
[0.998s] -- Up-to-date symlink: /home/rocotics/DAT160_semester_oppgave/install/bug2_interface/share/bug2_interface/environment/path.dsv
[0.999s] -- Up-to-date symlink: /home/rocotics/DAT160_semester_oppgave/install/bug2_interface/share/bug2_interface/local_setup.bash
[0.999s] -- Up-to-date symlink: /home/rocotics/DAT160_semester_oppgave/install/bug2_interface/share/bug2_interface/local_setup.sh
[1.000s] -- Up-to-date symlink: /home/rocotics/DAT160_semester_oppgave/install/bug2_interface/share/bug2_interface/local_setup.zsh
[1.000s] -- Up-to-date symlink: /home/rocotics/DAT160_semester_oppgave/install/bug2_interface/share/bug2_interface/local_setup.dsv
[1.001s] -- Symlinking: /home/rocotics/DAT160_semester_oppgave/install/bug2_interface/share/bug2_interface/package.dsv
[1.021s] -- Up-to-date symlink: /home/rocotics/DAT160_semester_oppgave/install/bug2_interface/share/ament_index/resource_index/packages/bug2_interface
[1.021s] -- Up-to-date symlink: /home/rocotics/DAT160_semester_oppgave/install/bug2_interface/share/bug2_interface/cmake/rosidl_cmake-extras.cmake
[1.022s] -- Up-to-date symlink: /home/rocotics/DAT160_semester_oppgave/install/bug2_interface/share/bug2_interface/cmake/ament_cmake_export_dependencies-extras.cmake
[1.022s] -- Up-to-date symlink: /home/rocotics/DAT160_semester_oppgave/install/bug2_interface/share/bug2_interface/cmake/ament_cmake_export_libraries-extras.cmake
[1.023s] -- Up-to-date symlink: /home/rocotics/DAT160_semester_oppgave/install/bug2_interface/share/bug2_interface/cmake/ament_cmake_export_targets-extras.cmake
[1.023s] -- Up-to-date symlink: /home/rocotics/DAT160_semester_oppgave/install/bug2_interface/share/bug2_interface/cmake/ament_cmake_export_include_directories-extras.cmake
[1.023s] -- Up-to-date symlink: /home/rocotics/DAT160_semester_oppgave/install/bug2_interface/share/bug2_interface/cmake/rosidl_cmake_export_typesupport_libraries-extras.cmake
[1.023s] -- Up-to-date symlink: /home/rocotics/DAT160_semester_oppgave/install/bug2_interface/share/bug2_interface/cmake/rosidl_cmake_export_typesupport_targets-extras.cmake
[1.025s] -- Up-to-date symlink: /home/rocotics/DAT160_semester_oppgave/install/bug2_interface/share/bug2_interface/cmake/bug2_interfaceConfig.cmake
[1.026s] -- Up-to-date symlink: /home/rocotics/DAT160_semester_oppgave/install/bug2_interface/share/bug2_interface/cmake/bug2_interfaceConfig-version.cmake
[1.026s] -- Up-to-date symlink: /home/rocotics/DAT160_semester_oppgave/install/bug2_interface/share/bug2_interface/package.xml
[1.026s] -- Up-to-date: /home/rocotics/DAT160_semester_oppgave/install/bug2_interface/lib/libbug2_interface__rosidl_generator_c.so
[1.026s] -- Up-to-date: /home/rocotics/DAT160_semester_oppgave/install/bug2_interface/lib/libbug2_interface__rosidl_typesupport_introspection_c.so
[1.026s] -- Up-to-date: /home/rocotics/DAT160_semester_oppgave/install/bug2_interface/lib/libbug2_interface__rosidl_typesupport_c.so
[1.026s] -- Up-to-date: /home/rocotics/DAT160_semester_oppgave/install/bug2_interface/lib/libbug2_interface__rosidl_typesupport_introspection_cpp.so
[1.026s] -- Up-to-date: /home/rocotics/DAT160_semester_oppgave/install/bug2_interface/lib/libbug2_interface__rosidl_typesupport_cpp.so
[1.102s] -- Up-to-date: /home/rocotics/DAT160_semester_oppgave/install/bug2_interface/share/bug2_interface/cmake/bug2_interface__rosidl_generator_cExport.cmake
[1.103s] -- Up-to-date: /home/rocotics/DAT160_semester_oppgave/install/bug2_interface/share/bug2_interface/cmake/bug2_interface__rosidl_generator_cExport-noconfig.cmake
[1.106s] -- Up-to-date: /home/rocotics/DAT160_semester_oppgave/install/bug2_interface/share/bug2_interface/cmake/bug2_interface__rosidl_typesupport_introspection_cExport.cmake
[1.106s] -- Up-to-date: /home/rocotics/DAT160_semester_oppgave/install/bug2_interface/share/bug2_interface/cmake/bug2_interface__rosidl_typesupport_introspection_cExport-noconfig.cmake
[1.106s] -- Up-to-date: /home/rocotics/DAT160_semester_oppgave/install/bug2_interface/share/bug2_interface/cmake/bug2_interface__rosidl_typesupport_cExport.cmake
[1.106s] -- Up-to-date: /home/rocotics/DAT160_semester_oppgave/install/bug2_interface/share/bug2_interface/cmake/bug2_interface__rosidl_typesupport_cExport-noconfig.cmake
[1.106s] -- Up-to-date: /home/rocotics/DAT160_semester_oppgave/install/bug2_interface/share/bug2_interface/cmake/bug2_interface__rosidl_generator_cppExport.cmake
[1.106s] -- Up-to-date: /home/rocotics/DAT160_semester_oppgave/install/bug2_interface/share/bug2_interface/cmake/bug2_interface__rosidl_typesupport_introspection_cppExport.cmake
[1.107s] -- Up-to-date: /home/rocotics/DAT160_semester_oppgave/install/bug2_interface/share/bug2_interface/cmake/bug2_interface__rosidl_typesupport_introspection_cppExport-noconfig.cmake
[1.107s] -- Up-to-date: /home/rocotics/DAT160_semester_oppgave/install/bug2_interface/share/bug2_interface/cmake/bug2_interface__rosidl_typesupport_cppExport.cmake
[1.107s] -- Up-to-date: /home/rocotics/DAT160_semester_oppgave/install/bug2_interface/share/bug2_interface/cmake/bug2_interface__rosidl_typesupport_cppExport-noconfig.cmake
[1.132s] Invoked command in '/home/rocotics/DAT160_semester_oppgave/build/bug2_interface' returned '0': CMAKE_PREFIX_PATH=${CMAKE_PREFIX_PATH}:/home/rocotics/DAT160_semester_oppgave/install/multi_robot_challenge_23:/home/rocotics/ros2_ws/install/ros2_aruco:/home/rocotics/ros2_ws/install/robot_vision:/home/rocotics/ros2_ws/install/robot_ml:/home/rocotics/ros2_ws/install/my_robot_pkg:/home/rocotics/ros2_ws/install/my_package:/home/rocotics/ros2_ws/install/bug2_navigation:/home/rocotics/ros2_ws/install/braitenberg_vehicle:/opt/ros/foxy /usr/bin/cmake --install /home/rocotics/DAT160_semester_oppgave/build/bug2_interface
