[1.417s] Invoking command in '/home/rocotics/DAT160_semester_oppgave/build/multi_robot_challenge_23': PYTHONPATH=/home/rocotics/DAT160_semester_oppgave/build/multi_robot_challenge_23/prefix_override:/home/rocotics/DAT160_semester_oppgave/install/multi_robot_challenge_23/lib/python3.8/site-packages:${PYTHONPATH} /usr/bin/python3 setup.py develop --editable --build-directory /home/rocotics/DAT160_semester_oppgave/build/multi_robot_challenge_23/build --no-deps install_data
[1.780s] running develop
[2.005s] running egg_info
[2.005s] writing multi_robot_challenge_23.egg-info/PKG-INFO
[2.006s] writing dependency_links to multi_robot_challenge_23.egg-info/dependency_links.txt
[2.007s] writing entry points to multi_robot_challenge_23.egg-info/entry_points.txt
[2.007s] writing requirements to multi_robot_challenge_23.egg-info/requires.txt
[2.007s] writing top-level names to multi_robot_challenge_23.egg-info/top_level.txt
[2.055s] reading manifest file 'multi_robot_challenge_23.egg-info/SOURCES.txt'
[2.057s] writing manifest file 'multi_robot_challenge_23.egg-info/SOURCES.txt'
[2.109s] running build_ext
[2.112s] Creating /home/rocotics/DAT160_semester_oppgave/install/multi_robot_challenge_23/lib/python3.8/site-packages/multi-robot-challenge-23.egg-link (link to .)
[2.114s] Installing bug2_controller script to /home/rocotics/DAT160_semester_oppgave/install/multi_robot_challenge_23/lib/multi_robot_challenge_23
[2.114s] Installing go_to_point script to /home/rocotics/DAT160_semester_oppgave/install/multi_robot_challenge_23/lib/multi_robot_challenge_23
[2.114s] Installing leader script to /home/rocotics/DAT160_semester_oppgave/install/multi_robot_challenge_23/lib/multi_robot_challenge_23
[2.116s] Installing poi_gen script to /home/rocotics/DAT160_semester_oppgave/install/multi_robot_challenge_23/lib/multi_robot_challenge_23
[2.116s] Installing robot_handler script to /home/rocotics/DAT160_semester_oppgave/install/multi_robot_challenge_23/lib/multi_robot_challenge_23
[2.116s] Installing wall_follower script to /home/rocotics/DAT160_semester_oppgave/install/multi_robot_challenge_23/lib/multi_robot_challenge_23
[2.116s] 
[2.116s] Installed /home/rocotics/DAT160_semester_oppgave/build/multi_robot_challenge_23
[2.116s] running install_data
[2.163s] Invoked command in '/home/rocotics/DAT160_semester_oppgave/build/multi_robot_challenge_23' returned '0': PYTHONPATH=/home/rocotics/DAT160_semester_oppgave/build/multi_robot_challenge_23/prefix_override:/home/rocotics/DAT160_semester_oppgave/install/multi_robot_challenge_23/lib/python3.8/site-packages:${PYTHONPATH} /usr/bin/python3 setup.py develop --editable --build-directory /home/rocotics/DAT160_semester_oppgave/build/multi_robot_challenge_23/build --no-deps install_data
