[0.488s] DEBUG:colcon:Command line arguments: ['/usr/bin/colcon', 'build']
[0.489s] DEBUG:colcon:Parsed command line arguments: Namespace(allow_overriding=[], ament_cmake_args=None, base_paths=['.'], build_base='build', catkin_cmake_args=None, catkin_skip_building_tests=False, cmake_args=None, cmake_clean_cache=False, cmake_clean_first=False, cmake_force_configure=False, cmake_target=None, cmake_target_skip_unavailable=False, continue_on_error=False, event_handlers=None, executor='parallel', ignore_user_meta=False, install_base='install', log_base=None, log_level=None, main=<bound method BuildVerb.main of <colcon_core.verb.build.BuildVerb object at 0x7f5ea706f220>>, merge_install=False, metas=['./colcon.meta'], packages_above=None, packages_above_and_dependencies=None, packages_above_depth=None, packages_end=None, packages_ignore=None, packages_ignore_regex=None, packages_select=None, packages_select_build_failed=False, packages_select_by_dep=None, packages_select_regex=None, packages_select_test_failures=False, packages_skip=None, packages_skip_build_finished=False, packages_skip_by_dep=None, packages_skip_regex=None, packages_skip_test_passed=False, packages_skip_up_to=None, packages_start=None, packages_up_to=None, packages_up_to_regex=None, parallel_workers=2, paths=None, symlink_install=False, test_result_base=None, verb_extension=<colcon_core.verb.build.BuildVerb object at 0x7f5ea706f220>, verb_name='build', verb_parser=<colcon_defaults.argument_parser.defaults.DefaultArgumentsDecorator object at 0x7f5ea706f760>)
[0.539s] Level 1:colcon.colcon_core.package_discovery:discover_packages(colcon_meta) check parameters
[0.540s] Level 1:colcon.colcon_core.package_discovery:discover_packages(recursive) check parameters
[0.540s] Level 1:colcon.colcon_core.package_discovery:discover_packages(ignore) check parameters
[0.540s] Level 1:colcon.colcon_core.package_discovery:discover_packages(path) check parameters
[0.540s] Level 1:colcon.colcon_core.package_discovery:discover_packages(colcon_meta) discover
[0.541s] Level 1:colcon.colcon_core.package_discovery:discover_packages(recursive) discover
[0.541s] INFO:colcon.colcon_core.package_discovery:Crawling recursively for packages in '/home/rocotics/DAT160_semester_oppgave'
[0.541s] Level 1:colcon.colcon_core.package_identification:_identify(.) by extensions ['ignore', 'ignore_ament_install']
[0.541s] Level 1:colcon.colcon_core.package_identification:_identify(.) by extension 'ignore'
[0.541s] Level 1:colcon.colcon_core.package_identification:_identify(.) by extension 'ignore_ament_install'
[0.542s] Level 1:colcon.colcon_core.package_identification:_identify(.) by extensions ['colcon_pkg']
[0.542s] Level 1:colcon.colcon_core.package_identification:_identify(.) by extension 'colcon_pkg'
[0.542s] Level 1:colcon.colcon_core.package_identification:_identify(.) by extensions ['colcon_meta']
[0.542s] Level 1:colcon.colcon_core.package_identification:_identify(.) by extension 'colcon_meta'
[0.542s] Level 1:colcon.colcon_core.package_identification:_identify(.) by extensions ['ros']
[0.543s] Level 1:colcon.colcon_core.package_identification:_identify(.) by extension 'ros'
[0.559s] Level 1:colcon.colcon_core.package_identification:_identify(.) by extensions ['cmake', 'python']
[0.559s] Level 1:colcon.colcon_core.package_identification:_identify(.) by extension 'cmake'
[0.559s] Level 1:colcon.colcon_core.package_identification:_identify(.) by extension 'python'
[0.559s] Level 1:colcon.colcon_core.package_identification:_identify(.) by extensions ['python_setup_py']
[0.559s] Level 1:colcon.colcon_core.package_identification:_identify(.) by extension 'python_setup_py'
[0.560s] Level 1:colcon.colcon_core.package_identification:_identify(build) by extensions ['ignore', 'ignore_ament_install']
[0.560s] Level 1:colcon.colcon_core.package_identification:_identify(build) by extension 'ignore'
[0.560s] Level 1:colcon.colcon_core.package_identification:_identify(build) ignored
[0.560s] Level 1:colcon.colcon_core.package_identification:_identify(install) by extensions ['ignore', 'ignore_ament_install']
[0.561s] Level 1:colcon.colcon_core.package_identification:_identify(install) by extension 'ignore'
[0.561s] Level 1:colcon.colcon_core.package_identification:_identify(install) ignored
[0.561s] Level 1:colcon.colcon_core.package_identification:_identify(log) by extensions ['ignore', 'ignore_ament_install']
[0.561s] Level 1:colcon.colcon_core.package_identification:_identify(log) by extension 'ignore'
[0.561s] Level 1:colcon.colcon_core.package_identification:_identify(log) ignored
[0.562s] Level 1:colcon.colcon_core.package_identification:_identify(multi_robot_challenge_23) by extensions ['ignore', 'ignore_ament_install']
[0.562s] Level 1:colcon.colcon_core.package_identification:_identify(multi_robot_challenge_23) by extension 'ignore'
[0.562s] Level 1:colcon.colcon_core.package_identification:_identify(multi_robot_challenge_23) by extension 'ignore_ament_install'
[0.562s] Level 1:colcon.colcon_core.package_identification:_identify(multi_robot_challenge_23) by extensions ['colcon_pkg']
[0.562s] Level 1:colcon.colcon_core.package_identification:_identify(multi_robot_challenge_23) by extension 'colcon_pkg'
[0.562s] Level 1:colcon.colcon_core.package_identification:_identify(multi_robot_challenge_23) by extensions ['colcon_meta']
[0.563s] Level 1:colcon.colcon_core.package_identification:_identify(multi_robot_challenge_23) by extension 'colcon_meta'
[0.563s] Level 1:colcon.colcon_core.package_identification:_identify(multi_robot_challenge_23) by extensions ['ros']
[0.563s] Level 1:colcon.colcon_core.package_identification:_identify(multi_robot_challenge_23) by extension 'ros'
[0.563s] Level 1:colcon.colcon_core.package_identification:_identify(multi_robot_challenge_23) by extensions ['cmake', 'python']
[0.563s] Level 1:colcon.colcon_core.package_identification:_identify(multi_robot_challenge_23) by extension 'cmake'
[0.563s] Level 1:colcon.colcon_core.package_identification:_identify(multi_robot_challenge_23) by extension 'python'
[0.563s] Level 1:colcon.colcon_core.package_identification:_identify(multi_robot_challenge_23) by extensions ['python_setup_py']
[0.564s] Level 1:colcon.colcon_core.package_identification:_identify(multi_robot_challenge_23) by extension 'python_setup_py'
[0.564s] Level 1:colcon.colcon_core.package_identification:_identify(multi_robot_challenge_23/src) by extensions ['ignore', 'ignore_ament_install']
[0.564s] Level 1:colcon.colcon_core.package_identification:_identify(multi_robot_challenge_23/src) by extension 'ignore'
[0.564s] Level 1:colcon.colcon_core.package_identification:_identify(multi_robot_challenge_23/src) by extension 'ignore_ament_install'
[0.564s] Level 1:colcon.colcon_core.package_identification:_identify(multi_robot_challenge_23/src) by extensions ['colcon_pkg']
[0.564s] Level 1:colcon.colcon_core.package_identification:_identify(multi_robot_challenge_23/src) by extension 'colcon_pkg'
[0.565s] Level 1:colcon.colcon_core.package_identification:_identify(multi_robot_challenge_23/src) by extensions ['colcon_meta']
[0.565s] Level 1:colcon.colcon_core.package_identification:_identify(multi_robot_challenge_23/src) by extension 'colcon_meta'
[0.565s] Level 1:colcon.colcon_core.package_identification:_identify(multi_robot_challenge_23/src) by extensions ['ros']
[0.565s] Level 1:colcon.colcon_core.package_identification:_identify(multi_robot_challenge_23/src) by extension 'ros'
[0.568s] DEBUG:colcon.colcon_core.package_identification:Package 'multi_robot_challenge_23/src' with type 'ros.ament_python' and name 'multi_robot_challenge_23'
[0.568s] Level 1:colcon.colcon_core.package_discovery:discover_packages(recursive) using defaults
[0.568s] Level 1:colcon.colcon_core.package_discovery:discover_packages(ignore) discover
[0.569s] Level 1:colcon.colcon_core.package_discovery:discover_packages(ignore) using defaults
[0.569s] Level 1:colcon.colcon_core.package_discovery:discover_packages(path) discover
[0.569s] Level 1:colcon.colcon_core.package_discovery:discover_packages(path) using defaults
[0.598s] Level 1:colcon.colcon_core.package_discovery:discover_packages(prefix_path) check parameters
[0.598s] Level 1:colcon.colcon_core.package_discovery:discover_packages(prefix_path) discover
[0.604s] DEBUG:colcon.colcon_installed_package_information.package_discovery:Found 1 installed packages in /home/rocotics/DAT160_semester_oppgave/install
[0.606s] DEBUG:colcon.colcon_installed_package_information.package_discovery:Found 14 installed packages in /home/rocotics/ros2_ws/install
[0.611s] DEBUG:colcon.colcon_installed_package_information.package_discovery:Found 392 installed packages in /opt/ros/foxy
[0.614s] Level 1:colcon.colcon_core.package_discovery:discover_packages(prefix_path) using defaults
[0.752s] Level 5:colcon.colcon_core.verb:set package 'multi_robot_challenge_23' build argument 'cmake_args' from command line to 'None'
[0.752s] Level 5:colcon.colcon_core.verb:set package 'multi_robot_challenge_23' build argument 'cmake_target' from command line to 'None'
[0.753s] Level 5:colcon.colcon_core.verb:set package 'multi_robot_challenge_23' build argument 'cmake_target_skip_unavailable' from command line to 'False'
[0.753s] Level 5:colcon.colcon_core.verb:set package 'multi_robot_challenge_23' build argument 'cmake_clean_cache' from command line to 'False'
[0.753s] Level 5:colcon.colcon_core.verb:set package 'multi_robot_challenge_23' build argument 'cmake_clean_first' from command line to 'False'
[0.753s] Level 5:colcon.colcon_core.verb:set package 'multi_robot_challenge_23' build argument 'cmake_force_configure' from command line to 'False'
[0.753s] Level 5:colcon.colcon_core.verb:set package 'multi_robot_challenge_23' build argument 'ament_cmake_args' from command line to 'None'
[0.753s] Level 5:colcon.colcon_core.verb:set package 'multi_robot_challenge_23' build argument 'catkin_cmake_args' from command line to 'None'
[0.753s] Level 5:colcon.colcon_core.verb:set package 'multi_robot_challenge_23' build argument 'catkin_skip_building_tests' from command line to 'False'
[0.754s] DEBUG:colcon.colcon_core.verb:Building package 'multi_robot_challenge_23' with the following arguments: {'ament_cmake_args': None, 'build_base': '/home/rocotics/DAT160_semester_oppgave/build/multi_robot_challenge_23', 'catkin_cmake_args': None, 'catkin_skip_building_tests': False, 'cmake_args': None, 'cmake_clean_cache': False, 'cmake_clean_first': False, 'cmake_force_configure': False, 'cmake_target': None, 'cmake_target_skip_unavailable': False, 'install_base': '/home/rocotics/DAT160_semester_oppgave/install/multi_robot_challenge_23', 'merge_install': False, 'path': '/home/rocotics/DAT160_semester_oppgave/multi_robot_challenge_23/src', 'symlink_install': False, 'test_result_base': None}
[0.755s] INFO:colcon.colcon_core.executor:Executing jobs using 'parallel' executor
[0.763s] DEBUG:colcon.colcon_parallel_executor.executor.parallel:run_until_complete
[0.763s] INFO:colcon.colcon_ros.task.ament_python.build:Building ROS package in '/home/rocotics/DAT160_semester_oppgave/multi_robot_challenge_23/src' with build type 'ament_python'
[0.764s] Level 1:colcon.colcon_core.shell:create_environment_hook('multi_robot_challenge_23', 'ament_prefix_path')
[0.774s] INFO:colcon.colcon_core.plugin_system:Skipping extension 'colcon_core.shell.bat': Not used on non-Windows systems
[0.775s] INFO:colcon.colcon_core.shell:Creating environment hook '/home/rocotics/DAT160_semester_oppgave/install/multi_robot_challenge_23/share/multi_robot_challenge_23/hook/ament_prefix_path.ps1'
[0.776s] INFO:colcon.colcon_core.shell:Creating environment descriptor '/home/rocotics/DAT160_semester_oppgave/install/multi_robot_challenge_23/share/multi_robot_challenge_23/hook/ament_prefix_path.dsv'
[0.778s] INFO:colcon.colcon_core.shell:Creating environment hook '/home/rocotics/DAT160_semester_oppgave/install/multi_robot_challenge_23/share/multi_robot_challenge_23/hook/ament_prefix_path.sh'
[0.782s] INFO:colcon.colcon_core.shell:Skip shell extension 'powershell' for command environment: Not usable outside of PowerShell
[0.782s] DEBUG:colcon.colcon_core.shell:Skip shell extension 'dsv' for command environment
[1.294s] INFO:colcon.colcon_core.task.python.build:Building Python package in '/home/rocotics/DAT160_semester_oppgave/multi_robot_challenge_23/src'
[1.300s] INFO:colcon.colcon_core.shell:Skip shell extension 'powershell' for command environment: Not usable outside of PowerShell
[1.301s] DEBUG:colcon.colcon_core.shell:Skip shell extension 'dsv' for command environment
[2.114s] DEBUG:colcon.colcon_core.event_handler.log_command:Invoking command in '/home/rocotics/DAT160_semester_oppgave/build/multi_robot_challenge_23': PYTHONPATH=/home/rocotics/DAT160_semester_oppgave/build/multi_robot_challenge_23/prefix_override:/home/rocotics/DAT160_semester_oppgave/install/multi_robot_challenge_23/lib/python3.8/site-packages:${PYTHONPATH} /usr/bin/python3 setup.py develop --uninstall --editable --build-directory /home/rocotics/DAT160_semester_oppgave/build/multi_robot_challenge_23/build
[2.759s] DEBUG:colcon.colcon_core.event_handler.log_command:Invoked command in '/home/rocotics/DAT160_semester_oppgave/build/multi_robot_challenge_23' returned '0': PYTHONPATH=/home/rocotics/DAT160_semester_oppgave/build/multi_robot_challenge_23/prefix_override:/home/rocotics/DAT160_semester_oppgave/install/multi_robot_challenge_23/lib/python3.8/site-packages:${PYTHONPATH} /usr/bin/python3 setup.py develop --uninstall --editable --build-directory /home/rocotics/DAT160_semester_oppgave/build/multi_robot_challenge_23/build
[2.765s] DEBUG:colcon.colcon_core.event_handler.log_command:Invoking command in '/home/rocotics/DAT160_semester_oppgave/multi_robot_challenge_23/src': PYTHONPATH=/home/rocotics/DAT160_semester_oppgave/build/multi_robot_challenge_23/prefix_override:/home/rocotics/DAT160_semester_oppgave/install/multi_robot_challenge_23/lib/python3.8/site-packages:${PYTHONPATH} /usr/bin/python3 setup.py egg_info --egg-base ../../build/multi_robot_challenge_23 build --build-base /home/rocotics/DAT160_semester_oppgave/build/multi_robot_challenge_23/build install --record /home/rocotics/DAT160_semester_oppgave/build/multi_robot_challenge_23/install.log --install-scripts $base/lib/multi_robot_challenge_23 --single-version-externally-managed
[3.223s] DEBUG:colcon.colcon_core.event_handler.log_command:Invoked command in '/home/rocotics/DAT160_semester_oppgave/multi_robot_challenge_23/src' returned '0': PYTHONPATH=/home/rocotics/DAT160_semester_oppgave/build/multi_robot_challenge_23/prefix_override:/home/rocotics/DAT160_semester_oppgave/install/multi_robot_challenge_23/lib/python3.8/site-packages:${PYTHONPATH} /usr/bin/python3 setup.py egg_info --egg-base ../../build/multi_robot_challenge_23 build --build-base /home/rocotics/DAT160_semester_oppgave/build/multi_robot_challenge_23/build install --record /home/rocotics/DAT160_semester_oppgave/build/multi_robot_challenge_23/install.log --install-scripts $base/lib/multi_robot_challenge_23 --single-version-externally-managed
[3.242s] Level 1:colcon.colcon_core.environment:checking '/home/rocotics/DAT160_semester_oppgave/install/multi_robot_challenge_23' for CMake module files
[3.244s] Level 1:colcon.colcon_core.environment:checking '/home/rocotics/DAT160_semester_oppgave/install/multi_robot_challenge_23' for CMake config files
[3.246s] Level 1:colcon.colcon_core.environment:checking '/home/rocotics/DAT160_semester_oppgave/install/multi_robot_challenge_23/lib'
[3.247s] Level 1:colcon.colcon_core.environment:checking '/home/rocotics/DAT160_semester_oppgave/install/multi_robot_challenge_23/bin'
[3.247s] Level 1:colcon.colcon_core.environment:checking '/home/rocotics/DAT160_semester_oppgave/install/multi_robot_challenge_23/lib/pkgconfig/multi_robot_challenge_23.pc'
[3.248s] Level 1:colcon.colcon_core.environment:checking '/home/rocotics/DAT160_semester_oppgave/install/multi_robot_challenge_23/lib/python3.8/site-packages'
[3.248s] Level 1:colcon.colcon_core.shell:create_environment_hook('multi_robot_challenge_23', 'pythonpath')
[3.251s] INFO:colcon.colcon_core.shell:Creating environment hook '/home/rocotics/DAT160_semester_oppgave/install/multi_robot_challenge_23/share/multi_robot_challenge_23/hook/pythonpath.ps1'
[3.253s] INFO:colcon.colcon_core.shell:Creating environment descriptor '/home/rocotics/DAT160_semester_oppgave/install/multi_robot_challenge_23/share/multi_robot_challenge_23/hook/pythonpath.dsv'
[3.255s] INFO:colcon.colcon_core.shell:Creating environment hook '/home/rocotics/DAT160_semester_oppgave/install/multi_robot_challenge_23/share/multi_robot_challenge_23/hook/pythonpath.sh'
[3.257s] Level 1:colcon.colcon_core.environment:checking '/home/rocotics/DAT160_semester_oppgave/install/multi_robot_challenge_23/bin'
[3.257s] Level 1:colcon.colcon_core.environment:create_environment_scripts_only(multi_robot_challenge_23)
[3.261s] INFO:colcon.colcon_core.shell:Creating package script '/home/rocotics/DAT160_semester_oppgave/install/multi_robot_challenge_23/share/multi_robot_challenge_23/package.ps1'
[3.263s] INFO:colcon.colcon_core.shell:Creating package descriptor '/home/rocotics/DAT160_semester_oppgave/install/multi_robot_challenge_23/share/multi_robot_challenge_23/package.dsv'
[3.265s] INFO:colcon.colcon_core.shell:Creating package script '/home/rocotics/DAT160_semester_oppgave/install/multi_robot_challenge_23/share/multi_robot_challenge_23/package.sh'
[3.266s] INFO:colcon.colcon_core.shell:Creating package script '/home/rocotics/DAT160_semester_oppgave/install/multi_robot_challenge_23/share/multi_robot_challenge_23/package.bash'
[3.267s] INFO:colcon.colcon_core.shell:Creating package script '/home/rocotics/DAT160_semester_oppgave/install/multi_robot_challenge_23/share/multi_robot_challenge_23/package.zsh'
[3.269s] Level 1:colcon.colcon_core.environment:create_file_with_runtime_dependencies(/home/rocotics/DAT160_semester_oppgave/install/multi_robot_challenge_23/share/colcon-core/packages/multi_robot_challenge_23)
[3.269s] DEBUG:colcon.colcon_parallel_executor.executor.parallel:closing loop
[3.272s] DEBUG:colcon.colcon_parallel_executor.executor.parallel:loop closed
[3.272s] DEBUG:colcon.colcon_parallel_executor.executor.parallel:run_until_complete finished with '0'
[3.272s] DEBUG:colcon.colcon_core.event_reactor:joining thread
[3.292s] INFO:colcon.colcon_core.plugin_system:Skipping extension 'colcon_notification.desktop_notification.terminal_notifier': Not used on non-Darwin systems
[3.292s] INFO:colcon.colcon_core.plugin_system:Skipping extension 'colcon_notification.desktop_notification.win32': Not used on non-Windows systems
[3.292s] INFO:colcon.colcon_notification.desktop_notification:Sending desktop notification using 'notify2'
[3.338s] DEBUG:colcon.colcon_core.event_reactor:joined thread
[3.341s] INFO:colcon.colcon_core.shell:Creating prefix script '/home/rocotics/DAT160_semester_oppgave/install/local_setup.ps1'
[3.343s] INFO:colcon.colcon_core.shell:Creating prefix util module '/home/rocotics/DAT160_semester_oppgave/install/_local_setup_util_ps1.py'
[3.344s] INFO:colcon.colcon_core.shell:Creating prefix chain script '/home/rocotics/DAT160_semester_oppgave/install/setup.ps1'
[3.351s] INFO:colcon.colcon_core.shell:Creating prefix script '/home/rocotics/DAT160_semester_oppgave/install/local_setup.sh'
[3.352s] INFO:colcon.colcon_core.shell:Creating prefix util module '/home/rocotics/DAT160_semester_oppgave/install/_local_setup_util_sh.py'
[3.353s] INFO:colcon.colcon_core.shell:Creating prefix chain script '/home/rocotics/DAT160_semester_oppgave/install/setup.sh'
[3.358s] INFO:colcon.colcon_core.shell:Creating prefix script '/home/rocotics/DAT160_semester_oppgave/install/local_setup.bash'
[3.359s] INFO:colcon.colcon_core.shell:Creating prefix chain script '/home/rocotics/DAT160_semester_oppgave/install/setup.bash'
[3.363s] INFO:colcon.colcon_core.shell:Creating prefix script '/home/rocotics/DAT160_semester_oppgave/install/local_setup.zsh'
[3.367s] INFO:colcon.colcon_core.shell:Creating prefix chain script '/home/rocotics/DAT160_semester_oppgave/install/setup.zsh'
