[1.104s] Invoking command in '/home/rocotics/DAT160_semester_oppgave/build/multi_robot_challenge_23': PYTHONPATH=/home/rocotics/DAT160_semester_oppgave/build/multi_robot_challenge_23/prefix_override:/home/rocotics/DAT160_semester_oppgave/install/multi_robot_challenge_23/lib/python3.8/site-packages:${PYTHONPATH} /usr/bin/python3 setup.py develop --uninstall --editable --build-directory /home/rocotics/DAT160_semester_oppgave/build/multi_robot_challenge_23/build
[1.504s] running develop
[1.719s] Removing /home/rocotics/DAT160_semester_oppgave/install/multi_robot_challenge_23/lib/python3.8/site-packages/multi-robot-challenge-23.egg-link (link to .)
[1.749s] Invoked command in '/home/rocotics/DAT160_semester_oppgave/build/multi_robot_challenge_23' returned '0': PYTHONPATH=/home/rocotics/DAT160_semester_oppgave/build/multi_robot_challenge_23/prefix_override:/home/rocotics/DAT160_semester_oppgave/install/multi_robot_challenge_23/lib/python3.8/site-packages:${PYTHONPATH} /usr/bin/python3 setup.py develop --uninstall --editable --build-directory /home/rocotics/DAT160_semester_oppgave/build/multi_robot_challenge_23/build
[1.750s] Invoking command in '/home/rocotics/DAT160_semester_oppgave/multi_robot_challenge_23/src': PYTHONPATH=/home/rocotics/DAT160_semester_oppgave/build/multi_robot_challenge_23/prefix_override:/home/rocotics/DAT160_semester_oppgave/install/multi_robot_challenge_23/lib/python3.8/site-packages:${PYTHONPATH} /usr/bin/python3 setup.py egg_info --egg-base ../../build/multi_robot_challenge_23 build --build-base /home/rocotics/DAT160_semester_oppgave/build/multi_robot_challenge_23/build install --record /home/rocotics/DAT160_semester_oppgave/build/multi_robot_challenge_23/install.log --install-scripts $base/lib/multi_robot_challenge_23 --single-version-externally-managed
[2.103s] running egg_info
[2.104s] writing ../../build/multi_robot_challenge_23/multi_robot_challenge_23.egg-info/PKG-INFO
[2.104s] writing dependency_links to ../../build/multi_robot_challenge_23/multi_robot_challenge_23.egg-info/dependency_links.txt
[2.105s] writing entry points to ../../build/multi_robot_challenge_23/multi_robot_challenge_23.egg-info/entry_points.txt
[2.105s] writing requirements to ../../build/multi_robot_challenge_23/multi_robot_challenge_23.egg-info/requires.txt
[2.105s] writing top-level names to ../../build/multi_robot_challenge_23/multi_robot_challenge_23.egg-info/top_level.txt
[2.147s] reading manifest file '../../build/multi_robot_challenge_23/multi_robot_challenge_23.egg-info/SOURCES.txt'
[2.149s] writing manifest file '../../build/multi_robot_challenge_23/multi_robot_challenge_23.egg-info/SOURCES.txt'
[2.149s] running build
[2.149s] running build_py
[2.149s] copying multi_robot_challenge_23/wall_follower.py -> /home/rocotics/DAT160_semester_oppgave/build/multi_robot_challenge_23/build/lib/multi_robot_challenge_23
[2.150s] copying multi_robot_challenge_23/poi_gen.py -> /home/rocotics/DAT160_semester_oppgave/build/multi_robot_challenge_23/build/lib/multi_robot_challenge_23
[2.150s] copying multi_robot_challenge_23/bug2_controller.py -> /home/rocotics/DAT160_semester_oppgave/build/multi_robot_challenge_23/build/lib/multi_robot_challenge_23
[2.150s] running install
[2.151s] running install_lib
[2.153s] creating /home/rocotics/DAT160_semester_oppgave/install/multi_robot_challenge_23/lib/python3.8/site-packages/multi_robot_challenge_23
[2.153s] copying /home/rocotics/DAT160_semester_oppgave/build/multi_robot_challenge_23/build/lib/multi_robot_challenge_23/wall_follower.py -> /home/rocotics/DAT160_semester_oppgave/install/multi_robot_challenge_23/lib/python3.8/site-packages/multi_robot_challenge_23
[2.153s] copying /home/rocotics/DAT160_semester_oppgave/build/multi_robot_challenge_23/build/lib/multi_robot_challenge_23/go_to_point.py -> /home/rocotics/DAT160_semester_oppgave/install/multi_robot_challenge_23/lib/python3.8/site-packages/multi_robot_challenge_23
[2.153s] copying /home/rocotics/DAT160_semester_oppgave/build/multi_robot_challenge_23/build/lib/multi_robot_challenge_23/marker_recognition.py -> /home/rocotics/DAT160_semester_oppgave/install/multi_robot_challenge_23/lib/python3.8/site-packages/multi_robot_challenge_23
[2.154s] copying /home/rocotics/DAT160_semester_oppgave/build/multi_robot_challenge_23/build/lib/multi_robot_challenge_23/wp_dispatch.py -> /home/rocotics/DAT160_semester_oppgave/install/multi_robot_challenge_23/lib/python3.8/site-packages/multi_robot_challenge_23
[2.154s] copying /home/rocotics/DAT160_semester_oppgave/build/multi_robot_challenge_23/build/lib/multi_robot_challenge_23/poi_gen.py -> /home/rocotics/DAT160_semester_oppgave/install/multi_robot_challenge_23/lib/python3.8/site-packages/multi_robot_challenge_23
[2.154s] copying /home/rocotics/DAT160_semester_oppgave/build/multi_robot_challenge_23/build/lib/multi_robot_challenge_23/bug2_controller.py -> /home/rocotics/DAT160_semester_oppgave/install/multi_robot_challenge_23/lib/python3.8/site-packages/multi_robot_challenge_23
[2.154s] copying /home/rocotics/DAT160_semester_oppgave/build/multi_robot_challenge_23/build/lib/multi_robot_challenge_23/__init__.py -> /home/rocotics/DAT160_semester_oppgave/install/multi_robot_challenge_23/lib/python3.8/site-packages/multi_robot_challenge_23
[2.155s] byte-compiling /home/rocotics/DAT160_semester_oppgave/install/multi_robot_challenge_23/lib/python3.8/site-packages/multi_robot_challenge_23/wall_follower.py to wall_follower.cpython-38.pyc
[2.158s] byte-compiling /home/rocotics/DAT160_semester_oppgave/install/multi_robot_challenge_23/lib/python3.8/site-packages/multi_robot_challenge_23/go_to_point.py to go_to_point.cpython-38.pyc
[2.159s] byte-compiling /home/rocotics/DAT160_semester_oppgave/install/multi_robot_challenge_23/lib/python3.8/site-packages/multi_robot_challenge_23/marker_recognition.py to marker_recognition.cpython-38.pyc
[2.159s] byte-compiling /home/rocotics/DAT160_semester_oppgave/install/multi_robot_challenge_23/lib/python3.8/site-packages/multi_robot_challenge_23/wp_dispatch.py to wp_dispatch.cpython-38.pyc
[2.160s] byte-compiling /home/rocotics/DAT160_semester_oppgave/install/multi_robot_challenge_23/lib/python3.8/site-packages/multi_robot_challenge_23/poi_gen.py to poi_gen.cpython-38.pyc
[2.161s] byte-compiling /home/rocotics/DAT160_semester_oppgave/install/multi_robot_challenge_23/lib/python3.8/site-packages/multi_robot_challenge_23/bug2_controller.py to bug2_controller.cpython-38.pyc
[2.162s] byte-compiling /home/rocotics/DAT160_semester_oppgave/install/multi_robot_challenge_23/lib/python3.8/site-packages/multi_robot_challenge_23/__init__.py to __init__.cpython-38.pyc
[2.163s] running install_data
[2.163s] copying launch/rescue_robots_w1.launch.py -> /home/rocotics/DAT160_semester_oppgave/install/multi_robot_challenge_23/share/multi_robot_challenge_23/launch
[2.163s] copying launch/spawn_robot.launch.py -> /home/rocotics/DAT160_semester_oppgave/install/multi_robot_challenge_23/share/multi_robot_challenge_23/launch
[2.165s] running install_egg_info
[2.167s] Copying ../../build/multi_robot_challenge_23/multi_robot_challenge_23.egg-info to /home/rocotics/DAT160_semester_oppgave/install/multi_robot_challenge_23/lib/python3.8/site-packages/multi_robot_challenge_23-0.0.0-py3.8.egg-info
[2.169s] running install_scripts
[2.200s] Installing bug2_controller script to /home/rocotics/DAT160_semester_oppgave/install/multi_robot_challenge_23/lib/multi_robot_challenge_23
[2.200s] Installing go_to_point script to /home/rocotics/DAT160_semester_oppgave/install/multi_robot_challenge_23/lib/multi_robot_challenge_23
[2.200s] Installing leader script to /home/rocotics/DAT160_semester_oppgave/install/multi_robot_challenge_23/lib/multi_robot_challenge_23
[2.200s] Installing poi_gen script to /home/rocotics/DAT160_semester_oppgave/install/multi_robot_challenge_23/lib/multi_robot_challenge_23
[2.200s] Installing robot_handler script to /home/rocotics/DAT160_semester_oppgave/install/multi_robot_challenge_23/lib/multi_robot_challenge_23
[2.201s] Installing wall_follower script to /home/rocotics/DAT160_semester_oppgave/install/multi_robot_challenge_23/lib/multi_robot_challenge_23
[2.201s] writing list of installed files to '/home/rocotics/DAT160_semester_oppgave/build/multi_robot_challenge_23/install.log'
[2.227s] Invoked command in '/home/rocotics/DAT160_semester_oppgave/multi_robot_challenge_23/src' returned '0': PYTHONPATH=/home/rocotics/DAT160_semester_oppgave/build/multi_robot_challenge_23/prefix_override:/home/rocotics/DAT160_semester_oppgave/install/multi_robot_challenge_23/lib/python3.8/site-packages:${PYTHONPATH} /usr/bin/python3 setup.py egg_info --egg-base ../../build/multi_robot_challenge_23 build --build-base /home/rocotics/DAT160_semester_oppgave/build/multi_robot_challenge_23/build install --record /home/rocotics/DAT160_semester_oppgave/build/multi_robot_challenge_23/install.log --install-scripts $base/lib/multi_robot_challenge_23 --single-version-externally-managed
