[1.140s] Invoking command in '/home/rocotics/DAT160_semester_oppgave/build/multi_robot_challenge_23': PYTHONPATH=/home/rocotics/DAT160_semester_oppgave/build/multi_robot_challenge_23/prefix_override:/home/rocotics/DAT160_semester_oppgave/install/multi_robot_challenge_23/lib/python3.8/site-packages:${PYTHONPATH} /usr/bin/python3 setup.py develop --editable --build-directory /home/rocotics/DAT160_semester_oppgave/build/multi_robot_challenge_23/build --no-deps install_data
[1.516s] running develop
[1.728s] running egg_info
[1.728s] writing multi_robot_challenge_23.egg-info/PKG-INFO
[1.729s] writing dependency_links to multi_robot_challenge_23.egg-info/dependency_links.txt
[1.730s] writing entry points to multi_robot_challenge_23.egg-info/entry_points.txt
[1.730s] writing requirements to multi_robot_challenge_23.egg-info/requires.txt
[1.731s] writing top-level names to multi_robot_challenge_23.egg-info/top_level.txt
[1.771s] reading manifest file 'multi_robot_challenge_23.egg-info/SOURCES.txt'
[1.774s] writing manifest file 'multi_robot_challenge_23.egg-info/SOURCES.txt'
[1.824s] running build_ext
[1.825s] Creating /home/rocotics/DAT160_semester_oppgave/install/multi_robot_challenge_23/lib/python3.8/site-packages/multi-robot-challenge-23.egg-link (link to .)
[1.826s] Installing controller script to /home/rocotics/DAT160_semester_oppgave/install/multi_robot_challenge_23/lib/multi_robot_challenge_23
[1.826s] Installing leader script to /home/rocotics/DAT160_semester_oppgave/install/multi_robot_challenge_23/lib/multi_robot_challenge_23
[1.827s] Installing marker_recognition script to /home/rocotics/DAT160_semester_oppgave/install/multi_robot_challenge_23/lib/multi_robot_challenge_23
[1.827s] Installing robot_handler script to /home/rocotics/DAT160_semester_oppgave/install/multi_robot_challenge_23/lib/multi_robot_challenge_23
[1.828s] 
[1.828s] Installed /home/rocotics/DAT160_semester_oppgave/build/multi_robot_challenge_23
[1.828s] running install_data
[1.866s] Invoked command in '/home/rocotics/DAT160_semester_oppgave/build/multi_robot_challenge_23' returned '0': PYTHONPATH=/home/rocotics/DAT160_semester_oppgave/build/multi_robot_challenge_23/prefix_override:/home/rocotics/DAT160_semester_oppgave/install/multi_robot_challenge_23/lib/python3.8/site-packages:${PYTHONPATH} /usr/bin/python3 setup.py develop --editable --build-directory /home/rocotics/DAT160_semester_oppgave/build/multi_robot_challenge_23/build --no-deps install_data
