[0.974s] Invoking command in '/home/rocotics/DAT160_semester_oppgave/build/multi_robot_challenge_23': PYTHONPATH=/home/rocotics/DAT160_semester_oppgave/build/multi_robot_challenge_23/prefix_override:/home/rocotics/DAT160_semester_oppgave/install/multi_robot_challenge_23/lib/python3.8/site-packages:${PYTHONPATH} /usr/bin/python3 setup.py develop --editable --build-directory /home/rocotics/DAT160_semester_oppgave/build/multi_robot_challenge_23/build --no-deps install_data
[1.326s] running develop
[1.530s] running egg_info
[1.533s] writing multi_robot_challenge_23.egg-info/PKG-INFO
[1.533s] writing dependency_links to multi_robot_challenge_23.egg-info/dependency_links.txt
[1.533s] writing entry points to multi_robot_challenge_23.egg-info/entry_points.txt
[1.533s] writing requirements to multi_robot_challenge_23.egg-info/requires.txt
[1.534s] writing top-level names to multi_robot_challenge_23.egg-info/top_level.txt
[1.578s] reading manifest file 'multi_robot_challenge_23.egg-info/SOURCES.txt'
[1.580s] writing manifest file 'multi_robot_challenge_23.egg-info/SOURCES.txt'
[1.637s] running build_ext
[1.643s] Creating /home/rocotics/DAT160_semester_oppgave/install/multi_robot_challenge_23/lib/python3.8/site-packages/multi-robot-challenge-23.egg-link (link to .)
[1.644s] Installing controller script to /home/rocotics/DAT160_semester_oppgave/install/multi_robot_challenge_23/lib/multi_robot_challenge_23
[1.644s] Installing leader script to /home/rocotics/DAT160_semester_oppgave/install/multi_robot_challenge_23/lib/multi_robot_challenge_23
[1.645s] Installing marker_recognition script to /home/rocotics/DAT160_semester_oppgave/install/multi_robot_challenge_23/lib/multi_robot_challenge_23
[1.645s] Installing robot_handler script to /home/rocotics/DAT160_semester_oppgave/install/multi_robot_challenge_23/lib/multi_robot_challenge_23
[1.645s] 
[1.645s] Installed /home/rocotics/DAT160_semester_oppgave/build/multi_robot_challenge_23
[1.645s] running install_data
[1.687s] Invoked command in '/home/rocotics/DAT160_semester_oppgave/build/multi_robot_challenge_23' returned '0': PYTHONPATH=/home/rocotics/DAT160_semester_oppgave/build/multi_robot_challenge_23/prefix_override:/home/rocotics/DAT160_semester_oppgave/install/multi_robot_challenge_23/lib/python3.8/site-packages:${PYTHONPATH} /usr/bin/python3 setup.py develop --editable --build-directory /home/rocotics/DAT160_semester_oppgave/build/multi_robot_challenge_23/build --no-deps install_data
