[1.224s] Invoking command in '/home/rocotics/DAT160_semester_oppgave/build/multi_robot_challenge_23': PYTHONPATH=/home/rocotics/DAT160_semester_oppgave/build/multi_robot_challenge_23/prefix_override:/home/rocotics/DAT160_semester_oppgave/install/multi_robot_challenge_23/lib/python3.8/site-packages:${PYTHONPATH} /usr/bin/python3 setup.py develop --editable --build-directory /home/rocotics/DAT160_semester_oppgave/build/multi_robot_challenge_23/build --no-deps install_data
[1.687s] running develop
[1.893s] running egg_info
[1.893s] writing multi_robot_challenge_23.egg-info/PKG-INFO
[1.894s] writing dependency_links to multi_robot_challenge_23.egg-info/dependency_links.txt
[1.894s] writing entry points to multi_robot_challenge_23.egg-info/entry_points.txt
[1.895s] writing requirements to multi_robot_challenge_23.egg-info/requires.txt
[1.895s] writing top-level names to multi_robot_challenge_23.egg-info/top_level.txt
[1.935s] reading manifest file 'multi_robot_challenge_23.egg-info/SOURCES.txt'
[1.936s] writing manifest file 'multi_robot_challenge_23.egg-info/SOURCES.txt'
[1.992s] running build_ext
[1.992s] Creating /home/rocotics/DAT160_semester_oppgave/install/multi_robot_challenge_23/lib/python3.8/site-packages/multi-robot-challenge-23.egg-link (link to .)
[1.993s] Installing bug2_controller script to /home/rocotics/DAT160_semester_oppgave/install/multi_robot_challenge_23/lib/multi_robot_challenge_23
[1.994s] Installing go_to_point script to /home/rocotics/DAT160_semester_oppgave/install/multi_robot_challenge_23/lib/multi_robot_challenge_23
[1.994s] Installing leader script to /home/rocotics/DAT160_semester_oppgave/install/multi_robot_challenge_23/lib/multi_robot_challenge_23
[1.994s] Installing marker_recognition script to /home/rocotics/DAT160_semester_oppgave/install/multi_robot_challenge_23/lib/multi_robot_challenge_23
[1.994s] Installing poi_gen script to /home/rocotics/DAT160_semester_oppgave/install/multi_robot_challenge_23/lib/multi_robot_challenge_23
[1.995s] Installing robot_handler script to /home/rocotics/DAT160_semester_oppgave/install/multi_robot_challenge_23/lib/multi_robot_challenge_23
[1.995s] Installing wall_follower script to /home/rocotics/DAT160_semester_oppgave/install/multi_robot_challenge_23/lib/multi_robot_challenge_23
[1.995s] 
[1.995s] Installed /home/rocotics/DAT160_semester_oppgave/build/multi_robot_challenge_23
[1.996s] running install_data
[1.996s] copying launch/rescue_robots_w1.launch.py -> /home/rocotics/DAT160_semester_oppgave/install/multi_robot_challenge_23/share/multi_robot_challenge_23/launch
[2.038s] Invoked command in '/home/rocotics/DAT160_semester_oppgave/build/multi_robot_challenge_23' returned '0': PYTHONPATH=/home/rocotics/DAT160_semester_oppgave/build/multi_robot_challenge_23/prefix_override:/home/rocotics/DAT160_semester_oppgave/install/multi_robot_challenge_23/lib/python3.8/site-packages:${PYTHONPATH} /usr/bin/python3 setup.py develop --editable --build-directory /home/rocotics/DAT160_semester_oppgave/build/multi_robot_challenge_23/build --no-deps install_data
