[1.090s] Invoking command in '/home/rocotics/DAT160_semester_oppgave/build/multi_robot_challenge_23': PYTHONPATH=/home/rocotics/DAT160_semester_oppgave/build/multi_robot_challenge_23/prefix_override:/home/rocotics/DAT160_semester_oppgave/install/multi_robot_challenge_23/lib/python3.8/site-packages:${PYTHONPATH} /usr/bin/python3 setup.py develop --editable --build-directory /home/rocotics/DAT160_semester_oppgave/build/multi_robot_challenge_23/build --no-deps install_data
[1.497s] running develop
[1.741s] running egg_info
[1.741s] writing multi_robot_challenge_23.egg-info/PKG-INFO
[1.742s] writing dependency_links to multi_robot_challenge_23.egg-info/dependency_links.txt
[1.742s] writing entry points to multi_robot_challenge_23.egg-info/entry_points.txt
[1.743s] writing requirements to multi_robot_challenge_23.egg-info/requires.txt
[1.743s] writing top-level names to multi_robot_challenge_23.egg-info/top_level.txt
[1.780s] reading manifest file 'multi_robot_challenge_23.egg-info/SOURCES.txt'
[1.782s] writing manifest file 'multi_robot_challenge_23.egg-info/SOURCES.txt'
[1.835s] running build_ext
[1.835s] Creating /home/rocotics/DAT160_semester_oppgave/install/multi_robot_challenge_23/lib/python3.8/site-packages/multi-robot-challenge-23.egg-link (link to .)
[1.836s] Installing controller script to /home/rocotics/DAT160_semester_oppgave/install/multi_robot_challenge_23/lib/multi_robot_challenge_23
[1.837s] Installing leader script to /home/rocotics/DAT160_semester_oppgave/install/multi_robot_challenge_23/lib/multi_robot_challenge_23
[1.837s] Installing marker_recognition script to /home/rocotics/DAT160_semester_oppgave/install/multi_robot_challenge_23/lib/multi_robot_challenge_23
[1.837s] Installing robot_handler script to /home/rocotics/DAT160_semester_oppgave/install/multi_robot_challenge_23/lib/multi_robot_challenge_23
[1.837s] 
[1.837s] Installed /home/rocotics/DAT160_semester_oppgave/build/multi_robot_challenge_23
[1.838s] running install_data
[1.867s] Invoked command in '/home/rocotics/DAT160_semester_oppgave/build/multi_robot_challenge_23' returned '0': PYTHONPATH=/home/rocotics/DAT160_semester_oppgave/build/multi_robot_challenge_23/prefix_override:/home/rocotics/DAT160_semester_oppgave/install/multi_robot_challenge_23/lib/python3.8/site-packages:${PYTHONPATH} /usr/bin/python3 setup.py develop --editable --build-directory /home/rocotics/DAT160_semester_oppgave/build/multi_robot_challenge_23/build --no-deps install_data
