[0.081s] Invoking command in '/home/rocotics/DAT160_semester_oppgave/build/bug2_interface': CMAKE_PREFIX_PATH=${CMAKE_PREFIX_PATH}:/home/rocotics/DAT160_semester_oppgave/install/multi_robot_challenge_23:/home/rocotics/ros2_ws/install/ros2_aruco:/home/rocotics/ros2_ws/install/robot_vision:/home/rocotics/ros2_ws/install/robot_ml:/home/rocotics/ros2_ws/install/my_robot_pkg:/home/rocotics/ros2_ws/install/my_package:/home/rocotics/ros2_ws/install/bug2_navigation:/home/rocotics/ros2_ws/install/braitenberg_vehicle:/opt/ros/foxy /usr/bin/cmake /home/rocotics/DAT160_semester_oppgave/bug2_interface -DAMENT_CMAKE_SYMLINK_INSTALL=1 -DCMAKE_INSTALL_PREFIX=/home/rocotics/DAT160_semester_oppgave/install/bug2_interface
[0.464s] -- Found rosidl_default_generators: 1.0.1 (/opt/ros/foxy/share/rosidl_default_generators/cmake)
[0.465s] -- Found ament_cmake_core: 0.9.12 (/opt/ros/foxy/share/ament_cmake_core/cmake)
[0.465s] -- Found PythonInterp: /usr/bin/python3 (found suitable version "3.8.10", minimum required is "3") 
[0.465s] -- Using PYTHON_EXECUTABLE: /usr/bin/python3
[0.465s] -- Override CMake install command with custom implementation using symlinks instead of copying resources
[0.466s] -- Using all available rosidl_typesupport_c: rosidl_typesupport_fastrtps_c;rosidl_typesupport_introspection_c
[0.466s] -- Found rosidl_adapter: 1.3.1 (/opt/ros/foxy/share/rosidl_adapter/cmake)
[0.609s] -- Using all available rosidl_typesupport_cpp: rosidl_typesupport_fastrtps_cpp;rosidl_typesupport_introspection_cpp
[0.636s] -- Found geometry_msgs: 2.0.5 (/opt/ros/foxy/share/geometry_msgs/cmake)
[0.697s] -- Found ament_lint_auto: 0.9.8 (/opt/ros/foxy/share/ament_lint_auto/cmake)
[0.872s] -- Found PythonInterp: /usr/bin/python3 (found version "3.8.10") 
[1.042s] -- Found ament_cmake_ros: 0.9.2 (/opt/ros/foxy/share/ament_cmake_ros/cmake)
[1.309s] -- Using all available rosidl_typesupport_c: rosidl_typesupport_fastrtps_c;rosidl_typesupport_introspection_c
[1.417s] -- Using all available rosidl_typesupport_cpp: rosidl_typesupport_fastrtps_cpp;rosidl_typesupport_introspection_cpp
[1.473s] -- Found PythonInterp: /usr/bin/python3 (found suitable version "3.8.10", minimum required is "3.5") 
[1.473s] -- Found python_cmake_module: 0.8.1 (/opt/ros/foxy/share/python_cmake_module/cmake)
[1.519s] -- Using PYTHON_EXECUTABLE: /usr/bin/python3
[1.519s] -- Using PYTHON_INCLUDE_DIRS: /usr/include/python3.8
[1.519s] -- Using PYTHON_LIBRARIES: /usr/lib/x86_64-linux-gnu/libpython3.8.so
[1.603s] -- Added test 'copyright' to check source files copyright and LICENSE
[1.606s] -- Added test 'lint_cmake' to check CMake code style
[1.606s] -- Added test 'xmllint' to check XML markup files
[1.615s] -- Configuring done
[1.711s] -- Generating done
[1.723s] -- Build files have been written to: /home/rocotics/DAT160_semester_oppgave/build/bug2_interface
[1.745s] Invoked command in '/home/rocotics/DAT160_semester_oppgave/build/bug2_interface' returned '0': CMAKE_PREFIX_PATH=${CMAKE_PREFIX_PATH}:/home/rocotics/DAT160_semester_oppgave/install/multi_robot_challenge_23:/home/rocotics/ros2_ws/install/ros2_aruco:/home/rocotics/ros2_ws/install/robot_vision:/home/rocotics/ros2_ws/install/robot_ml:/home/rocotics/ros2_ws/install/my_robot_pkg:/home/rocotics/ros2_ws/install/my_package:/home/rocotics/ros2_ws/install/bug2_navigation:/home/rocotics/ros2_ws/install/braitenberg_vehicle:/opt/ros/foxy /usr/bin/cmake /home/rocotics/DAT160_semester_oppgave/bug2_interface -DAMENT_CMAKE_SYMLINK_INSTALL=1 -DCMAKE_INSTALL_PREFIX=/home/rocotics/DAT160_semester_oppgave/install/bug2_interface
[1.749s] Invoking command in '/home/rocotics/DAT160_semester_oppgave/build/bug2_interface': CMAKE_PREFIX_PATH=${CMAKE_PREFIX_PATH}:/home/rocotics/DAT160_semester_oppgave/install/multi_robot_challenge_23:/home/rocotics/ros2_ws/install/ros2_aruco:/home/rocotics/ros2_ws/install/robot_vision:/home/rocotics/ros2_ws/install/robot_ml:/home/rocotics/ros2_ws/install/my_robot_pkg:/home/rocotics/ros2_ws/install/my_package:/home/rocotics/ros2_ws/install/bug2_navigation:/home/rocotics/ros2_ws/install/braitenberg_vehicle:/opt/ros/foxy /usr/bin/cmake --build /home/rocotics/DAT160_semester_oppgave/build/bug2_interface -- -j4 -l4
[1.892s] [  9%] Built target bug2_interface__rosidl_generator_c
[1.900s] [ 12%] Built target bug2_interface__cpp
[1.981s] [ 22%] Built target bug2_interface__rosidl_typesupport_introspection_c
[2.006s] [ 32%] Built target bug2_interface__rosidl_typesupport_c
[2.011s] [ 41%] Built target bug2_interface__rosidl_typesupport_fastrtps_cpp
[2.016s] [ 51%] Built target bug2_interface__rosidl_typesupport_introspection_cpp
[2.055s] [ 61%] Built target bug2_interface__rosidl_typesupport_cpp
[2.080s] [ 70%] Built target bug2_interface__rosidl_typesupport_fastrtps_c
[2.117s] [ 70%] Built target bug2_interface
[2.155s] [ 74%] Built target bug2_interface__py
[2.203s] [ 80%] Built target bug2_interface__python
[2.265s] [ 87%] Built target bug2_interface__rosidl_typesupport_fastrtps_c__pyext
[2.269s] [ 93%] Built target bug2_interface__rosidl_typesupport_introspection_c__pyext
[2.269s] [100%] Built target bug2_interface__rosidl_typesupport_c__pyext
[2.298s] Invoked command in '/home/rocotics/DAT160_semester_oppgave/build/bug2_interface' returned '0': CMAKE_PREFIX_PATH=${CMAKE_PREFIX_PATH}:/home/rocotics/DAT160_semester_oppgave/install/multi_robot_challenge_23:/home/rocotics/ros2_ws/install/ros2_aruco:/home/rocotics/ros2_ws/install/robot_vision:/home/rocotics/ros2_ws/install/robot_ml:/home/rocotics/ros2_ws/install/my_robot_pkg:/home/rocotics/ros2_ws/install/my_package:/home/rocotics/ros2_ws/install/bug2_navigation:/home/rocotics/ros2_ws/install/braitenberg_vehicle:/opt/ros/foxy /usr/bin/cmake --build /home/rocotics/DAT160_semester_oppgave/build/bug2_interface -- -j4 -l4
[2.457s] Invoking command in '/home/rocotics/DAT160_semester_oppgave/build/bug2_interface': CMAKE_PREFIX_PATH=${CMAKE_PREFIX_PATH}:/home/rocotics/DAT160_semester_oppgave/install/multi_robot_challenge_23:/home/rocotics/ros2_ws/install/ros2_aruco:/home/rocotics/ros2_ws/install/robot_vision:/home/rocotics/ros2_ws/install/robot_ml:/home/rocotics/ros2_ws/install/my_robot_pkg:/home/rocotics/ros2_ws/install/my_package:/home/rocotics/ros2_ws/install/bug2_navigation:/home/rocotics/ros2_ws/install/braitenberg_vehicle:/opt/ros/foxy /usr/bin/cmake --install /home/rocotics/DAT160_semester_oppgave/build/bug2_interface
[2.481s] -- Install configuration: ""
[2.482s] -- Execute custom install script
[2.483s] -- Up-to-date symlink: /home/rocotics/DAT160_semester_oppgave/install/bug2_interface/share/ament_index/resource_index/rosidl_interfaces/bug2_interface
[2.484s] -- Up-to-date symlink: /home/rocotics/DAT160_semester_oppgave/install/bug2_interface/include/bug2_interface/msg/rosidl_generator_c__visibility_control.h
[2.485s] -- Up-to-date symlink: /home/rocotics/DAT160_semester_oppgave/install/bug2_interface/include/bug2_interface/srv/detail/go_to_point__functions.h
[2.485s] -- Up-to-date symlink: /home/rocotics/DAT160_semester_oppgave/install/bug2_interface/include/bug2_interface/srv/detail/go_to_point__struct.h
[2.485s] -- Up-to-date symlink: /home/rocotics/DAT160_semester_oppgave/install/bug2_interface/include/bug2_interface/srv/detail/go_to_point__type_support.h
[2.486s] -- Up-to-date symlink: /home/rocotics/DAT160_semester_oppgave/install/bug2_interface/include/bug2_interface/srv/go_to_point.h
[2.486s] -- Up-to-date symlink: /home/rocotics/DAT160_semester_oppgave/install/bug2_interface/share/bug2_interface/environment/library_path.sh
[2.488s] -- Up-to-date symlink: /home/rocotics/DAT160_semester_oppgave/install/bug2_interface/share/bug2_interface/environment/library_path.dsv
[2.488s] -- Up-to-date symlink: /home/rocotics/DAT160_semester_oppgave/install/bug2_interface/include/bug2_interface/msg/rosidl_typesupport_fastrtps_c__visibility_control.h
[2.488s] -- Up-to-date symlink: /home/rocotics/DAT160_semester_oppgave/install/bug2_interface/include/bug2_interface/srv/detail/go_to_point__rosidl_typesupport_fastrtps_c.h
[2.488s] -- Up-to-date symlink: /home/rocotics/DAT160_semester_oppgave/install/bug2_interface/lib/libbug2_interface__rosidl_typesupport_fastrtps_c.so
[2.491s] -- Up-to-date symlink: /home/rocotics/DAT160_semester_oppgave/install/bug2_interface/include/bug2_interface/msg/rosidl_typesupport_fastrtps_cpp__visibility_control.h
[2.492s] -- Up-to-date symlink: /home/rocotics/DAT160_semester_oppgave/install/bug2_interface/include/bug2_interface/srv/detail/go_to_point__rosidl_typesupport_fastrtps_cpp.hpp
[2.492s] -- Up-to-date symlink: /home/rocotics/DAT160_semester_oppgave/install/bug2_interface/lib/libbug2_interface__rosidl_typesupport_fastrtps_cpp.so
[2.492s] -- Up-to-date symlink: /home/rocotics/DAT160_semester_oppgave/install/bug2_interface/include/bug2_interface/msg/rosidl_typesupport_introspection_c__visibility_control.h
[2.492s] -- Up-to-date symlink: /home/rocotics/DAT160_semester_oppgave/install/bug2_interface/include/bug2_interface/srv/detail/go_to_point__rosidl_typesupport_introspection_c.h
[2.493s] -- Up-to-date symlink: /home/rocotics/DAT160_semester_oppgave/install/bug2_interface/include/bug2_interface/msg/rosidl_generator_cpp__visibility_control.hpp
[2.493s] -- Up-to-date symlink: /home/rocotics/DAT160_semester_oppgave/install/bug2_interface/include/bug2_interface/srv/detail/go_to_point__builder.hpp
[2.494s] -- Up-to-date symlink: /home/rocotics/DAT160_semester_oppgave/install/bug2_interface/include/bug2_interface/srv/detail/go_to_point__struct.hpp
[2.494s] -- Up-to-date symlink: /home/rocotics/DAT160_semester_oppgave/install/bug2_interface/include/bug2_interface/srv/detail/go_to_point__traits.hpp
[2.494s] -- Up-to-date symlink: /home/rocotics/DAT160_semester_oppgave/install/bug2_interface/include/bug2_interface/srv/detail/go_to_point__type_support.hpp
[2.495s] -- Up-to-date symlink: /home/rocotics/DAT160_semester_oppgave/install/bug2_interface/include/bug2_interface/srv/go_to_point.hpp
[2.496s] -- Up-to-date symlink: /home/rocotics/DAT160_semester_oppgave/install/bug2_interface/include/bug2_interface/srv/detail/go_to_point__rosidl_typesupport_introspection_cpp.hpp
[2.496s] -- Up-to-date symlink: /home/rocotics/DAT160_semester_oppgave/install/bug2_interface/share/bug2_interface/environment/pythonpath.sh
[2.497s] -- Up-to-date symlink: /home/rocotics/DAT160_semester_oppgave/install/bug2_interface/share/bug2_interface/environment/pythonpath.dsv
[2.497s] -- Up-to-date symlink: /home/rocotics/DAT160_semester_oppgave/install/bug2_interface/lib/python3.8/site-packages/bug2_interface/__init__.py
[2.498s] -- Up-to-date symlink: /home/rocotics/DAT160_semester_oppgave/install/bug2_interface/lib/python3.8/site-packages/bug2_interface/srv/__init__.py
[2.498s] -- Up-to-date symlink: /home/rocotics/DAT160_semester_oppgave/install/bug2_interface/lib/python3.8/site-packages/bug2_interface/srv/_go_to_point.py
[2.499s] -- Up-to-date symlink: /home/rocotics/DAT160_semester_oppgave/install/bug2_interface/lib/python3.8/site-packages/bug2_interface/bug2_interface_s__rosidl_typesupport_fastrtps_c.cpython-38-x86_64-linux-gnu.so
[2.500s] -- Up-to-date symlink: /home/rocotics/DAT160_semester_oppgave/install/bug2_interface/lib/python3.8/site-packages/bug2_interface/bug2_interface_s__rosidl_typesupport_introspection_c.cpython-38-x86_64-linux-gnu.so
[2.501s] -- Up-to-date symlink: /home/rocotics/DAT160_semester_oppgave/install/bug2_interface/lib/python3.8/site-packages/bug2_interface/bug2_interface_s__rosidl_typesupport_c.cpython-38-x86_64-linux-gnu.so
[2.505s] -- Up-to-date symlink: /home/rocotics/DAT160_semester_oppgave/install/bug2_interface/lib/libbug2_interface__python.so
[2.505s] -- Up-to-date symlink: /home/rocotics/DAT160_semester_oppgave/install/bug2_interface/share/bug2_interface/srv/GoToPoint.idl
[2.505s] -- Up-to-date symlink: /home/rocotics/DAT160_semester_oppgave/install/bug2_interface/share/bug2_interface/srv/GoToPoint.srv
[2.505s] -- Up-to-date symlink: /home/rocotics/DAT160_semester_oppgave/install/bug2_interface/share/bug2_interface/srv/GoToPoint_Request.msg
[2.505s] -- Up-to-date symlink: /home/rocotics/DAT160_semester_oppgave/install/bug2_interface/share/bug2_interface/srv/GoToPoint_Response.msg
[2.505s] -- Up-to-date symlink: /home/rocotics/DAT160_semester_oppgave/install/bug2_interface/share/ament_index/resource_index/package_run_dependencies/bug2_interface
[2.506s] -- Up-to-date symlink: /home/rocotics/DAT160_semester_oppgave/install/bug2_interface/share/ament_index/resource_index/parent_prefix_path/bug2_interface
[2.506s] -- Up-to-date symlink: /home/rocotics/DAT160_semester_oppgave/install/bug2_interface/share/bug2_interface/environment/ament_prefix_path.sh
[2.507s] -- Up-to-date symlink: /home/rocotics/DAT160_semester_oppgave/install/bug2_interface/share/bug2_interface/environment/ament_prefix_path.dsv
[2.507s] -- Up-to-date symlink: /home/rocotics/DAT160_semester_oppgave/install/bug2_interface/share/bug2_interface/environment/path.sh
[2.507s] -- Up-to-date symlink: /home/rocotics/DAT160_semester_oppgave/install/bug2_interface/share/bug2_interface/environment/path.dsv
[2.508s] -- Up-to-date symlink: /home/rocotics/DAT160_semester_oppgave/install/bug2_interface/share/bug2_interface/local_setup.bash
[2.508s] -- Up-to-date symlink: /home/rocotics/DAT160_semester_oppgave/install/bug2_interface/share/bug2_interface/local_setup.sh
[2.509s] -- Up-to-date symlink: /home/rocotics/DAT160_semester_oppgave/install/bug2_interface/share/bug2_interface/local_setup.zsh
[2.509s] -- Up-to-date symlink: /home/rocotics/DAT160_semester_oppgave/install/bug2_interface/share/bug2_interface/local_setup.dsv
[2.510s] -- Symlinking: /home/rocotics/DAT160_semester_oppgave/install/bug2_interface/share/bug2_interface/package.dsv
[2.528s] -- Up-to-date symlink: /home/rocotics/DAT160_semester_oppgave/install/bug2_interface/share/ament_index/resource_index/packages/bug2_interface
[2.529s] -- Up-to-date symlink: /home/rocotics/DAT160_semester_oppgave/install/bug2_interface/share/bug2_interface/cmake/rosidl_cmake-extras.cmake
[2.529s] -- Up-to-date symlink: /home/rocotics/DAT160_semester_oppgave/install/bug2_interface/share/bug2_interface/cmake/ament_cmake_export_dependencies-extras.cmake
[2.530s] -- Up-to-date symlink: /home/rocotics/DAT160_semester_oppgave/install/bug2_interface/share/bug2_interface/cmake/ament_cmake_export_libraries-extras.cmake
[2.530s] -- Up-to-date symlink: /home/rocotics/DAT160_semester_oppgave/install/bug2_interface/share/bug2_interface/cmake/ament_cmake_export_targets-extras.cmake
[2.530s] -- Up-to-date symlink: /home/rocotics/DAT160_semester_oppgave/install/bug2_interface/share/bug2_interface/cmake/ament_cmake_export_include_directories-extras.cmake
[2.536s] -- Up-to-date symlink: /home/rocotics/DAT160_semester_oppgave/install/bug2_interface/share/bug2_interface/cmake/rosidl_cmake_export_typesupport_libraries-extras.cmake
[2.536s] -- Up-to-date symlink: /home/rocotics/DAT160_semester_oppgave/install/bug2_interface/share/bug2_interface/cmake/rosidl_cmake_export_typesupport_targets-extras.cmake
[2.536s] -- Up-to-date symlink: /home/rocotics/DAT160_semester_oppgave/install/bug2_interface/share/bug2_interface/cmake/bug2_interfaceConfig.cmake
[2.536s] -- Up-to-date symlink: /home/rocotics/DAT160_semester_oppgave/install/bug2_interface/share/bug2_interface/cmake/bug2_interfaceConfig-version.cmake
[2.536s] -- Up-to-date symlink: /home/rocotics/DAT160_semester_oppgave/install/bug2_interface/share/bug2_interface/package.xml
[2.536s] -- Up-to-date: /home/rocotics/DAT160_semester_oppgave/install/bug2_interface/lib/libbug2_interface__rosidl_generator_c.so
[2.536s] -- Up-to-date: /home/rocotics/DAT160_semester_oppgave/install/bug2_interface/lib/libbug2_interface__rosidl_typesupport_introspection_c.so
[2.536s] -- Up-to-date: /home/rocotics/DAT160_semester_oppgave/install/bug2_interface/lib/libbug2_interface__rosidl_typesupport_c.so
[2.536s] -- Up-to-date: /home/rocotics/DAT160_semester_oppgave/install/bug2_interface/lib/libbug2_interface__rosidl_typesupport_introspection_cpp.so
[2.536s] -- Up-to-date: /home/rocotics/DAT160_semester_oppgave/install/bug2_interface/lib/libbug2_interface__rosidl_typesupport_cpp.so
[2.604s] Compiling '/home/rocotics/DAT160_semester_oppgave/install/bug2_interface/lib/python3.8/site-packages/bug2_interface/__init__.py'...
[2.611s] -- Up-to-date: /home/rocotics/DAT160_semester_oppgave/install/bug2_interface/share/bug2_interface/cmake/bug2_interface__rosidl_generator_cExport.cmake
[2.612s] -- Installing: /home/rocotics/DAT160_semester_oppgave/install/bug2_interface/share/bug2_interface/cmake/bug2_interface__rosidl_generator_cExport-noconfig.cmake
[2.616s] -- Up-to-date: /home/rocotics/DAT160_semester_oppgave/install/bug2_interface/share/bug2_interface/cmake/bug2_interface__rosidl_typesupport_introspection_cExport.cmake
[2.617s] -- Installing: /home/rocotics/DAT160_semester_oppgave/install/bug2_interface/share/bug2_interface/cmake/bug2_interface__rosidl_typesupport_introspection_cExport-noconfig.cmake
[2.617s] -- Up-to-date: /home/rocotics/DAT160_semester_oppgave/install/bug2_interface/share/bug2_interface/cmake/bug2_interface__rosidl_typesupport_cExport.cmake
[2.617s] -- Installing: /home/rocotics/DAT160_semester_oppgave/install/bug2_interface/share/bug2_interface/cmake/bug2_interface__rosidl_typesupport_cExport-noconfig.cmake
[2.617s] -- Up-to-date: /home/rocotics/DAT160_semester_oppgave/install/bug2_interface/share/bug2_interface/cmake/bug2_interface__rosidl_generator_cppExport.cmake
[2.617s] -- Up-to-date: /home/rocotics/DAT160_semester_oppgave/install/bug2_interface/share/bug2_interface/cmake/bug2_interface__rosidl_typesupport_introspection_cppExport.cmake
[2.617s] -- Installing: /home/rocotics/DAT160_semester_oppgave/install/bug2_interface/share/bug2_interface/cmake/bug2_interface__rosidl_typesupport_introspection_cppExport-noconfig.cmake
[2.617s] -- Up-to-date: /home/rocotics/DAT160_semester_oppgave/install/bug2_interface/share/bug2_interface/cmake/bug2_interface__rosidl_typesupport_cppExport.cmake
[2.617s] -- Installing: /home/rocotics/DAT160_semester_oppgave/install/bug2_interface/share/bug2_interface/cmake/bug2_interface__rosidl_typesupport_cppExport-noconfig.cmake
[2.627s] Invoked command in '/home/rocotics/DAT160_semester_oppgave/build/bug2_interface' returned '0': CMAKE_PREFIX_PATH=${CMAKE_PREFIX_PATH}:/home/rocotics/DAT160_semester_oppgave/install/multi_robot_challenge_23:/home/rocotics/ros2_ws/install/ros2_aruco:/home/rocotics/ros2_ws/install/robot_vision:/home/rocotics/ros2_ws/install/robot_ml:/home/rocotics/ros2_ws/install/my_robot_pkg:/home/rocotics/ros2_ws/install/my_package:/home/rocotics/ros2_ws/install/bug2_navigation:/home/rocotics/ros2_ws/install/braitenberg_vehicle:/opt/ros/foxy /usr/bin/cmake --install /home/rocotics/DAT160_semester_oppgave/build/bug2_interface
