[0.626s] Invoking command in '/home/rocotics/DAT160_semester_oppgave/build/multi_robot_challenge_23': PYTHONPATH=/home/rocotics/DAT160_semester_oppgave/build/multi_robot_challenge_23/prefix_override:/home/rocotics/DAT160_semester_oppgave/install/multi_robot_challenge_23/lib/python3.8/site-packages:${PYTHONPATH} /usr/bin/python3 setup.py develop --uninstall --editable --build-directory /home/rocotics/DAT160_semester_oppgave/build/multi_robot_challenge_23/build
[0.826s] running develop
[0.954s] Invoked command in '/home/rocotics/DAT160_semester_oppgave/build/multi_robot_challenge_23' returned '0': PYTHONPATH=/home/rocotics/DAT160_semester_oppgave/build/multi_robot_challenge_23/prefix_override:/home/rocotics/DAT160_semester_oppgave/install/multi_robot_challenge_23/lib/python3.8/site-packages:${PYTHONPATH} /usr/bin/python3 setup.py develop --uninstall --editable --build-directory /home/rocotics/DAT160_semester_oppgave/build/multi_robot_challenge_23/build
[0.955s] Invoking command in '/home/rocotics/DAT160_semester_oppgave/multi_robot_challenge_23/src': PYTHONPATH=/home/rocotics/DAT160_semester_oppgave/build/multi_robot_challenge_23/prefix_override:/home/rocotics/DAT160_semester_oppgave/install/multi_robot_challenge_23/lib/python3.8/site-packages:${PYTHONPATH} /usr/bin/python3 setup.py egg_info --egg-base ../../build/multi_robot_challenge_23 build --build-base /home/rocotics/DAT160_semester_oppgave/build/multi_robot_challenge_23/build install --record /home/rocotics/DAT160_semester_oppgave/build/multi_robot_challenge_23/install.log --install-scripts $base/lib/multi_robot_challenge_23 --single-version-externally-managed
[1.151s] running egg_info
[1.152s] writing ../../build/multi_robot_challenge_23/multi_robot_challenge_23.egg-info/PKG-INFO
[1.153s] writing dependency_links to ../../build/multi_robot_challenge_23/multi_robot_challenge_23.egg-info/dependency_links.txt
[1.153s] writing entry points to ../../build/multi_robot_challenge_23/multi_robot_challenge_23.egg-info/entry_points.txt
[1.154s] writing requirements to ../../build/multi_robot_challenge_23/multi_robot_challenge_23.egg-info/requires.txt
[1.155s] writing top-level names to ../../build/multi_robot_challenge_23/multi_robot_challenge_23.egg-info/top_level.txt
[1.178s] reading manifest file '../../build/multi_robot_challenge_23/multi_robot_challenge_23.egg-info/SOURCES.txt'
[1.179s] writing manifest file '../../build/multi_robot_challenge_23/multi_robot_challenge_23.egg-info/SOURCES.txt'
[1.180s] running build
[1.180s] running build_py
[1.180s] running install
[1.181s] running install_lib
[1.182s] byte-compiling /home/rocotics/DAT160_semester_oppgave/install/multi_robot_challenge_23/lib/python3.8/site-packages/multi_robot_challenge_23/controller.py to controller.cpython-38.pyc
[1.183s]   File "/home/rocotics/DAT160_semester_oppgave/install/multi_robot_challenge_23/lib/python3.8/site-packages/multi_robot_challenge_23/controller.py", line 62
[1.183s]     if self.front_min < detect_range
[1.183s]                                    ^
[1.184s] SyntaxError: invalid syntax
[1.184s] 
[1.184s] running install_data
[1.185s] running install_egg_info
[1.187s] removing '/home/rocotics/DAT160_semester_oppgave/install/multi_robot_challenge_23/lib/python3.8/site-packages/multi_robot_challenge_23-0.0.0-py3.8.egg-info' (and everything under it)
[1.188s] Copying ../../build/multi_robot_challenge_23/multi_robot_challenge_23.egg-info to /home/rocotics/DAT160_semester_oppgave/install/multi_robot_challenge_23/lib/python3.8/site-packages/multi_robot_challenge_23-0.0.0-py3.8.egg-info
[1.192s] running install_scripts
[1.204s] Installing controller script to /home/rocotics/DAT160_semester_oppgave/install/multi_robot_challenge_23/lib/multi_robot_challenge_23
[1.205s] Installing leader script to /home/rocotics/DAT160_semester_oppgave/install/multi_robot_challenge_23/lib/multi_robot_challenge_23
[1.205s] Installing marker_recognition script to /home/rocotics/DAT160_semester_oppgave/install/multi_robot_challenge_23/lib/multi_robot_challenge_23
[1.206s] Installing robot_handler script to /home/rocotics/DAT160_semester_oppgave/install/multi_robot_challenge_23/lib/multi_robot_challenge_23
[1.207s] writing list of installed files to '/home/rocotics/DAT160_semester_oppgave/build/multi_robot_challenge_23/install.log'
[1.238s] Invoked command in '/home/rocotics/DAT160_semester_oppgave/multi_robot_challenge_23/src' returned '0': PYTHONPATH=/home/rocotics/DAT160_semester_oppgave/build/multi_robot_challenge_23/prefix_override:/home/rocotics/DAT160_semester_oppgave/install/multi_robot_challenge_23/lib/python3.8/site-packages:${PYTHONPATH} /usr/bin/python3 setup.py egg_info --egg-base ../../build/multi_robot_challenge_23 build --build-base /home/rocotics/DAT160_semester_oppgave/build/multi_robot_challenge_23/build install --record /home/rocotics/DAT160_semester_oppgave/build/multi_robot_challenge_23/install.log --install-scripts $base/lib/multi_robot_challenge_23 --single-version-externally-managed
